
                           Design Compiler Graphical 
                                 DC Ultra (TM)
                                  DFTMAX (TM)
                              Power Compiler (TM)
                                 DesignWare (R)
                                 DC Expert (TM)
                               Design Vision (TM)
                               HDL Compiler (TM)
                               VHDL Compiler (TM)
                                  DFT Compiler
                               Design Compiler(R)

              Version Q-2019.12-SP5-5 for linux64 - Mar 21, 2021 

                    Copyright (c) 1988 - 2021 Synopsys, Inc.
   This software and the associated documentation are proprietary to Synopsys,
 Inc. This software may only be used in accordance with the terms and conditions
 of a written license agreement with Synopsys, Inc. All other use, reproduction,
            or distribution of this software is strictly prohibited.
Initializing...
# ---------------------------------------
# DESIGN PROFILE
# ---------------------------------------
set topmodule_name      AMDCHIPKILL_DECODER
AMDCHIPKILL_DECODER
set clk_port_name       clk
clk
set clk_freq            2400
2400
# ---------------------------------------
# Read Libraries
# ---------------------------------------
#set LIBLIST_PATH        $env(LIBLIST_PATH)
#source $LIBLIST_PATH
set link_library [list   /media/0/LogicLibraries/UMC/28nm/35hs/hsl/lvt/latest/liberty/logic_synth/um28nchllogl35hsl140f_ssgwc0p9v125c.db ]
/media/0/LogicLibraries/UMC/28nm/35hs/hsl/lvt/latest/liberty/logic_synth/um28nchllogl35hsl140f_ssgwc0p9v125c.db
set target_library [list /media/0/LogicLibraries/UMC/28nm/35hs/hsl/lvt/latest/liberty/logic_synth/um28nchllogl35hsl140f_ssgwc0p9v125c.db ]
/media/0/LogicLibraries/UMC/28nm/35hs/hsl/lvt/latest/liberty/logic_synth/um28nchllogl35hsl140f_ssgwc0p9v125c.db
# ---------------------------------------
# Read Source Codes
# ---------------------------------------
set RTL_PATH            $env(RTL_PATH)
/home/kkh/SSC_DSD/AMDCHIPKILL/Decoder/syn/..//rtl/
read_file $RTL_PATH -autoread -recursive -format sverilog -top $topmodule_name
== READ_FILE autoread for top design 'AMDCHIPKILL_DECODER' ==

Starting READ_FILE autoread mode...
Information: Adding '/home/kkh/SSC_DSD/AMDCHIPKILL/Decoder/rtl/'.  (AUTOREAD-100)
Warning: Adding missing directory to search_path - '/home/kkh/SSC_DSD/AMDCHIPKILL/Decoder/rtl/'. (AUTOREAD-105)
Information: Adding '/home/kkh/SSC_DSD/AMDCHIPKILL/Decoder/rtl/ERROR_LOCATION.sv'.  (AUTOREAD-100)
Information: Adding '/home/kkh/SSC_DSD/AMDCHIPKILL/Decoder/rtl/GFDIV.sv'.  (AUTOREAD-100)
Information: Adding '/home/kkh/SSC_DSD/AMDCHIPKILL/Decoder/rtl/ERROR_INFORMATION.sv'.  (AUTOREAD-100)
Information: Adding '/home/kkh/SSC_DSD/AMDCHIPKILL/Decoder/rtl/AMDCHIPKILL_DECODER.sv'.  (AUTOREAD-100)
Information: Adding '/home/kkh/SSC_DSD/AMDCHIPKILL/Decoder/rtl/GFMULT.sv'.  (AUTOREAD-100)
Information: Adding '/home/kkh/SSC_DSD/AMDCHIPKILL/Decoder/rtl/SYNDROME_GENERATOR.sv'.  (AUTOREAD-100)
Information: Adding '/home/kkh/SSC_DSD/AMDCHIPKILL/Decoder/rtl/GFEXP.sv'.  (AUTOREAD-100)
Information: Source filelist.f ignored by autoread due to filtering.  (AUTOREAD-102)
Information: Scanning file { ERROR_LOCATION.sv }. (AUTOREAD-303)
Information: Scanning file { GFDIV.sv }. (AUTOREAD-303)
Information: Scanning file { ERROR_INFORMATION.sv }. (AUTOREAD-303)
Information: Scanning file { AMDCHIPKILL_DECODER.sv }. (AUTOREAD-303)
Information: Scanning file { GFMULT.sv }. (AUTOREAD-303)
Information: Scanning file { SYNDROME_GENERATOR.sv }. (AUTOREAD-303)
Information: Scanning file { GFEXP.sv }. (AUTOREAD-303)
Compiling source file /home/kkh/SSC_DSD/AMDCHIPKILL/Decoder/rtl/GFMULT.sv
Presto compilation completed successfully.
Compiling source file /home/kkh/SSC_DSD/AMDCHIPKILL/Decoder/rtl/SYNDROME_GENERATOR.sv
Presto compilation completed successfully.
Compiling source file /home/kkh/SSC_DSD/AMDCHIPKILL/Decoder/rtl/GFEXP.sv
Presto compilation completed successfully.
Compiling source file /home/kkh/SSC_DSD/AMDCHIPKILL/Decoder/rtl/ERROR_LOCATION.sv
Presto compilation completed successfully.
Compiling source file /home/kkh/SSC_DSD/AMDCHIPKILL/Decoder/rtl/ERROR_INFORMATION.sv
Presto compilation completed successfully.
Compiling source file /home/kkh/SSC_DSD/AMDCHIPKILL/Decoder/rtl/AMDCHIPKILL_DECODER.sv
Presto compilation completed successfully.
Elaborating top design AMDCHIPKILL_DECODER
Loading db file '/media/0/LogicLibraries/UMC/28nm/35hs/hsl/lvt/latest/liberty/logic_synth/um28nchllogl35hsl140f_ssgwc0p9v125c.db'
Loading db file '/usr/synopsys/syn/Q-2019.12-SP5-5/libraries/syn/gtech.db'
Loading db file '/usr/synopsys/syn/Q-2019.12-SP5-5/libraries/syn/standard.sldb'
  Loading link library 'um28nchllogl35hsl140f_ssgwc0p9v125c'
  Loading link library 'gtech'
Running PRESTO HDLC

Statistics for case statements in always block at line 46 in file
	'/home/kkh/SSC_DSD/AMDCHIPKILL/Decoder/rtl/AMDCHIPKILL_DECODER.sv'
===============================================
|           Line           |  full/ parallel  |
===============================================
|            53            |    auto/auto     |
===============================================

Inferred memory devices in process
	in routine AMDCHIPKILL_DECODER line 46 in file
		'/home/kkh/SSC_DSD/AMDCHIPKILL/Decoder/rtl/AMDCHIPKILL_DECODER.sv'.
===========================================================================
|    Register Name    | Type  | Width | Bus | MB | AR | AS | SR | SS | ST |
===========================================================================
|      data_reg       | Latch |  64   |  Y  | N  | N  | N  | -  | -  | -  |
===========================================================================
Warning:  /home/kkh/SSC_DSD/AMDCHIPKILL/Decoder/rtl/AMDCHIPKILL_DECODER.sv:46: Netlist for always_comb block contains a latch. (ELAB-974)
Presto compilation completed successfully. (AMDCHIPKILL_DECODER)
Elaborated 1 design.
Current design is now 'AMDCHIPKILL_DECODER'.
Information: Building the design 'SYNDROME_GENERATOR'. (HDL-193)
Presto compilation completed successfully. (SYNDROME_GENERATOR)
Information: Building the design 'ERROR_INFORMATION'. (HDL-193)

Inferred memory devices in process
	in routine ERROR_INFORMATION line 49 in file
		'/home/kkh/SSC_DSD/AMDCHIPKILL/Decoder/rtl/ERROR_INFORMATION.sv'.
==============================================================================
|     Register Name      | Type  | Width | Bus | MB | AR | AS | SR | SS | ST |
==============================================================================
|   Decode_result_reg    | Latch |   2   |  Y  | N  | N  | N  | -  | -  | -  |
| Error_location_reg_reg | Latch |   4   |  Y  | N  | N  | N  | -  | -  | -  |
|    Error_value_reg     | Latch |   8   |  Y  | N  | N  | N  | -  | -  | -  |
==============================================================================
Warning:  /home/kkh/SSC_DSD/AMDCHIPKILL/Decoder/rtl/ERROR_INFORMATION.sv:49: Netlist for always_comb block contains a latch. (ELAB-974)
Presto compilation completed successfully. (ERROR_INFORMATION)
Information: Building the design 'GFMULT'. (HDL-193)
Presto compilation completed successfully. (GFMULT)
Information: Building the design 'GFEXP'. (HDL-193)

Statistics for case statements in always block at line 13 in file
	'/home/kkh/SSC_DSD/AMDCHIPKILL/Decoder/rtl/GFEXP.sv'
===============================================
|           Line           |  full/ parallel  |
===============================================
|            14            |     no/auto      |
===============================================

Inferred memory devices in process
	in routine GFEXP line 13 in file
		'/home/kkh/SSC_DSD/AMDCHIPKILL/Decoder/rtl/GFEXP.sv'.
===========================================================================
|    Register Name    | Type  | Width | Bus | MB | AR | AS | SR | SS | ST |
===========================================================================
|      binv_reg       | Latch |   8   |  Y  | N  | N  | N  | -  | -  | -  |
===========================================================================
Warning:  /home/kkh/SSC_DSD/AMDCHIPKILL/Decoder/rtl/GFEXP.sv:13: Netlist for always_comb block contains a latch. (ELAB-974)
Presto compilation completed successfully. (GFEXP)
Information: Building the design 'ERROR_LOCATION'. (HDL-193)
Presto compilation completed successfully. (ERROR_LOCATION)
Autoread command completed successfully.
# ---------------------------------------
# 1. Environments Setting
# ---------------------------------------
link

  Linking design 'AMDCHIPKILL_DECODER'
  Using the following designs and libraries:
  --------------------------------------------------------------------------
  um28nchllogl35hsl140f_ssgwc0p9v125c (library) /media/0/LogicLibraries/UMC/28nm/35hs/hsl/lvt/latest/liberty/logic_synth/um28nchllogl35hsl140f_ssgwc0p9v125c.db

1
uniquify
Information: Uniquified 9 instances of design 'GFMULT'. (OPT-1056)
Information: Uniquified 2 instances of design 'GFEXP'. (OPT-1056)
1
# ---------------------------------------
# 2. Constraints Setting
# ---------------------------------------
# Clock
# Reduce clock period to model wire delay (60% of original period)
set delay_percentage 0.6
0.6
set clk_period [expr 1000 / double($clk_freq)]
0.416666666667
set clk_period [expr $clk_period * $delay_percentage]
0.25
if {[sizeof_collection [get_ports $clk_port_name]] > 0} {
  # Create real clock if clock port is found
  set clk_name $clk_port_name
  create_clock -period $clk_period -name $clk_name [get_port {clk}]
  # If real clock, set infinite drive strength
  set_drive 0 $clk_name
} elseif {[sizeof_collection [get_ports $clk_port_name]] == 0} {
  # Create virtual clock if clock port is not found
  set clk_name vclk
  create_clock -period $clk_period -name $clk_name
}
Warning: Can't find port 'clk' in design 'AMDCHIPKILL_DECODER'. (UID-95)
Warning: Can't find port 'clk' in design 'AMDCHIPKILL_DECODER'. (UID-95)
Warning: Creating virtual clock named 'vclk' with no sources. (UID-348)
1
# Apply default timing constraints for modules
set_input_delay  [expr 2/3 * $clk_period] [all_inputs] -clock $clk_name
1
set_output_delay [expr 2/3 * $clk_period] [all_outputs] -clock $clk_name
1
# Transition time of a slope that drives the port,
# such that a higher transition value means longer delays
# This prevents the hold time violations that we don't have to care about
set_input_transition 0.1 [all_inputs]
1
# Area
# If max_area is set 0, DesignCompiler will minimize the design as small as possible
set_max_area 0 
1
# ---------------------------------------
# 3. Compilation
# ---------------------------------------
compile_ultra
Loading db file '/usr/synopsys/syn/Q-2019.12-SP5-5/libraries/syn/dw_foundation.sldb'
Warning: DesignWare synthetic library dw_foundation.sldb is added to the synthetic_library in the current command. (UISN-40)
Information: Performing power optimization. (PWR-850)
Analyzing: "/media/0/LogicLibraries/UMC/28nm/35hs/hsl/lvt/latest/liberty/logic_synth/um28nchllogl35hsl140f_ssgwc0p9v125c.db"
Library analysis succeeded.
Information: Evaluating DesignWare library utilization. (UISN-27)

============================================================================
| DesignWare Building Block Library  |         Version         | Available |
============================================================================
| Basic DW Building Blocks           | Q-2019.12-DWBB_201912.5 |     *     |
| Licensed DW Building Blocks        | Q-2019.12-DWBB_201912.5 |     *     |
============================================================================

Information: Sequential output inversion is enabled.  SVF file must be used for formal verification. (OPT-1208)

Information: There are 83 potential problems in your design. Please run 'check_design' for more information. (LINT-99)

  Simplifying Design 'AMDCHIPKILL_DECODER'

Loaded alib file './alib-52/um28nchllogl35hsl140f_ssgwc0p9v125c.db.alib'
  Building model 'DW01_NAND2'
Information: Ungrouping hierarchy syndrome_generator before Pass 1 (OPT-776)
Information: Ungrouping hierarchy syndrome_generator/gmult_00 before Pass 1 (OPT-776)
Information: Ungrouping hierarchy error_information/error_location before Pass 1 (OPT-776)
Information: Ungrouping hierarchy syndrome_generator/gmult_08 before Pass 1 (OPT-776)
Information: Ungrouping hierarchy syndrome_generator/gmult_07 before Pass 1 (OPT-776)
Information: Ungrouping hierarchy syndrome_generator/gmult_06 before Pass 1 (OPT-776)
Information: Ungrouping hierarchy syndrome_generator/gmult_05 before Pass 1 (OPT-776)
Information: Ungrouping hierarchy syndrome_generator/gmult_04 before Pass 1 (OPT-776)
Information: Ungrouping hierarchy syndrome_generator/gmult_03 before Pass 1 (OPT-776)
Information: Ungrouping hierarchy syndrome_generator/gmult_02 before Pass 1 (OPT-776)
Information: Ungrouping hierarchy syndrome_generator/gmult_01 before Pass 1 (OPT-776)
Information: Ungrouping 11 of 15 hierarchies before Pass 1 (OPT-775)
Information: State dependent leakage is now switched from on to off.

  Beginning Pass 1 Mapping
  ------------------------
  Processing 'GFEXP_0'
  Processing 'AMDCHIPKILL_DECODER'
  Processing 'ERROR_INFORMATION'
Information: Added key list 'DesignWare' to design 'ERROR_INFORMATION'. (DDB-72)
 Implement Synthetic for 'ERROR_INFORMATION'.

  Updating timing information
Information: Updating design information... (UID-85)
Information: The library cell 'STQ_TIE1_1' in the library 'um28nchllogl35hsl140f_ssgwc0p9v125c' is not characterized for internal power. (PWR-536)
Information: The library cell 'STQ_TIE0_1' in the library 'um28nchllogl35hsl140f_ssgwc0p9v125c' is not characterized for internal power. (PWR-536)
Information: The target library(s) contains cell(s), other than black boxes, that are not characterized for internal power. (PWR-24)

Threshold voltage group cell usage:
>> LVT35 100.00%

  Beginning Mapping Optimizations  (Ultra High effort)
  -------------------------------
Information: Ungrouping hierarchy error_information/gfexp_00 'GFEXP_1' #insts = 386. (OPT-777)
Information: Ungrouping hierarchy error_information/gfexp_01 'GFEXP_0' #insts = 386. (OPT-777)
  Mapping Optimization (Phase 1)
  Mapping Optimization (Phase 2)
  Mapping Optimization (Phase 3)

                                  TOTAL                                                
   ELAPSED            WORST NEG   SETUP    DESIGN                              LEAKAGE 
    TIME      AREA      SLACK     COST    RULE COST         ENDPOINT            POWER  
  --------- --------- --------- --------- --------- ------------------------- ---------
    0:00:21    1420.9      0.09       5.6       0.0                           156311.7500
    0:00:21    1420.9      0.09       5.6       0.0                           156311.7500

Threshold voltage group cell usage:
>> LVT35 100.00%

  Beginning Constant Register Removal
  -----------------------------------
    0:00:21    1420.9      0.09       5.6       0.0                           156311.7500
    0:00:21    1420.9      0.09       5.6       0.0                           156311.7500

Threshold voltage group cell usage:
>> LVT35 100.00%

  Beginning Global Optimizations
  ------------------------------
  Numerical Synthesis (Phase 1)
  Numerical Synthesis (Phase 2)
  Global Optimization (Phase 1)
  Global Optimization (Phase 2)
  Global Optimization (Phase 3)
  Global Optimization (Phase 4)
  Global Optimization (Phase 5)
  Global Optimization (Phase 6)
  Global Optimization (Phase 7)
  Global Optimization (Phase 8)
  Global Optimization (Phase 9)
  Global Optimization (Phase 10)
  Global Optimization (Phase 11)
  Global Optimization (Phase 12)
  Global Optimization (Phase 13)
  Global Optimization (Phase 14)
  Global Optimization (Phase 15)
  Global Optimization (Phase 16)
  Global Optimization (Phase 17)
  Global Optimization (Phase 18)
  Global Optimization (Phase 19)
  Global Optimization (Phase 20)
  Global Optimization (Phase 21)
  Global Optimization (Phase 22)
  Global Optimization (Phase 23)
  Global Optimization (Phase 24)
  Global Optimization (Phase 25)
  Global Optimization (Phase 26)
  Global Optimization (Phase 27)
  Global Optimization (Phase 28)
  Global Optimization (Phase 29)
  Global Optimization (Phase 30)
  Global Optimization (Phase 31)

Threshold voltage group cell usage:
>> LVT35 100.00%

  Beginning Isolate Ports
  -----------------------

Threshold voltage group cell usage:
>> LVT35 100.00%

  Beginning Delay Optimization
  ----------------------------
    0:00:22     969.7      0.15       9.6       0.0                           77989.0078
    0:00:25    1086.3      0.08       5.3       0.0                           92870.4844
    0:00:25    1086.3      0.08       5.3       0.0                           92870.4844
    0:00:25    1086.3      0.08       5.3       0.0                           92870.4844

Threshold voltage group cell usage:
>> LVT35 100.00%
    0:00:25    1086.3      0.08       5.3       0.0                           92870.4844
    0:00:25    1082.1      0.09       5.6       0.0                           92576.9531

  Beginning WLM Backend Optimization
  --------------------------------------
    0:00:25    1075.0      0.09       5.6       0.0                           91173.0234
    0:00:25    1085.8      0.08       5.3       0.0                           93015.2734
    0:00:25    1085.8      0.08       5.3       0.0                           93015.2734
    0:00:26    1096.2      0.08       5.3       0.0                           92592.9844
    0:00:26    1096.2      0.08       5.3       0.0                           92592.9844
    0:00:30    1156.2      0.07       4.7       0.0                           104449.9531
    0:00:31    1156.2      0.07       4.7       0.0                           104449.9531
    0:00:31    1155.7      0.07       4.7       0.0                           104307.0156
    0:00:31    1155.7      0.07       4.7       0.0                           104307.0156
    0:00:34    1162.6      0.07       4.6       0.0                           105610.5547
    0:00:34    1162.6      0.07       4.6       0.0                           105610.5547
    0:00:36    1181.7      0.07       4.3       0.0                           110152.7656
    0:00:36    1181.7      0.07       4.3       0.0                           110152.7656
    0:00:43    1187.3      0.07       4.2       0.0                           110726.6250
    0:00:43    1187.3      0.07       4.2       0.0                           110726.6250
    0:00:44    1188.1      0.07       4.2       0.0                           110898.9062
    0:00:44    1188.1      0.07       4.2       0.0                           110898.9062
    0:00:46    1188.1      0.07       4.2       0.0                           110898.9062
    0:00:46    1188.1      0.07       4.2       0.0                           110898.9062
    0:00:47    1188.1      0.07       4.2       0.0                           110898.9062
    0:00:47    1188.1      0.07       4.2       0.0                           110898.9062
    0:00:49    1188.1      0.07       4.2       0.0                           110898.9062


  Beginning Design Rule Fixing  (min_capacitance)
  ----------------------------

                                  TOTAL                                                
   ELAPSED            WORST NEG   SETUP    DESIGN                              LEAKAGE 
    TIME      AREA      SLACK     COST    RULE COST         ENDPOINT            POWER  
  --------- --------- --------- --------- --------- ------------------------- ---------
    0:00:49    1188.1      0.07       4.2       0.0                           110898.9062
  Global Optimization (Phase 32)
  Global Optimization (Phase 33)
  Global Optimization (Phase 34)
    0:00:50    1239.7      0.06       3.8       0.0                           122908.0234
    0:00:51    1244.9      0.06       3.8       0.0                           123974.0703

Threshold voltage group cell usage:
>> LVT35 100.00%


  Beginning Leakage Power Optimization  (max_leakage_power 0)
  ------------------------------------

                                  TOTAL                                                
   ELAPSED            WORST NEG   SETUP    DESIGN                              LEAKAGE 
    TIME      AREA      SLACK     COST    RULE COST         ENDPOINT            POWER  
  --------- --------- --------- --------- --------- ------------------------- ---------
    0:00:51    1244.9      0.06       3.8       0.0                           123974.0703
  Global Optimization (Phase 35)
  Global Optimization (Phase 36)
  Global Optimization (Phase 37)
  Global Optimization (Phase 38)
  Global Optimization (Phase 39)
  Global Optimization (Phase 40)
  Global Optimization (Phase 41)
  Global Optimization (Phase 42)
  Global Optimization (Phase 43)
  Global Optimization (Phase 44)
  Global Optimization (Phase 45)
  Global Optimization (Phase 46)
  Global Optimization (Phase 47)
  Global Optimization (Phase 48)
  Global Optimization (Phase 49)
    0:00:52    1221.0      0.06       3.8       0.0                           119869.6875
    0:01:04    1223.9      0.06       3.7       0.0                           120138.8672
    0:01:04    1223.9      0.06       3.7       0.0                           120138.8672
    0:01:05    1248.2      0.06       3.7       0.0                           126212.2266
    0:01:05    1248.2      0.06       3.7       0.0                           126212.2266
    0:01:06    1248.2      0.06       3.7       0.0                           126212.2266
    0:01:07    1248.2      0.06       3.7       0.0                           126212.2266
    0:01:07    1248.2      0.06       3.7       0.0                           126212.2266
    0:01:07    1248.2      0.06       3.7       0.0                           126212.2266
    0:01:08    1248.2      0.06       3.7       0.0                           126212.2266
    0:01:08    1248.2      0.06       3.7       0.0                           126212.2266
    0:01:11    1255.0      0.06       3.7       0.0                           127157.4219
    0:01:11    1255.0      0.06       3.7       0.0                           127157.4219
    0:01:14    1255.0      0.06       3.7       0.0                           127157.4219
    0:01:14    1255.0      0.06       3.7       0.0                           127157.4219
    0:01:14    1255.0      0.06       3.7       0.0                           127157.4219
    0:01:14    1255.0      0.06       3.7       0.0                           127157.4219
    0:01:17    1255.0      0.06       3.7       0.0                           127157.4219
    0:01:17    1255.0      0.06       3.7       0.0                           127157.4219
    0:01:18    1255.0      0.06       3.7       0.0                           127157.4219
    0:01:18    1255.0      0.06       3.7       0.0                           127157.4219
    0:01:20    1255.0      0.06       3.7       0.0                           127157.4219

                                  TOTAL                                                
   ELAPSED            WORST NEG   SETUP    DESIGN                              LEAKAGE 
    TIME      AREA      SLACK     COST    RULE COST         ENDPOINT            POWER  
  --------- --------- --------- --------- --------- ------------------------- ---------
    0:01:20    1255.0      0.06       3.7       0.0                           127157.4219
    0:01:21    1203.2      0.06       3.7       0.0                           114711.5938
    0:01:21    1203.6      0.06       3.7       0.0                           114768.8125
    0:01:21    1203.6      0.06       3.7       0.0                           114768.8125
    0:01:21    1247.1      0.06       3.7       0.0                           125644.1953
    0:01:21    1232.6      0.06       3.7       0.0                           122409.8125
    0:01:24    1240.0      0.06       3.7       0.0                           123556.4688
    0:01:24    1240.0      0.06       3.7       0.0                           123556.4688
    0:01:24    1240.0      0.06       3.7       0.0                           123556.4688
    0:01:25    1240.0      0.06       3.7       0.0                           123556.4688
    0:01:25    1240.0      0.06       3.7       0.0                           123556.4688
    0:01:25    1184.7      0.06       3.7       0.0                           109103.6484
Loading db file '/media/0/LogicLibraries/UMC/28nm/35hs/hsl/lvt/latest/liberty/logic_synth/um28nchllogl35hsl140f_ssgwc0p9v125c.db'


Note: Symbol # after min delay cost means estimated hold TNS across all active scenarios 


  Optimization Complete
  ---------------------
Information: State dependent leakage is now switched from off to on.
Information: Propagating switching activity (low effort zero delay simulation). (PWR-6)
1
# ---------------------------------------
# 4. Design Reports
# ---------------------------------------
check_design  > $topmodule_name.check_design.rpt
report_constraint -all_violators -verbose -sig 10 > $topmodule_name.all_viol.rpt
report_design > $topmodule_name.design.rpt
report_area -physical -hierarchy > $topmodule_name.area.rpt
report_cell > $topmodule_name.cell.rpt
report_qor > $topmodule_name.qor.rpt
report_reference > $topmodule_name.reference.rpt
report_resources > $topmodule_name.resources.rpt
report_hierarchy -full > $topmodule_name.hierarchy.rpt
report_timing -nworst 10 -max_paths 10 > $topmodule_name.timing.rpt
report_power -analysis_effort high > $topmodule_name.power.rpt
report_threshold_voltage_group > $topmodule_name.vth.rpt
# Dump out the constraints in an SDC file
write_sdc $topmodule_name.constraints.sdc
1
# Dump out the synthesized database and gate-level-netlist
write -hierarchy -format ddc -output      $topmodule_name.ddc
Writing ddc file 'AMDCHIPKILL_DECODER.ddc'.
1
write -hierarchy -format verilog -output  $topmodule_name.netlist.v
Writing verilog file '/home/kkh/SSC_DSD/AMDCHIPKILL/Decoder/syn/output/AMDCHIPKILL_DECODER.netlist.v'.
1
exit

Memory usage for this session 646 Mbytes.
Memory usage for this session including child processes 646 Mbytes.
CPU usage for this session 175 seconds ( 0.05 hours ).
Elapsed time for this session 178 seconds ( 0.05 hours ).

Thank you...
