Information: Updating design information... (UID-85)
 
****************************************
Report : constraint
        -all_violators
        -verbose
Design : SEC_DAEC_TAEC_decoder
Version: Q-2019.12-SP5-5
Date   : Mon Sep 11 18:06:15 2023
****************************************


    Net: message[0]

    Capacitance        0.0000000000
  - min_capacitance    0.0000775500
  ------------------------------
    Slack              -0.0000775500  (VIOLATED)


    Net: message[1]

    Capacitance        0.0000000000
  - min_capacitance    0.0000775500
  ------------------------------
    Slack              -0.0000775500  (VIOLATED)


    Net: message[2]

    Capacitance        0.0000000000
  - min_capacitance    0.0000775500
  ------------------------------
    Slack              -0.0000775500  (VIOLATED)


    Net: message[3]

    Capacitance        0.0000000000
  - min_capacitance    0.0000775500
  ------------------------------
    Slack              -0.0000775500  (VIOLATED)


    Net: message[4]

    Capacitance        0.0000000000
  - min_capacitance    0.0000775500
  ------------------------------
    Slack              -0.0000775500  (VIOLATED)


    Net: message[5]

    Capacitance        0.0000000000
  - min_capacitance    0.0000775500
  ------------------------------
    Slack              -0.0000775500  (VIOLATED)


    Net: message[6]

    Capacitance        0.0000000000
  - min_capacitance    0.0000775500
  ------------------------------
    Slack              -0.0000775500  (VIOLATED)


    Net: message[7]

    Capacitance        0.0000000000
  - min_capacitance    0.0000775500
  ------------------------------
    Slack              -0.0000775500  (VIOLATED)


    Net: message[8]

    Capacitance        0.0000000000
  - min_capacitance    0.0000775500
  ------------------------------
    Slack              -0.0000775500  (VIOLATED)


    Net: message[9]

    Capacitance        0.0000000000
  - min_capacitance    0.0000775500
  ------------------------------
    Slack              -0.0000775500  (VIOLATED)


    Net: message[10]

    Capacitance        0.0000000000
  - min_capacitance    0.0000775500
  ------------------------------
    Slack              -0.0000775500  (VIOLATED)


    Net: message[11]

    Capacitance        0.0000000000
  - min_capacitance    0.0000775500
  ------------------------------
    Slack              -0.0000775500  (VIOLATED)


    Net: message[12]

    Capacitance        0.0000000000
  - min_capacitance    0.0000775500
  ------------------------------
    Slack              -0.0000775500  (VIOLATED)


    Net: message[13]

    Capacitance        0.0000000000
  - min_capacitance    0.0000775500
  ------------------------------
    Slack              -0.0000775500  (VIOLATED)


    Net: message[14]

    Capacitance        0.0000000000
  - min_capacitance    0.0000775500
  ------------------------------
    Slack              -0.0000775500  (VIOLATED)


    Net: message[15]

    Capacitance        0.0000000000
  - min_capacitance    0.0000775500
  ------------------------------
    Slack              -0.0000775500  (VIOLATED)


    Net: message[16]

    Capacitance        0.0000000000
  - min_capacitance    0.0000775500
  ------------------------------
    Slack              -0.0000775500  (VIOLATED)


    Net: message[17]

    Capacitance        0.0000000000
  - min_capacitance    0.0000775500
  ------------------------------
    Slack              -0.0000775500  (VIOLATED)


    Net: message[18]

    Capacitance        0.0000000000
  - min_capacitance    0.0000775500
  ------------------------------
    Slack              -0.0000775500  (VIOLATED)


    Net: message[19]

    Capacitance        0.0000000000
  - min_capacitance    0.0000775500
  ------------------------------
    Slack              -0.0000775500  (VIOLATED)


    Net: message[20]

    Capacitance        0.0000000000
  - min_capacitance    0.0000775500
  ------------------------------
    Slack              -0.0000775500  (VIOLATED)


    Net: message[21]

    Capacitance        0.0000000000
  - min_capacitance    0.0000775500
  ------------------------------
    Slack              -0.0000775500  (VIOLATED)


    Net: message[22]

    Capacitance        0.0000000000
  - min_capacitance    0.0000775500
  ------------------------------
    Slack              -0.0000775500  (VIOLATED)


    Net: message[23]

    Capacitance        0.0000000000
  - min_capacitance    0.0000775500
  ------------------------------
    Slack              -0.0000775500  (VIOLATED)


    Net: message[24]

    Capacitance        0.0000000000
  - min_capacitance    0.0000775500
  ------------------------------
    Slack              -0.0000775500  (VIOLATED)


    Net: message[25]

    Capacitance        0.0000000000
  - min_capacitance    0.0000775500
  ------------------------------
    Slack              -0.0000775500  (VIOLATED)


    Net: message[26]

    Capacitance        0.0000000000
  - min_capacitance    0.0000775500
  ------------------------------
    Slack              -0.0000775500  (VIOLATED)


    Net: message[27]

    Capacitance        0.0000000000
  - min_capacitance    0.0000775500
  ------------------------------
    Slack              -0.0000775500  (VIOLATED)


    Net: message[28]

    Capacitance        0.0000000000
  - min_capacitance    0.0000775500
  ------------------------------
    Slack              -0.0000775500  (VIOLATED)


    Net: message[29]

    Capacitance        0.0000000000
  - min_capacitance    0.0000775500
  ------------------------------
    Slack              -0.0000775500  (VIOLATED)


    Net: message[30]

    Capacitance        0.0000000000
  - min_capacitance    0.0000775500
  ------------------------------
    Slack              -0.0000775500  (VIOLATED)


    Net: message[31]

    Capacitance        0.0000000000
  - min_capacitance    0.0000775500
  ------------------------------
    Slack              -0.0000775500  (VIOLATED)


    Net: message[32]

    Capacitance        0.0000000000
  - min_capacitance    0.0000775500
  ------------------------------
    Slack              -0.0000775500  (VIOLATED)


    Net: message[33]

    Capacitance        0.0000000000
  - min_capacitance    0.0000775500
  ------------------------------
    Slack              -0.0000775500  (VIOLATED)


    Net: message[34]

    Capacitance        0.0000000000
  - min_capacitance    0.0000775500
  ------------------------------
    Slack              -0.0000775500  (VIOLATED)


    Net: message[35]

    Capacitance        0.0000000000
  - min_capacitance    0.0000775500
  ------------------------------
    Slack              -0.0000775500  (VIOLATED)


    Net: message[36]

    Capacitance        0.0000000000
  - min_capacitance    0.0000775500
  ------------------------------
    Slack              -0.0000775500  (VIOLATED)


    Net: message[37]

    Capacitance        0.0000000000
  - min_capacitance    0.0000775500
  ------------------------------
    Slack              -0.0000775500  (VIOLATED)


    Net: message[38]

    Capacitance        0.0000000000
  - min_capacitance    0.0000775500
  ------------------------------
    Slack              -0.0000775500  (VIOLATED)


    Net: message[39]

    Capacitance        0.0000000000
  - min_capacitance    0.0000775500
  ------------------------------
    Slack              -0.0000775500  (VIOLATED)


    Net: message[40]

    Capacitance        0.0000000000
  - min_capacitance    0.0000775500
  ------------------------------
    Slack              -0.0000775500  (VIOLATED)


    Net: message[41]

    Capacitance        0.0000000000
  - min_capacitance    0.0000775500
  ------------------------------
    Slack              -0.0000775500  (VIOLATED)


    Net: message[42]

    Capacitance        0.0000000000
  - min_capacitance    0.0000775500
  ------------------------------
    Slack              -0.0000775500  (VIOLATED)


    Net: message[43]

    Capacitance        0.0000000000
  - min_capacitance    0.0000775500
  ------------------------------
    Slack              -0.0000775500  (VIOLATED)


    Net: message[44]

    Capacitance        0.0000000000
  - min_capacitance    0.0000775500
  ------------------------------
    Slack              -0.0000775500  (VIOLATED)


    Net: message[45]

    Capacitance        0.0000000000
  - min_capacitance    0.0000775500
  ------------------------------
    Slack              -0.0000775500  (VIOLATED)


    Net: message[46]

    Capacitance        0.0000000000
  - min_capacitance    0.0000775500
  ------------------------------
    Slack              -0.0000775500  (VIOLATED)


    Net: message[47]

    Capacitance        0.0000000000
  - min_capacitance    0.0000775500
  ------------------------------
    Slack              -0.0000775500  (VIOLATED)


    Net: message[48]

    Capacitance        0.0000000000
  - min_capacitance    0.0000775500
  ------------------------------
    Slack              -0.0000775500  (VIOLATED)


    Net: message[49]

    Capacitance        0.0000000000
  - min_capacitance    0.0000775500
  ------------------------------
    Slack              -0.0000775500  (VIOLATED)


    Net: message[50]

    Capacitance        0.0000000000
  - min_capacitance    0.0000775500
  ------------------------------
    Slack              -0.0000775500  (VIOLATED)


    Net: message[51]

    Capacitance        0.0000000000
  - min_capacitance    0.0000775500
  ------------------------------
    Slack              -0.0000775500  (VIOLATED)


    Net: message[52]

    Capacitance        0.0000000000
  - min_capacitance    0.0000775500
  ------------------------------
    Slack              -0.0000775500  (VIOLATED)


    Net: message[53]

    Capacitance        0.0000000000
  - min_capacitance    0.0000775500
  ------------------------------
    Slack              -0.0000775500  (VIOLATED)


    Net: message[54]

    Capacitance        0.0000000000
  - min_capacitance    0.0000775500
  ------------------------------
    Slack              -0.0000775500  (VIOLATED)


    Net: message[55]

    Capacitance        0.0000000000
  - min_capacitance    0.0000775500
  ------------------------------
    Slack              -0.0000775500  (VIOLATED)


    Net: message[56]

    Capacitance        0.0000000000
  - min_capacitance    0.0000775500
  ------------------------------
    Slack              -0.0000775500  (VIOLATED)


    Net: message[57]

    Capacitance        0.0000000000
  - min_capacitance    0.0000775500
  ------------------------------
    Slack              -0.0000775500  (VIOLATED)


    Net: message[58]

    Capacitance        0.0000000000
  - min_capacitance    0.0000775500
  ------------------------------
    Slack              -0.0000775500  (VIOLATED)


    Net: message[59]

    Capacitance        0.0000000000
  - min_capacitance    0.0000775500
  ------------------------------
    Slack              -0.0000775500  (VIOLATED)


    Net: message[60]

    Capacitance        0.0000000000
  - min_capacitance    0.0000775500
  ------------------------------
    Slack              -0.0000775500  (VIOLATED)


    Net: message[61]

    Capacitance        0.0000000000
  - min_capacitance    0.0000775500
  ------------------------------
    Slack              -0.0000775500  (VIOLATED)


    Net: message[62]

    Capacitance        0.0000000000
  - min_capacitance    0.0000775500
  ------------------------------
    Slack              -0.0000775500  (VIOLATED)


    Net: message[63]

    Capacitance        0.0000000000
  - min_capacitance    0.0000775500
  ------------------------------
    Slack              -0.0000775500  (VIOLATED)


    Design: SEC_DAEC_TAEC_decoder

    max_area           0.0000000000
  - Current Area       975.7440185547
  ------------------------------
    Slack              -975.7440185547  (VIOLATED)


    Design: SEC_DAEC_TAEC_decoder

    max_leakage_power      0.0000000000
  - Current Leakage Power  21754.7343750000
  ----------------------------------
    Slack                  -21754.7343750000  (VIOLATED)


1
