#######################################################################################
# log primitive debug message of FSDB dumping                                         #
# This is for R&D to analyze when there are issues happening when FSDB dump           #
#######################################################################################
ANF: vcsd_get_serial_mode_status('/home/kkh/AIDC/sim/output/simv: undefined symbol: vcsd_get_serial_mode_status')
ANF: vcsd_enable_sva_success_callback('/home/kkh/AIDC/sim/output/simv: undefined symbol: vcsd_enable_sva_success_callback')
ANF: vcsd_disable_sva_success_callback('/home/kkh/AIDC/sim/output/simv: undefined symbol: vcsd_disable_sva_success_callback')
ANF: vcsd_get_power_scope_name('/home/kkh/AIDC/sim/output/simv: undefined symbol: vcsd_get_power_scope_name')
ANF: vcsd_begin_no_value_var_info('/home/kkh/AIDC/sim/output/simv: undefined symbol: vcsd_begin_no_value_var_info')
ANF: vcsd_end_no_value_var_info('/home/kkh/AIDC/sim/output/simv: undefined symbol: vcsd_end_no_value_var_info')
ANF: vcsd_remove_xprop_merge_mode_callback('/home/kkh/AIDC/sim/output/simv: undefined symbol: vcsd_remove_xprop_merge_mode_callback')
ANF: vhpi_get_cb_info('/home/kkh/AIDC/sim/output/simv: undefined symbol: vhpi_get_cb_info')
ANF: vhpi_free_handle('/home/kkh/AIDC/sim/output/simv: undefined symbol: vhpi_free_handle')
ANF: vhpi_fetch_vcsd_handle('/home/kkh/AIDC/sim/output/simv: undefined symbol: vhpi_fetch_vcsd_handle')
ANF: vhpi_fetch_vpi_handle('/home/kkh/AIDC/sim/output/simv: undefined symbol: vhpi_fetch_vpi_handle')
ANF: vhpi_has_verilog_parent('/home/kkh/AIDC/sim/output/simv: undefined symbol: vhpi_has_verilog_parent')
ANF: vhpi_is_verilog_scope('/home/kkh/AIDC/sim/output/simv: undefined symbol: vhpi_is_verilog_scope')
ANF: scsd_xprop_is_enabled('/home/kkh/AIDC/sim/output/simv: undefined symbol: scsd_xprop_is_enabled')
ANF: scsd_xprop_sig_is_promoted('/home/kkh/AIDC/sim/output/simv: undefined symbol: scsd_xprop_sig_is_promoted')
ANF: scsd_xprop_int_xvalue('/home/kkh/AIDC/sim/output/simv: undefined symbol: scsd_xprop_int_xvalue')
ANF: scsd_xprop_bool_xvalue('/home/kkh/AIDC/sim/output/simv: undefined symbol: scsd_xprop_bool_xvalue')
ANF: scsd_xprop_enum_xvalue('/home/kkh/AIDC/sim/output/simv: undefined symbol: scsd_xprop_enum_xvalue')
ANF: scsd_xprop_register_merge_mode_cb('/home/kkh/AIDC/sim/output/simv: undefined symbol: scsd_xprop_register_merge_mode_cb')
ANF: scsd_xprop_delete_merge_mode_cb('/home/kkh/AIDC/sim/output/simv: undefined symbol: scsd_xprop_delete_merge_mode_cb')
ANF: scsd_xprop_get_merge_mode('/home/kkh/AIDC/sim/output/simv: undefined symbol: scsd_xprop_get_merge_mode')
ANF: scsd_thread_get_info('/home/kkh/AIDC/sim/output/simv: undefined symbol: scsd_thread_get_info')
ANF: scsd_thread_vc_init('/home/kkh/AIDC/sim/output/simv: undefined symbol: scsd_thread_vc_init')
ANF: scsd_master_set_delta_sync_cbk('/home/kkh/AIDC/sim/output/simv: undefined symbol: scsd_master_set_delta_sync_cbk')
ANF: scsd_fgp_get_fsdb_cores('/home/kkh/AIDC/sim/output/simv: undefined symbol: scsd_fgp_get_fsdb_cores')
ANF: vhdi_dt_get_type('/home/kkh/AIDC/sim/output/simv: undefined symbol: vhdi_dt_get_type')
ANF: vhdi_dt_get_key('/home/kkh/AIDC/sim/output/simv: undefined symbol: vhdi_dt_get_key')
ANF: vhdi_dt_get_vhdl_enum_info('/home/kkh/AIDC/sim/output/simv: undefined symbol: vhdi_dt_get_vhdl_enum_info')
ANF: vhdi_dt_get_vhdl_physical_info('/home/kkh/AIDC/sim/output/simv: undefined symbol: vhdi_dt_get_vhdl_physical_info')
ANF: vhdi_dt_get_vhdl_array_info('/home/kkh/AIDC/sim/output/simv: undefined symbol: vhdi_dt_get_vhdl_array_info')
ANF: vhdi_dt_get_vhdl_record_info('/home/kkh/AIDC/sim/output/simv: undefined symbol: vhdi_dt_get_vhdl_record_info')
ANF: vhdi_def_traverse_module('/home/kkh/AIDC/sim/output/simv: undefined symbol: vhdi_def_traverse_module')
ANF: vhdi_def_traverse_scope('/home/kkh/AIDC/sim/output/simv: undefined symbol: vhdi_def_traverse_scope')
ANF: vhdi_def_traverse_variable('/home/kkh/AIDC/sim/output/simv: undefined symbol: vhdi_def_traverse_variable')
ANF: vhdi_def_get_module_id_by_vhpi('/home/kkh/AIDC/sim/output/simv: undefined symbol: vhdi_def_get_module_id_by_vhpi')
ANF: vhdi_def_get_handle_by_module_id('/home/kkh/AIDC/sim/output/simv: undefined symbol: vhdi_def_get_handle_by_module_id')
ANF: vhdi_def_get_variable_info_by_vhpi('/home/kkh/AIDC/sim/output/simv: undefined symbol: vhdi_def_get_variable_info_by_vhpi')
ANF: vhdi_def_free('/home/kkh/AIDC/sim/output/simv: undefined symbol: vhdi_def_free')
ANF: vhdi_ist_traverse_scope('/home/kkh/AIDC/sim/output/simv: undefined symbol: vhdi_ist_traverse_scope')
ANF: vhdi_ist_traverse_variable('/home/kkh/AIDC/sim/output/simv: undefined symbol: vhdi_ist_traverse_variable')
ANF: vhdi_ist_convert_by_vhpi('/home/kkh/AIDC/sim/output/simv: undefined symbol: vhdi_ist_convert_by_vhpi')
ANF: vhdi_ist_clone('/home/kkh/AIDC/sim/output/simv: undefined symbol: vhdi_ist_clone')
ANF: vhdi_ist_free('/home/kkh/AIDC/sim/output/simv: undefined symbol: vhdi_ist_free')
ANF: vhdi_ist_hash_key('/home/kkh/AIDC/sim/output/simv: undefined symbol: vhdi_ist_hash_key')
ANF: vhdi_ist_compare('/home/kkh/AIDC/sim/output/simv: undefined symbol: vhdi_ist_compare')
ANF: vhdi_ist_get_value_addr('/home/kkh/AIDC/sim/output/simv: undefined symbol: vhdi_ist_get_value_addr')
ANF: vhdi_set_scsd_callback('/home/kkh/AIDC/sim/output/simv: undefined symbol: vhdi_set_scsd_callback')
ANF: vhdi_cbk_set_force_callback('/home/kkh/AIDC/sim/output/simv: undefined symbol: vhdi_cbk_set_force_callback')
ANF: vhdi_trigger_init_force('/home/kkh/AIDC/sim/output/simv: undefined symbol: vhdi_trigger_init_force')
ANF: vhdi_ist_check_scsd_callback('/home/kkh/AIDC/sim/output/simv: undefined symbol: vhdi_ist_check_scsd_callback')
ANF: vhdi_ist_add_scsd_callback('/home/kkh/AIDC/sim/output/simv: undefined symbol: vhdi_ist_add_scsd_callback')
ANF: vhdi_ist_remove_scsd_callback('/home/kkh/AIDC/sim/output/simv: undefined symbol: vhdi_ist_remove_scsd_callback')
ANF: vhdi_ist_get_scsd_user_data('/home/kkh/AIDC/sim/output/simv: undefined symbol: vhdi_ist_get_scsd_user_data')
ANF: vhdi_add_time_change_callback('/home/kkh/AIDC/sim/output/simv: undefined symbol: vhdi_add_time_change_callback')
ANF: vhdi_get_real_value_by_value_addr('/home/kkh/AIDC/sim/output/simv: undefined symbol: vhdi_get_real_value_by_value_addr')
ANF: vhdi_get_64_value_by_value_addr('/home/kkh/AIDC/sim/output/simv: undefined symbol: vhdi_get_64_value_by_value_addr')
ANF: vhdi_xprop_inst_is_promoted('/home/kkh/AIDC/sim/output/simv: undefined symbol: vhdi_xprop_inst_is_promoted')
ANF: vdi_ist_convert_by_vhdi('/home/kkh/AIDC/sim/output/simv: undefined symbol: vdi_ist_convert_by_vhdi')
ANF: vhdi_ist_get_module_id('/home/kkh/AIDC/sim/output/simv: undefined symbol: vhdi_ist_get_module_id')
ANF: vhdi_refine_foreign_scope_type('/home/kkh/AIDC/sim/output/simv: undefined symbol: vhdi_refine_foreign_scope_type')
ANF: vhdi_flush_callback('/home/kkh/AIDC/sim/output/simv: undefined symbol: vhdi_flush_callback')
ANF: vhdi_set_orig_name('/home/kkh/AIDC/sim/output/simv: undefined symbol: vhdi_set_orig_name')
ANF: vhdi_set_dump_pt('/home/kkh/AIDC/sim/output/simv: undefined symbol: vhdi_set_dump_pt')
ANF: vhdi_get_fsdb_option('/home/kkh/AIDC/sim/output/simv: undefined symbol: vhdi_get_fsdb_option')
ANF: vhdi_fgp_get_mode('/home/kkh/AIDC/sim/output/simv: undefined symbol: vhdi_fgp_get_mode')
ANF: vhdi_node_register_composite_var('/home/kkh/AIDC/sim/output/simv: undefined symbol: vhdi_node_register_composite_var')
ANF: vhdi_node_analysis('/home/kkh/AIDC/sim/output/simv: undefined symbol: vhdi_node_analysis')
ANF: vhdi_node_id('/home/kkh/AIDC/sim/output/simv: undefined symbol: vhdi_node_id')
ANF: vhdi_node_ist_check_scsd_callback('/home/kkh/AIDC/sim/output/simv: undefined symbol: vhdi_node_ist_check_scsd_callback')
ANF: vhdi_node_ist_add_scsd_callback('/home/kkh/AIDC/sim/output/simv: undefined symbol: vhdi_node_ist_add_scsd_callback')
ANF: vhdi_node_ist_get_value_addr('/home/kkh/AIDC/sim/output/simv: undefined symbol: vhdi_node_ist_get_value_addr')
ANF: vhdi_enc_def_traverse_module('/home/kkh/AIDC/sim/output/simv: undefined symbol: vhdi_enc_def_traverse_module')
ANF: vhdi_enc_def_traverse_scope('/home/kkh/AIDC/sim/output/simv: undefined symbol: vhdi_enc_def_traverse_scope')
ANF: vhdi_enc_def_traverse_variable('/home/kkh/AIDC/sim/output/simv: undefined symbol: vhdi_enc_def_traverse_variable')
ANF: vhdi_enc_ist_traverse_scope('/home/kkh/AIDC/sim/output/simv: undefined symbol: vhdi_enc_ist_traverse_scope')
ANF: vhdi_enc_ist_traverse_variable('/home/kkh/AIDC/sim/output/simv: undefined symbol: vhdi_enc_ist_traverse_variable')
ANF: vhdi_enc_ist_get_module_id('/home/kkh/AIDC/sim/output/simv: undefined symbol: vhdi_enc_ist_get_module_id')
ANF: vhdi_enc_def_get_handle_by_module_id('/home/kkh/AIDC/sim/output/simv: undefined symbol: vhdi_enc_def_get_handle_by_module_id')
VCS compile option:
 option[0]: /home/kkh/AIDC/sim/output/simv
 option[1]: -sml=verdi
 option[2]: +fsdb+gate=off
 option[3]: -ucli2Proc
 option[4]: -ucli
 option[5]: -l
 option[6]: /home/kkh/AIDC/sim/output/VerdiLog/sim.log
 option[7]: /usr/synopsys/vcs/R-2020.12-SP1-1/linux64/bin/vcs1
 option[8]: -Mcc=gcc
 option[9]: -Mcplusplus=g++
 option[10]: -Masflags=
 option[11]: -Mcfl= -pipe -fPIC -O -I/usr/synopsys/vcs/R-2020.12-SP1-1/include 
 option[12]: -Mxllcflags=
 option[13]: -Mxcflags= -pipe -fPIC -I/usr/synopsys/vcs/R-2020.12-SP1-1/include
 option[14]: -Mldflags= -Wl,--no-as-needed -rdynamic 
 option[15]: -Mout=simv
 option[16]: -Mamsrun=
 option[17]: -Mvcsaceobjs=
 option[18]: -Mobjects= /usr/synopsys/vcs/R-2020.12-SP1-1/linux64/lib/libvirsim.so /usr/synopsys/vcs/R-2020.12-SP1-1/linux64/lib/liberrorinf.so /usr/synopsys/vcs/R-2020.12-SP1-1/linux64/lib/libsnpsmalloc.so /usr/synopsys/vcs/R-2020.12-SP1-1/linux64/lib/libvfs.so 
 option[19]: -Mexternalobj=
 option[20]: -Msaverestoreobj=/usr/synopsys/vcs/R-2020.12-SP1-1/linux64/lib/vcs_save_restore_new.o
 option[21]: -Mcrt0=
 option[22]: -Mcrtn=
 option[23]: -Mcsrc=
 option[24]: -Msyslibs=/usr/synopsys/verdi/R-2020.12-SP1-1/share/PLI/VCS/LINUX64/pli.a -ldl 
 option[25]: -full64
 option[26]: -debug_access+all
 option[27]: +vpi
 option[28]: +vcsd1
 option[29]: +itf+/usr/synopsys/vcs/R-2020.12-SP1-1/linux64/lib/vcsdp_lite.tab
 option[30]: -kdb
 option[31]: -Xufe=2steps
 option[32]: -picarchive
 option[33]: -P
 option[34]: /usr/synopsys/verdi/R-2020.12-SP1-1/share/PLI/VCS/LINUX64/verdi.tab
 option[35]: -fsdb
 option[36]: -gen_obj
 option[37]: -f
 option[38]: /home/kkh/AIDC/sim/..//sim/decomp_total_tb/filelist.f
 option[39]: -f
 option[40]: /home/kkh/AIDC/sim/..//rtl/decomp_total_filelist.f
 option[41]: -load
 option[42]: /usr/synopsys/verdi/R-2020.12-SP1-1/share/PLI/VCS/LINUX64/libnovas.so:FSDBDumpCmd
Chronologic Simulation VCS Release R-2020.12-SP1-1_Full64
Linux 5.4.0-125-generic #141~18.04.1-Ubuntu SMP Thu Aug 11 20:15:56 UTC 2022 x86_64
CPU cores: 40
Limit information:
======================================
cputime		unlimited
filesize		unlimited
datasize		unlimited
stacksize		8192 kbytes
coredumpsize		0 kbytes
memoryuse		unlimited
vmemoryuse		unlimited
descriptors		1048576
memorylocked		65536 kbytes
maxproc		2058331
======================================
(Special)Runtime environment variables:

Runtime environment variables:
CONDA_SHLVL=1
LC_ALL=C
LS_COLORS=tw=00;33:ow=01;33:
LD_LIBRARY_PATH=/usr/local/cuda-10.2/lib64:
CONDA_EXE=/compuworks/anaconda3/bin/conda
LC_MEASUREMENT=ko_KR.UTF-8
SYS_INST_DIR=/usr/synopsys/verdi/R-2020.12-SP1-1
SSH_CONNECTION=115.145.211.114 64480 115.145.211.247 8002
LESSCLOSE=/usr/bin/lesspipe %s %s
LC_PAPER=ko_KR.UTF-8
LC_MONETARY=ko_KR.UTF-8
LANG=C
DISPLAY=localhost:10.0
OLDPWD=/home/kkh/AIDC/sim
SNPSLMD_LICENSE_FILE=27000@semi-lic.skku.edu
CONDA_PREFIX=/compuworks/anaconda3
_CE_M=
LC_NAME=ko_KR.UTF-8
XDG_SESSION_ID=1531
NOVAS_SYNC_MOTIF_DISP=
USER=kkh
DC_HOME=/usr/synopsys/syn/Q-2019.12-SP5-5
ROOT_PATH=/home/kkh/AIDC/sim/../
PWD=/home/kkh/AIDC/sim/output
HOME=/home/kkh
CONDA_PYTHON_EXE=/compuworks/anaconda3/bin/python
SSH_CLIENT=115.145.211.114 64480 8002
XNLSPATH=/usr/synopsys/verdi/R-2020.12-SP1-1/etc/access/nls
XDG_DATA_DIRS=/usr/local/share:/usr/share:/var/lib/snapd/desktop
_CE_CONDA=
LC_ADDRESS=ko_KR.UTF-8
LC_NUMERIC=ko_KR.UTF-8
SPS_XFONT_PATH=/usr/synopsys/verdi/R-2020.12-SP1-1/XFont
CONDA_PROMPT_MODIFIER=(base) 
SSH_TTY=/dev/pts/0
MAIL=/var/mail/kkh
LD_NOVERSION=1
QT_PLUGIN_PATH=/usr/synopsys/verdi/R-2020.12-SP1-1/platform/LINUXAMD64/lib/Qt/plugins
TERM=xterm-256color
SHELL=/bin/bash
XMODIFIERS=@im=none
VERDI_HOME=/usr/synopsys/verdi/R-2020.12-SP1-1
SHLVL=2
SPS_FONT_PATH=/usr/synopsys/verdi/R-2020.12-SP1-1/font
LC_TELEPHONE=ko_KR.UTF-8
VERDI_ORIGNAL_LD_LIBRARY_PATH=/usr/local/cuda-10.2/lib64:
LOGNAME=kkh
DBUS_SESSION_BUS_ADDRESS=unix:path=/run/user/1013/bus
SPS_RGB_PATH=/usr/synopsys/verdi/R-2020.12-SP1-1/etc/rgb
XDG_RUNTIME_DIR=/run/user/1013
MALLOC_ARENA_MAX=1
PATH=/bin:/compuworks/anaconda3/bin:/compuworks/anaconda3/condabin:/usr/synopsys/vcs/R-2020.12-SP1-1/bin:/usr/synopsys/verdi/R-2020.12-SP1-1/bin:/usr/synopsys/syn/Q-2019.12-SP5-5/bin:/usr/synopsys/spyglass/P-2019.06-SP2-17/SPYGLASS_HOME/bin:/usr/synopsys/installer/5.2:/usr/local/cuda-10.2/bin:/usr/local/sbin:/usr/local/bin:/usr/sbin:/usr/bin:/sbin:/bin:/usr/games:/usr/local/games:/snap/bin
LC_IDENTIFICATION=ko_KR.UTF-8
VCS_HOME=/usr/synopsys/vcs/R-2020.12-SP1-1
CONDA_DEFAULT_ENV=base
SYS_PROG_NAME=Verdi
SPYGLASS_HOME=/usr/synopsys/spyglass/P-2019.06-SP2-17/SPYGLASS_HOME
NOVASHLPPATH=/usr/synopsys/verdi/R-2020.12-SP1-1/doc
LESSOPEN=| /usr/bin/lesspipe %s
LC_TIME=ko_KR.UTF-8
PS_HWPC=OFF
NOVAS_LC_ALL=C
NOVAS_SIGNAL_BASE_EXTRACTION=1
SIGNAL_BASE_EXTRACTION=1
NOVAS_VERDI_SVTB_BETA=1
VERDI_SVTB_BETA=1
NOVAS_VERDI_SVTB_ALPHA=1
VERDI_SVTB_ALPHA=1
NOVAS_VERDI_TB_HT=1
VERDI_TB_HT=1
NOVAS_WAVE_REDRAW_ALLVC=1
WAVE_REDRAW_ALLVC=1
NOVAS_TCL_LIBRARY=/usr/synopsys/verdi/R-2020.12-SP1-1/etc/access/tcl86_library
TCL_LIBRARY=/usr/synopsys/verdi/R-2020.12-SP1-1/etc/access/tcl86_library
XKEYSYMDB=/usr/synopsys/verdi/R-2020.12-SP1-1/etc/access/XKeysymDB2.1
NOVAS_SIGNAL_BASED_BA=0
SIGNAL_BASED_BA=0
SNPS_SIM_DEFAULT_GUI=verdi
FSDB_FILE=/home/kkh/AIDC/sim/output/inter.fsdb
VCS_UCLI_STDIN_BLOCKING=1
FSDB_VHDL_PROTECTED=1
FSDB_RD_IR_ENABLE=1
FSDB_SVA_STATUS=1
SYNOPSYS_SIM=/usr/synopsys/vcs/R-2020.12-SP1-1
DISABLE_LIBRARY_MAP_CHECK=1
XLOCALEDIR=/usr/synopsys/verdi/R-2020.12-SP1-1/etc/access/locale
VCS_PATHMAP_PRELOAD_DONE=1
VCS_STACK_EXEC=true
VCS_EXEC_DONE=1
VCS_STOP_SAFE=1
DVE_SIM_SELECT_LOOP=on
FLEXLM_BORROWFILE=/home/kkh/.SALserver01-borrow.txt
Runtime command line arguments:
argv[0]=/home/kkh/AIDC/sim/output/simv
argv[1]=-sml=verdi
argv[2]=+fsdb+gate=off
argv[3]=-ucli2Proc
argv[4]=-ucli
argv[5]=-l
argv[6]=/home/kkh/AIDC/sim/output/VerdiLog/sim.log
245 profile - 100
          CPU/Mem usage: 0.020 sys,  0.070 user,  269.12M mem
246 Elapsed time:    0:00:00    Fri Oct 28 15:58:14 2022
247 pliAppInit
248 ndpGetenv(FSDB_FILE): /home/kkh/AIDC/sim/output/inter.fsdb
249 ndpGetenv(FSDB_SVA_STATUS): 1
250 ndpGetenv(FSDB_VHDL_PROTECTED): 1
251 [SC]Init: MemoryConsumed=0.00MB ElapsedTime=0hour 0min. 0sec.
252 FSDB_GATE & FSDB_RTL is disabled.
253 FSDB_FIELDTYPE is set.
254 FSDB_ALIAS_ARRAY_ELEM is set to 4294967295.
255 Enable Parallel Dumping.
256 pliAppMiscSet: New Sim Round
257 pliEntryInit
258 LIBSSCORE=found /usr/synopsys/verdi/R-2020.12-SP1-1/share/PLI/lib/LINUXAMD64/libsscore_vcs202012.so through $NOVAS_HOME setting.
259 FSDB Dumper for VCS, Release Verdi_R-2020.12-SP1-1, Linux x86_64/64bit, 04/20/2021
260 (C) 1996 - 2021 by Synopsys, Inc.
261 sps_tcl_fsdbDumpfile_main at 0
262 argv[0]: /home/kkh/AIDC/sim/output/inter.fsdb
263 *Verdi* FSDB WARNING: The FSDB file already exists. Overwriting the FSDB file may crash the programs that are using this file.
264 *Verdi* : Create FSDB file '/home/kkh/AIDC/sim/output/inter.fsdb'
265 [spi_vcs_vd_ppi_create_root]: no upf option
266 FSDB dumper cannot dump UPF related power signal ($power_tree): no ppiPowerNetwork.
267 compile option from '/home/kkh/AIDC/sim/output/simv.daidir/vcs_rebuild'.
268   "vcs '-full64' '-debug_access+all' '-kdb' '-LDFLAGS' '-Wl,--no-as-needed' '-f' '/home/kkh/AIDC/sim/..//sim/decomp_total_tb/filelist.f' '-f' '/home/kkh/AIDC/sim/..//rtl/decomp_total_filelist.f' 2>&1"
269 sps_tcl_fsdbDumpflush_vd_main at 0 : N/A(0)
270 *Verdi* : Flush all FSDB Files at 0 ps.
271 DVDI_is_vir_unload_enabled is enable
272 FSDB_VCS_ENABLE_NATIVE_VC is enable
273 sps_tcl_fsdbDumpvars_vd_main
274 argv[0]: 1
275 argv[1]: tbench_top.DUT.u_decomp_flag_fifos.u_flag_fifos_decomp.READ_MODIFY_WRITE_INST.clk
276 argv[2]: +all
277 argv[3]: +trace_process
278 *Verdi* : Dumping the signal (tbench_top.DUT.u_decomp_flag_fifos.u_flag_fifos_decomp.READ_MODIFY_WRITE_INST.clk).
279 pliAppHDL_DumpVarComplete traverse var: profile - 
          CPU/Mem usage: 0.030 sys,  0.080 user,  364.74M mem
                   incr: 0.000 sys,  0.010 user,  2.22M mem
                   accu: 0.000 sys,  0.010 user,  2.22M mem
              accu incr: 0.000 sys,  0.010 user,  2.22M mem

          Count usage: 0 var,  1 idcode,  1 callback
                 incr: 0 var,  1 idcode,  1 callback
                 accu: 0 var,  1 idcode,  1 callback
            accu incr: 0 var,  1 idcode,  1 callback
280 Elapsed time:    0:00:00    Fri Oct 28 15:58:14 2022
281 pliAppHDL_DumpVarComplete: profile - 
          CPU/Mem usage: 0.030 sys,  0.080 user,  365.79M mem
                   incr: 0.000 sys,  0.000 user,  1.05M mem
                   accu: 0.000 sys,  0.010 user,  3.27M mem
              accu incr: 0.000 sys,  0.000 user,  1.05M mem

          Count usage: 0 var,  1 idcode,  1 callback
                 incr: 0 var,  0 idcode,  0 callback
                 accu: 0 var,  1 idcode,  1 callback
            accu incr: 0 var,  0 idcode,  0 callback
282 Elapsed time:    0:00:00    Fri Oct 28 15:58:14 2022
283 sps_tcl_fsdbDumpvars_vd_main
284 argv[0]: 1
285 argv[1]: tbench_top.DUT.u_decomp_flag_fifos.u_flag_fifos_decomp.READ_MODIFY_WRITE_INST.rst_n
286 argv[2]: +all
287 argv[3]: +trace_process
288 *Verdi* : Dumping the signal (tbench_top.DUT.u_decomp_flag_fifos.u_flag_fifos_decomp.READ_MODIFY_WRITE_INST.rst_n).
289 pliAppHDL_DumpVarComplete traverse var: profile - 
          CPU/Mem usage: 0.030 sys,  0.080 user,  365.79M mem
                   incr: 0.000 sys,  0.000 user,  0.00M mem
                   accu: 0.000 sys,  0.000 user,  0.00M mem
              accu incr: 0.000 sys,  0.000 user,  0.00M mem

          Count usage: 0 var,  2 idcode,  2 callback
                 incr: 0 var,  1 idcode,  1 callback
                 accu: 0 var,  1 idcode,  1 callback
            accu incr: 0 var,  1 idcode,  1 callback
290 Elapsed time:    0:00:00    Fri Oct 28 15:58:14 2022
291 pliAppHDL_DumpVarComplete: profile - 
          CPU/Mem usage: 0.030 sys,  0.080 user,  365.79M mem
                   incr: 0.000 sys,  0.000 user,  0.00M mem
                   accu: 0.000 sys,  0.000 user,  0.00M mem
              accu incr: 0.000 sys,  0.000 user,  0.00M mem

          Count usage: 0 var,  2 idcode,  2 callback
                 incr: 0 var,  0 idcode,  0 callback
                 accu: 0 var,  1 idcode,  1 callback
            accu incr: 0 var,  0 idcode,  0 callback
292 Elapsed time:    0:00:00    Fri Oct 28 15:58:14 2022
293 sps_tcl_fsdbDumpvars_vd_main
294 argv[0]: 1
295 argv[1]: tbench_top.DUT.u_decomp_flag_fifos.u_flag_fifos_decomp.READ_MODIFY_WRITE_INST.addr
296 argv[2]: +all
297 argv[3]: +trace_process
298 *Verdi* : Dumping the signal (tbench_top.DUT.u_decomp_flag_fifos.u_flag_fifos_decomp.READ_MODIFY_WRITE_INST.addr).
299 pliAppHDL_DumpVarComplete traverse var: profile - 
          CPU/Mem usage: 0.030 sys,  0.080 user,  366.85M mem
                   incr: 0.000 sys,  0.000 user,  1.05M mem
                   accu: 0.000 sys,  0.000 user,  1.05M mem
              accu incr: 0.000 sys,  0.000 user,  1.05M mem

          Count usage: 0 var,  3 idcode,  3 callback
                 incr: 0 var,  1 idcode,  1 callback
                 accu: 0 var,  1 idcode,  1 callback
            accu incr: 0 var,  1 idcode,  1 callback
300 Elapsed time:    0:00:00    Fri Oct 28 15:58:14 2022
301 pliAppHDL_DumpVarComplete: profile - 
          CPU/Mem usage: 0.030 sys,  0.080 user,  366.85M mem
                   incr: 0.000 sys,  0.000 user,  0.00M mem
                   accu: 0.000 sys,  0.000 user,  1.05M mem
              accu incr: 0.000 sys,  0.000 user,  0.00M mem

          Count usage: 0 var,  3 idcode,  3 callback
                 incr: 0 var,  0 idcode,  0 callback
                 accu: 0 var,  1 idcode,  1 callback
            accu incr: 0 var,  0 idcode,  0 callback
302 Elapsed time:    0:00:00    Fri Oct 28 15:58:14 2022
303 sps_tcl_fsdbDumpvars_vd_main
304 argv[0]: 1
305 argv[1]: tbench_top.DUT.u_decomp_flag_fifos.u_flag_fifos_decomp.READ_MODIFY_WRITE_INST.addr_valid
306 argv[2]: +all
307 argv[3]: +trace_process
308 *Verdi* : Dumping the signal (tbench_top.DUT.u_decomp_flag_fifos.u_flag_fifos_decomp.READ_MODIFY_WRITE_INST.addr_valid).
309 pliAppHDL_DumpVarComplete traverse var: profile - 
          CPU/Mem usage: 0.030 sys,  0.080 user,  366.85M mem
                   incr: 0.000 sys,  0.000 user,  0.00M mem
                   accu: 0.000 sys,  0.000 user,  0.00M mem
              accu incr: 0.000 sys,  0.000 user,  0.00M mem

          Count usage: 0 var,  4 idcode,  4 callback
                 incr: 0 var,  1 idcode,  1 callback
                 accu: 0 var,  1 idcode,  1 callback
            accu incr: 0 var,  1 idcode,  1 callback
310 Elapsed time:    0:00:00    Fri Oct 28 15:58:14 2022
311 pliAppHDL_DumpVarComplete: profile - 
          CPU/Mem usage: 0.030 sys,  0.080 user,  366.85M mem
                   incr: 0.000 sys,  0.000 user,  0.00M mem
                   accu: 0.000 sys,  0.000 user,  0.00M mem
              accu incr: 0.000 sys,  0.000 user,  0.00M mem

          Count usage: 0 var,  4 idcode,  4 callback
                 incr: 0 var,  0 idcode,  0 callback
                 accu: 0 var,  1 idcode,  1 callback
            accu incr: 0 var,  0 idcode,  0 callback
312 Elapsed time:    0:00:00    Fri Oct 28 15:58:14 2022
313 sps_tcl_fsdbDumpvars_vd_main
314 argv[0]: 1
315 argv[1]: tbench_top.DUT.u_decomp_flag_fifos.u_flag_fifos_decomp.READ_MODIFY_WRITE_INST.push_pop_flag
316 argv[2]: +all
317 argv[3]: +trace_process
318 *Verdi* : Dumping the signal (tbench_top.DUT.u_decomp_flag_fifos.u_flag_fifos_decomp.READ_MODIFY_WRITE_INST.push_pop_flag).
319 pliAppHDL_DumpVarComplete traverse var: profile - 
          CPU/Mem usage: 0.030 sys,  0.080 user,  366.85M mem
                   incr: 0.000 sys,  0.000 user,  0.00M mem
                   accu: 0.000 sys,  0.000 user,  0.00M mem
              accu incr: 0.000 sys,  0.000 user,  0.00M mem

          Count usage: 0 var,  5 idcode,  5 callback
                 incr: 0 var,  1 idcode,  1 callback
                 accu: 0 var,  1 idcode,  1 callback
            accu incr: 0 var,  1 idcode,  1 callback
320 Elapsed time:    0:00:00    Fri Oct 28 15:58:14 2022
321 pliAppHDL_DumpVarComplete: profile - 
          CPU/Mem usage: 0.030 sys,  0.080 user,  366.85M mem
                   incr: 0.000 sys,  0.000 user,  0.00M mem
                   accu: 0.000 sys,  0.000 user,  0.00M mem
              accu incr: 0.000 sys,  0.000 user,  0.00M mem

          Count usage: 0 var,  5 idcode,  5 callback
                 incr: 0 var,  0 idcode,  0 callback
                 accu: 0 var,  1 idcode,  1 callback
            accu incr: 0 var,  0 idcode,  0 callback
322 Elapsed time:    0:00:00    Fri Oct 28 15:58:14 2022
323 sps_tcl_fsdbDumpvars_vd_main
324 argv[0]: 1
325 argv[1]: tbench_top.DUT.u_decomp_flag_fifos.u_flag_fifos_decomp.READ_MODIFY_WRITE_INST.push_data
326 argv[2]: +all
327 argv[3]: +trace_process
328 *Verdi* : Dumping the signal (tbench_top.DUT.u_decomp_flag_fifos.u_flag_fifos_decomp.READ_MODIFY_WRITE_INST.push_data).
329 pliAppHDL_DumpVarComplete traverse var: profile - 
          CPU/Mem usage: 0.030 sys,  0.080 user,  366.85M mem
                   incr: 0.000 sys,  0.000 user,  0.00M mem
                   accu: 0.000 sys,  0.000 user,  0.00M mem
              accu incr: 0.000 sys,  0.000 user,  0.00M mem

          Count usage: 0 var,  6 idcode,  6 callback
                 incr: 0 var,  1 idcode,  1 callback
                 accu: 0 var,  1 idcode,  1 callback
            accu incr: 0 var,  1 idcode,  1 callback
330 Elapsed time:    0:00:00    Fri Oct 28 15:58:14 2022
331 pliAppHDL_DumpVarComplete: profile - 
          CPU/Mem usage: 0.030 sys,  0.080 user,  366.85M mem
                   incr: 0.000 sys,  0.000 user,  0.00M mem
                   accu: 0.000 sys,  0.000 user,  0.00M mem
              accu incr: 0.000 sys,  0.000 user,  0.00M mem

          Count usage: 0 var,  6 idcode,  6 callback
                 incr: 0 var,  0 idcode,  0 callback
                 accu: 0 var,  1 idcode,  1 callback
            accu incr: 0 var,  0 idcode,  0 callback
332 Elapsed time:    0:00:00    Fri Oct 28 15:58:14 2022
333 sps_tcl_fsdbDumpvars_vd_main
334 argv[0]: 1
335 argv[1]: tbench_top.DUT.u_decomp_flag_fifos.u_flag_fifos_decomp.READ_MODIFY_WRITE_INST.ack_i
336 argv[2]: +all
337 argv[3]: +trace_process
338 *Verdi* : Dumping the signal (tbench_top.DUT.u_decomp_flag_fifos.u_flag_fifos_decomp.READ_MODIFY_WRITE_INST.ack_i).
339 pliAppHDL_DumpVarComplete traverse var: profile - 
          CPU/Mem usage: 0.030 sys,  0.080 user,  366.85M mem
                   incr: 0.000 sys,  0.000 user,  0.00M mem
                   accu: 0.000 sys,  0.000 user,  0.00M mem
              accu incr: 0.000 sys,  0.000 user,  0.00M mem

          Count usage: 0 var,  7 idcode,  7 callback
                 incr: 0 var,  1 idcode,  1 callback
                 accu: 0 var,  1 idcode,  1 callback
            accu incr: 0 var,  1 idcode,  1 callback
340 Elapsed time:    0:00:00    Fri Oct 28 15:58:14 2022
341 pliAppHDL_DumpVarComplete: profile - 
          CPU/Mem usage: 0.030 sys,  0.080 user,  366.85M mem
                   incr: 0.000 sys,  0.000 user,  0.00M mem
                   accu: 0.000 sys,  0.000 user,  0.00M mem
              accu incr: 0.000 sys,  0.000 user,  0.00M mem

          Count usage: 0 var,  7 idcode,  7 callback
                 incr: 0 var,  0 idcode,  0 callback
                 accu: 0 var,  1 idcode,  1 callback
            accu incr: 0 var,  0 idcode,  0 callback
342 Elapsed time:    0:00:00    Fri Oct 28 15:58:14 2022
343 sps_tcl_fsdbDumpvars_vd_main
344 argv[0]: 1
345 argv[1]: tbench_top.DUT.u_decomp_flag_fifos.u_flag_fifos_decomp.READ_MODIFY_WRITE_INST.pop_data
346 argv[2]: +all
347 argv[3]: +trace_process
348 *Verdi* : Dumping the signal (tbench_top.DUT.u_decomp_flag_fifos.u_flag_fifos_decomp.READ_MODIFY_WRITE_INST.pop_data).
349 pliAppHDL_DumpVarComplete traverse var: profile - 
          CPU/Mem usage: 0.030 sys,  0.080 user,  366.85M mem
                   incr: 0.000 sys,  0.000 user,  0.00M mem
                   accu: 0.000 sys,  0.000 user,  0.00M mem
              accu incr: 0.000 sys,  0.000 user,  0.00M mem

          Count usage: 0 var,  9 idcode,  8 callback
                 incr: 0 var,  2 idcode,  1 callback
                 accu: 0 var,  2 idcode,  1 callback
            accu incr: 0 var,  2 idcode,  1 callback
350 Elapsed time:    0:00:00    Fri Oct 28 15:58:14 2022
351 pliAppHDL_DumpVarComplete: profile - 
          CPU/Mem usage: 0.030 sys,  0.080 user,  366.85M mem
                   incr: 0.000 sys,  0.000 user,  0.00M mem
                   accu: 0.000 sys,  0.000 user,  0.00M mem
              accu incr: 0.000 sys,  0.000 user,  0.00M mem

          Count usage: 0 var,  9 idcode,  8 callback
                 incr: 0 var,  0 idcode,  0 callback
                 accu: 0 var,  2 idcode,  1 callback
            accu incr: 0 var,  0 idcode,  0 callback
352 Elapsed time:    0:00:00    Fri Oct 28 15:58:14 2022
353 sps_tcl_fsdbDumpvars_vd_main
354 argv[0]: 1
355 argv[1]: tbench_top.DUT.u_decomp_flag_fifos.u_flag_fifos_decomp.READ_MODIFY_WRITE_INST.pop_valid
356 argv[2]: +all
357 argv[3]: +trace_process
358 *Verdi* : Dumping the signal (tbench_top.DUT.u_decomp_flag_fifos.u_flag_fifos_decomp.READ_MODIFY_WRITE_INST.pop_valid).
359 pliAppHDL_DumpVarComplete traverse var: profile - 
          CPU/Mem usage: 0.030 sys,  0.080 user,  366.85M mem
                   incr: 0.000 sys,  0.000 user,  0.00M mem
                   accu: 0.000 sys,  0.000 user,  0.00M mem
              accu incr: 0.000 sys,  0.000 user,  0.00M mem

          Count usage: 0 var,  11 idcode,  9 callback
                 incr: 0 var,  2 idcode,  1 callback
                 accu: 0 var,  2 idcode,  1 callback
            accu incr: 0 var,  2 idcode,  1 callback
360 Elapsed time:    0:00:00    Fri Oct 28 15:58:14 2022
361 pliAppHDL_DumpVarComplete: profile - 
          CPU/Mem usage: 0.030 sys,  0.080 user,  366.85M mem
                   incr: 0.000 sys,  0.000 user,  0.00M mem
                   accu: 0.000 sys,  0.000 user,  0.00M mem
              accu incr: 0.000 sys,  0.000 user,  0.00M mem

          Count usage: 0 var,  11 idcode,  9 callback
                 incr: 0 var,  0 idcode,  0 callback
                 accu: 0 var,  2 idcode,  1 callback
            accu incr: 0 var,  0 idcode,  0 callback
362 Elapsed time:    0:00:00    Fri Oct 28 15:58:14 2022
363 sps_tcl_fsdbDumpflush_vd_main at 0 : N/A(0)
364 *Verdi* : Flush all FSDB Files at 0 ps.
365 sps_tcl_fsdbDumpflush_vd_main at 0 : N/A(0)
366 *Verdi* : Flush all FSDB Files at 0 ps.
367 sps_tcl_fsdbDumpvarsByFile_vd_main at 0 : N/A(0)
368 *Verdi* : Begin dumping the scopes by file (/home/kkh/AIDC/sim/output/VerdiLog/.tbsimDump_var_file).
369 pliAppHDL_DumpVarComplete traverse var: profile - 
          CPU/Mem usage: 0.030 sys,  0.120 user,  376.77M mem
                   incr: 0.000 sys,  0.020 user,  8.01M mem
                   accu: 0.000 sys,  0.020 user,  8.01M mem
              accu incr: 0.000 sys,  0.020 user,  8.01M mem

          Count usage: 248 var,  227 idcode,  214 callback
                 incr: 248 var,  216 idcode,  205 callback
                 accu: 248 var,  216 idcode,  205 callback
            accu incr: 248 var,  216 idcode,  205 callback
370 Elapsed time:    0:00:01    Fri Oct 28 15:58:15 2022
371 pliAppHDL_DumpVarComplete: profile - 
          CPU/Mem usage: 0.030 sys,  0.120 user,  376.77M mem
                   incr: 0.000 sys,  0.000 user,  0.00M mem
                   accu: 0.000 sys,  0.020 user,  8.01M mem
              accu incr: 0.000 sys,  0.000 user,  0.00M mem

          Count usage: 248 var,  227 idcode,  214 callback
                 incr: 0 var,  0 idcode,  0 callback
                 accu: 248 var,  216 idcode,  205 callback
            accu incr: 0 var,  0 idcode,  0 callback
372 Elapsed time:    0:00:01    Fri Oct 28 15:58:15 2022
373 *Verdi* : End of dumping.
374 fsdbDumpvarsByFile: profile - 
          CPU/Mem usage: 0.030 sys,  0.120 user,  376.77M mem
                   incr: 0.000 sys,  0.020 user,  8.01M mem
                   accu: 0.000 sys,  0.020 user,  8.01M mem
              accu incr: 0.000 sys,  0.020 user,  8.01M mem

          Count usage: 248 var,  227 idcode,  214 callback
                 incr: 248 var,  216 idcode,  205 callback
                 accu: 248 var,  216 idcode,  205 callback
            accu incr: 248 var,  216 idcode,  205 callback
375 Elapsed time:    0:00:01    Fri Oct 28 15:58:15 2022
376 sps_tcl_fsdbDumpflush_vd_main at 0 : N/A(0)
377 *Verdi* : Flush all FSDB Files at 0 ps.
378 sps_tcl_fsdbDumpflush_vd_main at 0 : N/A(0)
379 *Verdi* : Flush all FSDB Files at 0 ps.
380 sps_tcl_fsdbDumpflush_vd_main at 0 : N/A(0)
381 *Verdi* : Flush all FSDB Files at 0 ps.
382 sps_tcl_fsdbDumpflush_vd_main at 85420000 : N/A(0)
383 *Verdi* : Flush all FSDB Files at 85,420,000 ps.
384 End of simulation at 85420000
385 Memory usage: 411.075 M
386 Elapsed time:  100:03:16    Tue Nov  1 20:01:30 2022
387 Begin FSDB profile info:
388 FSDB Writer : bc1(106535) bcn(17117) mtf/stf(0/7)
FSDB Writer elapsed time : flush(0.079764) io wait(0.000000) theadpool wait(0.000000)
FSDB Writer cpu time : MT Compression : 0
389 End FSDB profile info
390 FSDB closed. Name: /home/kkh/AIDC/sim/output/inter.fsdb Size: 55617
391 Parallel profile     - ProducerThread:1 ConsumerThread:1 Buffer:64MB
392                      - BlockUsed:1 Acquire:140516 BufferUsed:1557324
393                      - Flush:19 Expand:0 ProducerWait:0 ConsumerWait:0
394                      - MainProducerTime:0.482165739 TotalConsumerTime:0.000000000
395                      - ElapsedTime:360195.276665000
396 Producer   0 profile - BlockUsed:1 Acquire:140516 BufferUsed:1557324
397 Consumer   0 profile - Affinity:-1 CPUTime:0.000000000 LifeTime:0.000000000 (-nan%)
398                      - BlockUsed:1 Acquire:140516 BufferUsed:1557324
399 SimExit
400 Elapsed time:  100:03:16    Tue Nov  1 20:01:30 2022
401 Sim process exit
