Information: Propagating switching activity (high effort zero delay simulation). (PWR-6)
Warning: Design has unannotated primary inputs. (PWR-414)
 
****************************************
Report : power
        -analysis_effort high
Design : SCC_4LC_decoder
Version: Q-2019.12-SP5-5
Date   : Mon Sep 11 21:13:47 2023
****************************************


Library(s) Used:

    um28nchslogl35hsl140f_ssgwc0p9v125c (File: /media/0/LogicLibraries/UMC/28nm/35hs/hsl/svt/latest/liberty/logic_synth/um28nchslogl35hsl140f_ssgwc0p9v125c.db)


Operating Conditions: SSGWC0P9V125C   Library: um28nchslogl35hsl140f_ssgwc0p9v125c
Wire Load Model Mode: enclosed

Design        Wire Load Model            Library
------------------------------------------------
SCC_4LC_decoder        ZeroWLM           um28nchslogl35hsl140f_ssgwc0p9v125c


Global Operating Voltage = 0.9  
Power-specific unit information :
    Voltage Units = 1V
    Capacitance Units = 1.000000pf
    Time Units = 1ns
    Dynamic Power Units = 1mW    (derived from V,C,T units)
    Leakage Power Units = 1nW


  Cell Internal Power  = 601.5287 uW   (56%)
  Net Switching Power  = 463.9673 uW   (44%)
                         ---------
Total Dynamic Power    =   1.0655 mW  (100%)

Cell Leakage Power     =  12.0970 uW

Information: report_power power group summary does not include estimated clock tree power. (PWR-789)

                 Internal         Switching           Leakage            Total
Power Group      Power            Power               Power              Power   (   %    )  Attrs
--------------------------------------------------------------------------------------------------
io_pad             0.0000            0.0000            0.0000            0.0000  (   0.00%)
memory             0.0000            0.0000            0.0000            0.0000  (   0.00%)
black_box          0.0000            0.0000            0.0000            0.0000  (   0.00%)
clock_network      0.0000            0.0000            0.0000            0.0000  (   0.00%)
register           0.0000            0.0000            0.0000            0.0000  (   0.00%)
sequential         0.0000            0.0000            0.0000            0.0000  (   0.00%)
combinational      0.6015            0.4640        1.2097e+04            1.0776  ( 100.00%)
--------------------------------------------------------------------------------------------------
Total              0.6015 mW         0.4640 mW     1.2097e+04 nW         1.0776 mW
1
