 
****************************************
Report : area
Design : SCC_4LC_decoder
Version: Q-2019.12-SP5-5
Date   : Mon Sep 11 18:03:43 2023
****************************************

Library(s) Used:

    um28nchslogl35hsl140f_ssgwc0p9v125c (File: /media/0/LogicLibraries/UMC/28nm/35hs/hsl/svt/latest/liberty/logic_synth/um28nchslogl35hsl140f_ssgwc0p9v125c.db)

Number of ports:                          215
Number of nets:                           471
Number of cells:                          314
Number of combinational cells:            312
Number of sequential cells:                 1
Number of macros/black boxes:               0
Number of buf/inv:                         15
Number of references:                      22

Combinational area:                284.423998
Buf/Inv area:                        5.040000
Noncombinational area:               0.000000
Macro/Black Box area:                0.000000
Net Interconnect area:      undefined  (Wire load has zero net area)

Total cell area:                   284.423998
Total area:                 undefined

Information: This design contains black box (unknown) components. (RPT-8)

The above information was reported from the logical library. The following are from the physical library:

Hierarchical area distribution
------------------------------

                                  Global cell area          Local cell area
                                  ------------------  --------------------------- 
Hierarchical cell                 Absolute   Percent  Combi-    Noncombi-  Black-
                                  Total      Total    national  national   boxes   Design
--------------------------------  ---------  -------  --------  ---------  ------  --------------------
SCC_4LC_decoder                    284.4240    100.0  168.6720     0.0000  0.0000  SCC_4LC_decoder
syndrome_gen                       115.7520     40.7  115.7520     0.0000  0.0000  SCC_4LC_syndrome_gen
--------------------------------  ---------  -------  --------  ---------  ------  --------------------
Total                                                 284.4240     0.0000  0.0000

1
