 
****************************************
Report : threshold voltage group
Design : SCC_4LC_decoder
Version: Q-2019.12-SP5-5
Date   : Mon Sep 11 18:03:43 2023
****************************************

********************************************************************************
                        Threshold Voltage Group Report                         

Vth Group                All                Blackbox           Non-blackbox
Name                    cells                cells                cells
********************************************************************************
SVT35                 312  (99.68%)          0   (0.00%)        312 (100.00%)   
undefined               1   (0.32%)          1 (100.00%)          0   (0.00%)   
********************************************************************************
Total                 313 (100.00%)          1 (100.00%)        312 (100.00%)   

Vth Group                All                Blackbox           Non-blackbox
Name                  cell area            cell area            cell area
********************************************************************************
SVT35              284.42 (100.00%)       0.00   (0.00%)     284.42 (100.00%)   
undefined            0.00   (0.00%)       0.00   (0.00%)       0.00   (0.00%)   
********************************************************************************
Total              284.42 (100.00%)       0.00   (0.00%)     284.42 (100.00%)   
1
