 
****************************************
Report : resources
Design : SCC_4LC_decoder
Version: Q-2019.12-SP5-5
Date   : Mon Sep 11 18:03:43 2023
****************************************


Resource Report for this hierarchy in file
        /home/xyz123479/verilog/DATE24_SC_ECC/2_Hardware_overheads/SCC/4LC/Decoder/rtl/SCC_4LC_decoder.sv
=============================================================================
| Cell           | Module         | Parameters | Contained Operations       |
=============================================================================
| ash_1          | DW_leftsh      | A_width=71 | sll_151 (SCC_4LC_decoder.sv:151) |
           |                | SH_width=8 |                            |
| ash_2          | DW_leftsh      | A_width=71 | sll_154 (SCC_4LC_decoder.sv:154) |
           |                | SH_width=8 |                            |
=============================================================================


Implementation Report
===============================================================================
|                    |                  | Current            | Set            |
| Cell               | Module           | Implementation     | Implementation |
===============================================================================
| ash_1              | DW_leftsh        | astr (area)        |                |
| ash_2              | DW_leftsh        | astr (area)        |                |
===============================================================================

1
