 
****************************************
Report : reference
Design : SCC_8LC_decoder
Version: Q-2019.12-SP5-5
Date   : Mon Sep 11 18:05:20 2023
****************************************

Attributes:
    b - black box (unknown)
   bo - allows boundary optimization
    d - dont_touch
   mo - map_only
    h - hierarchical
    n - noncombinational
    r - removable
    s - synthetic operator
    u - contains unmapped logic

Reference          Library       Unit Area   Count    Total Area   Attributes
-----------------------------------------------------------------------------
STP_AN2_1          um28nchslogl35hsl140f_ssgwc0p9v125c
                                  0.672000       8      5.376000  
STP_AN2_7          um28nchslogl35hsl140f_ssgwc0p9v125c
                                  2.688000       1      2.688000  
STP_AN2_S_0P5      um28nchslogl35hsl140f_ssgwc0p9v125c
                                  0.672000       4      2.688000  
STP_AN3B_1         um28nchslogl35hsl140f_ssgwc0p9v125c
                                  0.840000       2      1.680000  
STP_AN4B_4         um28nchslogl35hsl140f_ssgwc0p9v125c
                                  2.520000       1      2.520000  
STP_AO2BB2_1       um28nchslogl35hsl140f_ssgwc0p9v125c
                                  1.008000       1      1.008000  
STP_AO21B_1        um28nchslogl35hsl140f_ssgwc0p9v125c
                                  0.840000       4      3.360000  
STP_AOAI211_0P5    um28nchslogl35hsl140f_ssgwc0p9v125c
                                  0.840000       7      5.880000  
STP_AOAI211_0P75   um28nchslogl35hsl140f_ssgwc0p9v125c
                                  0.840000       6      5.040000  
STP_AOAI211_1      um28nchslogl35hsl140f_ssgwc0p9v125c
                                  0.840000       2      1.680000  
STP_AOAI211_2      um28nchslogl35hsl140f_ssgwc0p9v125c
                                  1.512000       1      1.512000  
STP_AOI21B_1       um28nchslogl35hsl140f_ssgwc0p9v125c
                                  0.840000       3      2.520000  
STP_AOI21_0P75     um28nchslogl35hsl140f_ssgwc0p9v125c
                                  0.672000      37     24.864000  
STP_AOI21_1        um28nchslogl35hsl140f_ssgwc0p9v125c
                                  0.672000       7      4.704000  
STP_AOI22_0P5      um28nchslogl35hsl140f_ssgwc0p9v125c
                                  0.840000      24     20.159999  
STP_AOI22_0P75     um28nchslogl35hsl140f_ssgwc0p9v125c
                                  0.840000       9      7.560000  
STP_AOI22_1        um28nchslogl35hsl140f_ssgwc0p9v125c
                                  0.840000       8      6.720000  
STP_AOI31_0P5      um28nchslogl35hsl140f_ssgwc0p9v125c
                                  0.840000       6      5.040000  
STP_AOI31_1        um28nchslogl35hsl140f_ssgwc0p9v125c
                                  0.840000       3      2.520000  
STP_AOI31_2        um28nchslogl35hsl140f_ssgwc0p9v125c
                                  1.512000       1      1.512000  
STP_AOI211_0P5     um28nchslogl35hsl140f_ssgwc0p9v125c
                                  0.840000       9      7.560000  
STP_AOI211_0P75    um28nchslogl35hsl140f_ssgwc0p9v125c
                                  0.840000      21     17.639999  
STP_AOI211_G_1     um28nchslogl35hsl140f_ssgwc0p9v125c
                                  0.840000       8      6.720000  
STP_AOI211_G_2     um28nchslogl35hsl140f_ssgwc0p9v125c
                                  1.512000       2      3.024000  
STP_AOI222_0P5     um28nchslogl35hsl140f_ssgwc0p9v125c
                                  1.176000       2      2.352000  
STP_AOI222_1       um28nchslogl35hsl140f_ssgwc0p9v125c
                                  1.344000       1      1.344000  
STP_BUF_2          um28nchslogl35hsl140f_ssgwc0p9v125c
                                  0.672000       1      0.672000  
STP_BUF_3          um28nchslogl35hsl140f_ssgwc0p9v125c
                                  1.008000       1      1.008000  
STP_BUF_D_4        um28nchslogl35hsl140f_ssgwc0p9v125c
                                  1.008000       1      1.008000  
STP_BUF_S_2P5      um28nchslogl35hsl140f_ssgwc0p9v125c
                                  0.840000       1      0.840000  
STP_BUF_S_5        um28nchslogl35hsl140f_ssgwc0p9v125c
                                  1.344000       1      1.344000  
STP_BUF_S_6        um28nchslogl35hsl140f_ssgwc0p9v125c
                                  1.680000       1      1.680000  
STP_BUF_S_8        um28nchslogl35hsl140f_ssgwc0p9v125c
                                  2.184000       2      4.368000  
STP_EN2_0P5        um28nchslogl35hsl140f_ssgwc0p9v125c
                                  1.344000       6      8.064000  
STP_EN2_3          um28nchslogl35hsl140f_ssgwc0p9v125c
                                  3.024000       5     15.120000  
STP_EN2_4          um28nchslogl35hsl140f_ssgwc0p9v125c
                                  3.024000       5     15.120000  
STP_EN2_6          um28nchslogl35hsl140f_ssgwc0p9v125c
                                  4.536000       1      4.536000  
STP_EN2_8          um28nchslogl35hsl140f_ssgwc0p9v125c
                                  5.880000       4     23.520000  
STP_EN2_S_1        um28nchslogl35hsl140f_ssgwc0p9v125c
                                  1.512000       3      4.536000  
STP_EN2_S_2        um28nchslogl35hsl140f_ssgwc0p9v125c
                                  1.680000       8     13.440000  
STP_EN3_1          um28nchslogl35hsl140f_ssgwc0p9v125c
                                  2.184000       1      2.184000  
STP_EN3_3          um28nchslogl35hsl140f_ssgwc0p9v125c
                                  4.032000      16     64.512001  
STP_EN3_6          um28nchslogl35hsl140f_ssgwc0p9v125c
                                  6.888000       2     13.776000  
STP_EO2_1          um28nchslogl35hsl140f_ssgwc0p9v125c
                                  1.512000       3      4.536000  
STP_EO2_2          um28nchslogl35hsl140f_ssgwc0p9v125c
                                  1.680000       2      3.360000  
STP_EO2_3          um28nchslogl35hsl140f_ssgwc0p9v125c
                                  2.856000       2      5.712000  
STP_EO2_S_0P5      um28nchslogl35hsl140f_ssgwc0p9v125c
                                  1.512000       3      4.536000  
STP_EO2_S_2        um28nchslogl35hsl140f_ssgwc0p9v125c
                                  1.512000      11     16.632000  
STP_EO2_S_6        um28nchslogl35hsl140f_ssgwc0p9v125c
                                  4.032000       2      8.064000  
STP_EO3_0P5        um28nchslogl35hsl140f_ssgwc0p9v125c
                                  1.512000       2      3.024000  
STP_EO3_1          um28nchslogl35hsl140f_ssgwc0p9v125c
                                  2.184000       6     13.104000  
STP_EO3_2          um28nchslogl35hsl140f_ssgwc0p9v125c
                                  2.688000       8     21.504000  
STP_EO3_3          um28nchslogl35hsl140f_ssgwc0p9v125c
                                  4.200000      22     92.399996  
STP_INV_1P5        um28nchslogl35hsl140f_ssgwc0p9v125c
                                  0.504000       6      3.024000  
STP_INV_2          um28nchslogl35hsl140f_ssgwc0p9v125c
                                  0.504000      18      9.072000  
STP_INV_2P5        um28nchslogl35hsl140f_ssgwc0p9v125c
                                  0.672000       5      3.360000  
STP_INV_3          um28nchslogl35hsl140f_ssgwc0p9v125c
                                  0.672000       8      5.376000  
STP_INV_4          um28nchslogl35hsl140f_ssgwc0p9v125c
                                  0.840000       6      5.040000  
STP_INV_6          um28nchslogl35hsl140f_ssgwc0p9v125c
                                  1.176000       5      5.880000  
STP_INV_6P5        um28nchslogl35hsl140f_ssgwc0p9v125c
                                  1.344000       1      1.344000  
STP_INV_7P5        um28nchslogl35hsl140f_ssgwc0p9v125c
                                  1.512000       2      3.024000  
STP_INV_S_0P65     um28nchslogl35hsl140f_ssgwc0p9v125c
                                  0.336000      93     31.248000  
STP_INV_S_1        um28nchslogl35hsl140f_ssgwc0p9v125c
                                  0.336000      62     20.832000  
STP_INV_S_1P25     um28nchslogl35hsl140f_ssgwc0p9v125c
                                  0.504000       3      1.512000  
STP_INV_S_5        um28nchslogl35hsl140f_ssgwc0p9v125c
                                  1.008000       3      3.024000  
STP_MUX2_1P5       um28nchslogl35hsl140f_ssgwc0p9v125c
                                  1.344000       1      1.344000  
STP_MUX2_S_0P5     um28nchslogl35hsl140f_ssgwc0p9v125c
                                  1.176000       2      2.352000  
STP_MUXI2_MG_0P5   um28nchslogl35hsl140f_ssgwc0p9v125c
                                  1.008000      51     51.408001  
STP_MUXI2_MG_0P75  um28nchslogl35hsl140f_ssgwc0p9v125c
                                  1.008000      15     15.120000  
STP_MUXI2_MG_1P5   um28nchslogl35hsl140f_ssgwc0p9v125c
                                  1.680000       1      1.680000  
STP_ND2B_1         um28nchslogl35hsl140f_ssgwc0p9v125c
                                  0.672000       9      6.048000  
STP_ND2B_2         um28nchslogl35hsl140f_ssgwc0p9v125c
                                  1.008000       2      2.016000  
STP_ND2B_3         um28nchslogl35hsl140f_ssgwc0p9v125c
                                  1.512000       2      3.024000  
STP_ND2B_MM_1      um28nchslogl35hsl140f_ssgwc0p9v125c
                                  0.672000       1      0.672000  
STP_ND2B_V1DG_1    um28nchslogl35hsl140f_ssgwc0p9v125c
                                  0.672000       7      4.704000  
STP_ND2B_V1DG_4    um28nchslogl35hsl140f_ssgwc0p9v125c
                                  1.680000       1      1.680000  
STP_ND2_1P5        um28nchslogl35hsl140f_ssgwc0p9v125c
                                  0.840000       3      2.520000  
STP_ND2_5          um28nchslogl35hsl140f_ssgwc0p9v125c
                                  1.848000       4      7.392000  
STP_ND2_G_1        um28nchslogl35hsl140f_ssgwc0p9v125c
                                  0.504000      81     40.824001  
STP_ND2_G_1P5      um28nchslogl35hsl140f_ssgwc0p9v125c
                                  0.840000       3      2.520000  
STP_ND2_G_2        um28nchslogl35hsl140f_ssgwc0p9v125c
                                  0.840000       6      5.040000  
STP_ND2_G_3        um28nchslogl35hsl140f_ssgwc0p9v125c
                                  1.176000       7      8.232000  
STP_ND2_G_4        um28nchslogl35hsl140f_ssgwc0p9v125c
                                  1.512000       5      7.560000  
STP_ND2_S_0P8      um28nchslogl35hsl140f_ssgwc0p9v125c
                                  0.504000      62     31.248001  
STP_ND2_S_1        um28nchslogl35hsl140f_ssgwc0p9v125c
                                  0.504000      14      7.056000  
STP_ND2_S_1P5      um28nchslogl35hsl140f_ssgwc0p9v125c
                                  0.840000       1      0.840000  
STP_ND2_S_2        um28nchslogl35hsl140f_ssgwc0p9v125c
                                  0.840000       6      5.040000  
STP_ND2_S_3        um28nchslogl35hsl140f_ssgwc0p9v125c
                                  1.176000       3      3.528000  
STP_ND2_S_5        um28nchslogl35hsl140f_ssgwc0p9v125c
                                  1.512000       6      9.072000  
STP_ND2_S_6        um28nchslogl35hsl140f_ssgwc0p9v125c
                                  1.848000       1      1.848000  
STP_ND2_S_10       um28nchslogl35hsl140f_ssgwc0p9v125c
                                  2.856000       1      2.856000  
STP_ND3_0P5        um28nchslogl35hsl140f_ssgwc0p9v125c
                                  0.672000       6      4.032000  
STP_ND3_1          um28nchslogl35hsl140f_ssgwc0p9v125c
                                  0.672000       5      3.360000  
STP_ND3_2          um28nchslogl35hsl140f_ssgwc0p9v125c
                                  1.176000       1      1.176000  
STP_ND4_0P5        um28nchslogl35hsl140f_ssgwc0p9v125c
                                  0.840000       2      1.680000  
STP_ND4_1          um28nchslogl35hsl140f_ssgwc0p9v125c
                                  0.840000       2      1.680000  
STP_ND4_1P5        um28nchslogl35hsl140f_ssgwc0p9v125c
                                  1.512000       2      3.024000  
STP_ND4_4          um28nchslogl35hsl140f_ssgwc0p9v125c
                                  2.856000       1      2.856000  
STP_ND4_MM_1       um28nchslogl35hsl140f_ssgwc0p9v125c
                                  0.840000      11      9.240000  
STP_ND4_MM_4       um28nchslogl35hsl140f_ssgwc0p9v125c
                                  2.520000       1      2.520000  
STP_ND4_MM_8       um28nchslogl35hsl140f_ssgwc0p9v125c
                                  4.536000       1      4.536000  
STP_NR2B_1         um28nchslogl35hsl140f_ssgwc0p9v125c
                                  0.672000      20     13.440000  
STP_NR2B_1P5       um28nchslogl35hsl140f_ssgwc0p9v125c
                                  1.008000       2      2.016000  
STP_NR2B_2         um28nchslogl35hsl140f_ssgwc0p9v125c
                                  1.008000       5      5.040000  
STP_NR2B_3         um28nchslogl35hsl140f_ssgwc0p9v125c
                                  1.512000       1      1.512000  
STP_NR2B_4         um28nchslogl35hsl140f_ssgwc0p9v125c
                                  1.848000       1      1.848000  
STP_NR2B_V1DG_1    um28nchslogl35hsl140f_ssgwc0p9v125c
                                  0.672000       2      1.344000  
STP_NR2B_V1DG_2    um28nchslogl35hsl140f_ssgwc0p9v125c
                                  1.008000       2      2.016000  
STP_NR2B_V1DG_3    um28nchslogl35hsl140f_ssgwc0p9v125c
                                  1.344000       2      2.688000  
STP_NR2_1          um28nchslogl35hsl140f_ssgwc0p9v125c
                                  0.504000      39     19.656000  
STP_NR2_1P5        um28nchslogl35hsl140f_ssgwc0p9v125c
                                  0.840000       2      1.680000  
STP_NR2_3          um28nchslogl35hsl140f_ssgwc0p9v125c
                                  1.176000       7      8.232000  
STP_NR2_6          um28nchslogl35hsl140f_ssgwc0p9v125c
                                  2.184000       1      2.184000  
STP_NR2_G_0P5      um28nchslogl35hsl140f_ssgwc0p9v125c
                                  0.504000      48     24.192000  
STP_NR2_G_0P8      um28nchslogl35hsl140f_ssgwc0p9v125c
                                  0.504000      58     29.232000  
STP_NR2_G_2        um28nchslogl35hsl140f_ssgwc0p9v125c
                                  0.840000      18     15.120000  
STP_NR2_G_3P5      um28nchslogl35hsl140f_ssgwc0p9v125c
                                  1.512000       1      1.512000  
STP_NR2_G_4        um28nchslogl35hsl140f_ssgwc0p9v125c
                                  1.512000       2      3.024000  
STP_NR2_G_5        um28nchslogl35hsl140f_ssgwc0p9v125c
                                  1.848000       1      1.848000  
STP_NR2_G_6        um28nchslogl35hsl140f_ssgwc0p9v125c
                                  2.184000       1      2.184000  
STP_NR2_S_3        um28nchslogl35hsl140f_ssgwc0p9v125c
                                  1.176000       1      1.176000  
STP_NR3_G_0P8      um28nchslogl35hsl140f_ssgwc0p9v125c
                                  0.672000       1      0.672000  
STP_NR3_G_0P65     um28nchslogl35hsl140f_ssgwc0p9v125c
                                  0.672000      14      9.408000  
STP_NR3_G_1        um28nchslogl35hsl140f_ssgwc0p9v125c
                                  0.672000       9      6.048000  
STP_NR3_G_2        um28nchslogl35hsl140f_ssgwc0p9v125c
                                  1.176000       3      3.528000  
STP_NR3_G_3        um28nchslogl35hsl140f_ssgwc0p9v125c
                                  1.680000       1      1.680000  
STP_NR4B_2         um28nchslogl35hsl140f_ssgwc0p9v125c
                                  1.680000       1      1.680000  
STP_NR4_1          um28nchslogl35hsl140f_ssgwc0p9v125c
                                  0.840000       2      1.680000  
STP_NR4_2          um28nchslogl35hsl140f_ssgwc0p9v125c
                                  1.512000       1      1.512000  
STP_NR4_4          um28nchslogl35hsl140f_ssgwc0p9v125c
                                  2.856000       2      5.712000  
STP_OA2BB2_0P5     um28nchslogl35hsl140f_ssgwc0p9v125c
                                  1.008000       3      3.024000  
STP_OA2BB2_1       um28nchslogl35hsl140f_ssgwc0p9v125c
                                  1.008000       2      2.016000  
STP_OA21B_0P5      um28nchslogl35hsl140f_ssgwc0p9v125c
                                  0.840000       2      1.680000  
STP_OA21B_1        um28nchslogl35hsl140f_ssgwc0p9v125c
                                  0.840000       8      6.720000  
STP_OA21B_2        um28nchslogl35hsl140f_ssgwc0p9v125c
                                  1.176000       1      1.176000  
STP_OAI21B_1       um28nchslogl35hsl140f_ssgwc0p9v125c
                                  0.840000       1      0.840000  
STP_OAI21B_2       um28nchslogl35hsl140f_ssgwc0p9v125c
                                  1.512000       1      1.512000  
STP_OAI21_0P5      um28nchslogl35hsl140f_ssgwc0p9v125c
                                  0.672000      25     16.800000  
STP_OAI21_0P75     um28nchslogl35hsl140f_ssgwc0p9v125c
                                  0.672000      12      8.064000  
STP_OAI21_1        um28nchslogl35hsl140f_ssgwc0p9v125c
                                  0.672000       7      4.704000  
STP_OAI22_0P5      um28nchslogl35hsl140f_ssgwc0p9v125c
                                  0.840000      14     11.760000  
STP_OAI22_0P75     um28nchslogl35hsl140f_ssgwc0p9v125c
                                  0.840000       2      1.680000  
STP_OAI22_V3S_1    um28nchslogl35hsl140f_ssgwc0p9v125c
                                  0.840000       5      4.200000  
STP_OAI31_G_0P5    um28nchslogl35hsl140f_ssgwc0p9v125c
                                  0.840000       4      3.360000  
STP_OAI31_G_0P75   um28nchslogl35hsl140f_ssgwc0p9v125c
                                  0.840000       5      4.200000  
STP_OAI31_G_1      um28nchslogl35hsl140f_ssgwc0p9v125c
                                  0.840000       5      4.200000  
STP_OAI31_G_2      um28nchslogl35hsl140f_ssgwc0p9v125c
                                  1.512000       1      1.512000  
STP_OAI211_0P5     um28nchslogl35hsl140f_ssgwc0p9v125c
                                  0.840000       6      5.040000  
STP_OAI211_1       um28nchslogl35hsl140f_ssgwc0p9v125c
                                  0.840000      14     11.760000  
STP_OAI211_1P5     um28nchslogl35hsl140f_ssgwc0p9v125c
                                  1.512000       1      1.512000  
STP_OAO211_DG_4    um28nchslogl35hsl140f_ssgwc0p9v125c
                                  1.512000       1      1.512000  
STP_OAOI211_0P5    um28nchslogl35hsl140f_ssgwc0p9v125c
                                  0.840000       6      5.040000  
STP_OAOI211_1      um28nchslogl35hsl140f_ssgwc0p9v125c
                                  0.840000       6      5.040000  
STP_OAOI211_2      um28nchslogl35hsl140f_ssgwc0p9v125c
                                  1.512000       1      1.512000  
STP_OAOI211_V2_1   um28nchslogl35hsl140f_ssgwc0p9v125c
                                  0.840000       8      6.720000  
STP_OR2_1          um28nchslogl35hsl140f_ssgwc0p9v125c
                                  0.672000       4      2.688000  
STP_OR2_2          um28nchslogl35hsl140f_ssgwc0p9v125c
                                  0.840000       2      1.680000  
STP_OR2_4          um28nchslogl35hsl140f_ssgwc0p9v125c
                                  1.512000       1      1.512000  
STP_OR3B_1         um28nchslogl35hsl140f_ssgwc0p9v125c
                                  0.840000       1      0.840000  
STP_OR3_3          um28nchslogl35hsl140f_ssgwc0p9v125c
                                  1.680000       1      1.680000  
-----------------------------------------------------------------------------
Total 160 references                                 1144.583988
1
