 
****************************************
Report : area
Design : SCC_8LC_decoder
Version: Q-2019.12-SP5-5
Date   : Mon Sep 11 16:36:43 2023
****************************************

Library(s) Used:

    um28nchslogl35hsl140f_ssgwc0p9v125c (File: /media/0/LogicLibraries/UMC/28nm/35hs/hsl/svt/latest/liberty/logic_synth/um28nchslogl35hsl140f_ssgwc0p9v125c.db)

Number of ports:                          139
Number of nets:                          1645
Number of cells:                         1573
Number of combinational cells:           1573
Number of sequential cells:                 0
Number of macros/black boxes:               0
Number of buf/inv:                        372
Number of references:                     233

Combinational area:               2656.919975
Buf/Inv area:                      431.255997
Noncombinational area:               0.000000
Macro/Black Box area:                0.000000
Net Interconnect area:      undefined  (Wire load has zero net area)

Total cell area:                  2656.919975
Total area:                 undefined

The above information was reported from the logical library. The following are from the physical library:

Hierarchical area distribution
------------------------------

                                  Global cell area          Local cell area
                                  ------------------  ---------------------------- 
Hierarchical cell                 Absolute   Percent  Combi-     Noncombi-  Black-
                                  Total      Total    national   national   boxes   Design
--------------------------------  ---------  -------  ---------  ---------  ------  ---------
SCC_8LC_decoder                   2656.9200    100.0  2656.9200     0.0000  0.0000  SCC_8LC_decoder
--------------------------------  ---------  -------  ---------  ---------  ------  ---------
Total                                                 2656.9200     0.0000  0.0000

1
