 
****************************************
Report : resources
Design : SCC_8LC_decoder
Version: Q-2019.12-SP5-5
Date   : Mon Sep 11 16:36:43 2023
****************************************


Resource Report for this hierarchy in file
        /home/xyz123479/verilog/DATE24_SC_ECC/SCC/8LC/Decoder/rtl/SCC_8LC_decoder.sv
=============================================================================
| Cell           | Module         | Parameters | Contained Operations       |
=============================================================================
| ash_1          | DW_leftsh      | A_width=72 | sll_16 (SCC_8LC_decoder.sv:16) |
             |                | SH_width=7 |                            |
| ash_2          | DW_leftsh      | A_width=72 | sll_19 (SCC_8LC_decoder.sv:19) |
             |                | SH_width=7 |                            |
| ash_3          | DW_leftsh      | A_width=72 | sll_22 (SCC_8LC_decoder.sv:22) |
             |                | SH_width=7 |                            |
| ash_4          | DW_leftsh      | A_width=72 | sll_25 (SCC_8LC_decoder.sv:25) |
             |                | SH_width=7 |                            |
=============================================================================


Implementation Report
===============================================================================
|                    |                  | Current            | Set            |
| Cell               | Module           | Implementation     | Implementation |
===============================================================================
| ash_1              | DW_leftsh        | astr (area)        |                |
| ash_2              | DW_leftsh        | astr (area)        |                |
| ash_3              | DW_leftsh        | astr (area)        |                |
| ash_4              | DW_leftsh        | astr (area)        |                |
===============================================================================

1
