 
****************************************
Report : area
Design : IP_DAEC_decoder
Version: Q-2019.12-SP5-5
Date   : Sun Sep 17 23:42:41 2023
****************************************

Library(s) Used:

    um28nchslogl35hsl140f_ssgwc0p9v125c (File: /media/0/LogicLibraries/UMC/28nm/35hs/hsl/svt/latest/liberty/logic_synth/um28nchslogl35hsl140f_ssgwc0p9v125c.db)

Number of ports:                          139
Number of nets:                          1157
Number of cells:                         1086
Number of combinational cells:           1086
Number of sequential cells:                 0
Number of macros/black boxes:               0
Number of buf/inv:                        274
Number of references:                     222

Combinational area:               1683.191985
Buf/Inv area:                      291.143997
Noncombinational area:               0.000000
Macro/Black Box area:                0.000000
Net Interconnect area:      undefined  (Wire load has zero net area)

Total cell area:                  1683.191985
Total area:                 undefined

The above information was reported from the logical library. The following are from the physical library:

Hierarchical area distribution
------------------------------

                                  Global cell area          Local cell area
                                  ------------------  ---------------------------- 
Hierarchical cell                 Absolute   Percent  Combi-     Noncombi-  Black-
                                  Total      Total    national   national   boxes   Design
--------------------------------  ---------  -------  ---------  ---------  ------  ---------
IP_DAEC_decoder                   1683.1920    100.0  1683.1920     0.0000  0.0000  IP_DAEC_decoder
--------------------------------  ---------  -------  ---------  ---------  ------  ---------
Total                                                 1683.1920     0.0000  0.0000

1
