 
****************************************
Report : reference
Design : IP_DAEC_decoder
Version: Q-2019.12-SP5-5
Date   : Mon Sep 11 19:11:27 2023
****************************************

Attributes:
    b - black box (unknown)
   bo - allows boundary optimization
    d - dont_touch
   mo - map_only
    h - hierarchical
    n - noncombinational
    r - removable
    s - synthetic operator
    u - contains unmapped logic

Reference          Library       Unit Area   Count    Total Area   Attributes
-----------------------------------------------------------------------------
STP_AO2BB2_0P5     um28nchslogl35hsl140f_ssgwc0p9v125c
                                  1.008000       3      3.024000  
STP_AO21B_1        um28nchslogl35hsl140f_ssgwc0p9v125c
                                  0.840000       1      0.840000  
STP_AO21_1         um28nchslogl35hsl140f_ssgwc0p9v125c
                                  0.840000      18     15.120000  
STP_AO22_0P5       um28nchslogl35hsl140f_ssgwc0p9v125c
                                  1.008000       1      1.008000  
STP_AOAI211_0P5    um28nchslogl35hsl140f_ssgwc0p9v125c
                                  0.840000       9      7.560000  
STP_AOAI211_0P75   um28nchslogl35hsl140f_ssgwc0p9v125c
                                  0.840000       2      1.680000  
STP_AOI21_0P75     um28nchslogl35hsl140f_ssgwc0p9v125c
                                  0.672000      14      9.408000  
STP_AOI21_1        um28nchslogl35hsl140f_ssgwc0p9v125c
                                  0.672000      10      6.720000  
STP_AOI22_0P5      um28nchslogl35hsl140f_ssgwc0p9v125c
                                  0.840000       4      3.360000  
STP_AOI22_0P75     um28nchslogl35hsl140f_ssgwc0p9v125c
                                  0.840000       2      1.680000  
STP_AOI22_1        um28nchslogl35hsl140f_ssgwc0p9v125c
                                  0.840000       1      0.840000  
STP_AOI31_0P5      um28nchslogl35hsl140f_ssgwc0p9v125c
                                  0.840000       1      0.840000  
STP_AOI211_0P5     um28nchslogl35hsl140f_ssgwc0p9v125c
                                  0.840000       6      5.040000  
STP_AOI211_0P75    um28nchslogl35hsl140f_ssgwc0p9v125c
                                  0.840000       8      6.720000  
STP_AOI211_1P5     um28nchslogl35hsl140f_ssgwc0p9v125c
                                  1.512000       1      1.512000  
STP_AOI211_G_1     um28nchslogl35hsl140f_ssgwc0p9v125c
                                  0.840000       3      2.520000  
STP_BUF_D_2        um28nchslogl35hsl140f_ssgwc0p9v125c
                                  0.672000       1      0.672000  
STP_BUF_S_3        um28nchslogl35hsl140f_ssgwc0p9v125c
                                  1.008000       1      1.008000  
STP_BUF_S_8        um28nchslogl35hsl140f_ssgwc0p9v125c
                                  2.184000       1      2.184000  
STP_EN2_0P5        um28nchslogl35hsl140f_ssgwc0p9v125c
                                  1.344000       3      4.032000  
STP_EN2_3          um28nchslogl35hsl140f_ssgwc0p9v125c
                                  3.024000       4     12.096000  
STP_EN2_8          um28nchslogl35hsl140f_ssgwc0p9v125c
                                  5.880000       2     11.760000  
STP_EN2_S_1        um28nchslogl35hsl140f_ssgwc0p9v125c
                                  1.512000       7     10.584000  
STP_EN2_S_2        um28nchslogl35hsl140f_ssgwc0p9v125c
                                  1.680000       2      3.360000  
STP_EN3_1          um28nchslogl35hsl140f_ssgwc0p9v125c
                                  2.184000       3      6.552000  
STP_EN3_2          um28nchslogl35hsl140f_ssgwc0p9v125c
                                  2.688000       1      2.688000  
STP_EN3_3          um28nchslogl35hsl140f_ssgwc0p9v125c
                                  4.032000       7     28.224000  
STP_EO2_1          um28nchslogl35hsl140f_ssgwc0p9v125c
                                  1.512000       2      3.024000  
STP_EO2_3          um28nchslogl35hsl140f_ssgwc0p9v125c
                                  2.856000       1      2.856000  
STP_EO2_S_0P5      um28nchslogl35hsl140f_ssgwc0p9v125c
                                  1.512000      10     15.120000  
STP_EO2_S_2        um28nchslogl35hsl140f_ssgwc0p9v125c
                                  1.512000      11     16.632000  
STP_EO3_0P5        um28nchslogl35hsl140f_ssgwc0p9v125c
                                  1.512000       9     13.608000  
STP_EO3_1          um28nchslogl35hsl140f_ssgwc0p9v125c
                                  2.184000       4      8.736000  
STP_EO3_2          um28nchslogl35hsl140f_ssgwc0p9v125c
                                  2.688000       5     13.440000  
STP_EO3_3          um28nchslogl35hsl140f_ssgwc0p9v125c
                                  4.200000      12     50.399998  
STP_INV_1P5        um28nchslogl35hsl140f_ssgwc0p9v125c
                                  0.504000       4      2.016000  
STP_INV_2          um28nchslogl35hsl140f_ssgwc0p9v125c
                                  0.504000      10      5.040000  
STP_INV_2P5        um28nchslogl35hsl140f_ssgwc0p9v125c
                                  0.672000       1      0.672000  
STP_INV_3P5        um28nchslogl35hsl140f_ssgwc0p9v125c
                                  0.840000       1      0.840000  
STP_INV_4          um28nchslogl35hsl140f_ssgwc0p9v125c
                                  0.840000       1      0.840000  
STP_INV_6          um28nchslogl35hsl140f_ssgwc0p9v125c
                                  1.176000       2      2.352000  
STP_INV_S_0P65     um28nchslogl35hsl140f_ssgwc0p9v125c
                                  0.336000      48     16.128000  
STP_INV_S_1        um28nchslogl35hsl140f_ssgwc0p9v125c
                                  0.336000      37     12.432000  
STP_INV_S_1P25     um28nchslogl35hsl140f_ssgwc0p9v125c
                                  0.504000       2      1.008000  
STP_INV_S_5        um28nchslogl35hsl140f_ssgwc0p9v125c
                                  1.008000       2      2.016000  
STP_MUX2AN2_MG_1   um28nchslogl35hsl140f_ssgwc0p9v125c
                                  1.344000      33     44.351999  
STP_MUX2AN2_MG_2   um28nchslogl35hsl140f_ssgwc0p9v125c
                                  1.512000       4      6.048000  
STP_MUX2_S_0P5     um28nchslogl35hsl140f_ssgwc0p9v125c
                                  1.176000       4      4.704000  
STP_MUXI2_MG_0P5   um28nchslogl35hsl140f_ssgwc0p9v125c
                                  1.008000      26     26.208000  
STP_MUXI2_MG_0P75  um28nchslogl35hsl140f_ssgwc0p9v125c
                                  1.008000       7      7.056000  
STP_MUXI2_MG_1P5   um28nchslogl35hsl140f_ssgwc0p9v125c
                                  1.680000       2      3.360000  
STP_ND2B_1         um28nchslogl35hsl140f_ssgwc0p9v125c
                                  0.672000       4      2.688000  
STP_ND2B_2         um28nchslogl35hsl140f_ssgwc0p9v125c
                                  1.008000       2      2.016000  
STP_ND2B_MM_1      um28nchslogl35hsl140f_ssgwc0p9v125c
                                  0.672000       1      0.672000  
STP_ND2B_V1DG_1    um28nchslogl35hsl140f_ssgwc0p9v125c
                                  0.672000       1      0.672000  
STP_ND2_1P5        um28nchslogl35hsl140f_ssgwc0p9v125c
                                  0.840000       1      0.840000  
STP_ND2_G_1        um28nchslogl35hsl140f_ssgwc0p9v125c
                                  0.504000      45     22.680000  
STP_ND2_G_2        um28nchslogl35hsl140f_ssgwc0p9v125c
                                  0.840000       8      6.720000  
STP_ND2_G_3        um28nchslogl35hsl140f_ssgwc0p9v125c
                                  1.176000       1      1.176000  
STP_ND2_G_4        um28nchslogl35hsl140f_ssgwc0p9v125c
                                  1.512000       2      3.024000  
STP_ND2_S_0P8      um28nchslogl35hsl140f_ssgwc0p9v125c
                                  0.504000      57     28.728000  
STP_ND2_S_1        um28nchslogl35hsl140f_ssgwc0p9v125c
                                  0.504000      11      5.544000  
STP_ND2_S_2        um28nchslogl35hsl140f_ssgwc0p9v125c
                                  0.840000       3      2.520000  
STP_ND2_S_5        um28nchslogl35hsl140f_ssgwc0p9v125c
                                  1.512000       1      1.512000  
STP_ND3B_V1DG_2    um28nchslogl35hsl140f_ssgwc0p9v125c
                                  1.344000       1      1.344000  
STP_ND3_0P5        um28nchslogl35hsl140f_ssgwc0p9v125c
                                  0.672000      11      7.392000  
STP_ND3_1          um28nchslogl35hsl140f_ssgwc0p9v125c
                                  0.672000       1      0.672000  
STP_ND3_2          um28nchslogl35hsl140f_ssgwc0p9v125c
                                  1.176000       1      1.176000  
STP_ND4_0P5        um28nchslogl35hsl140f_ssgwc0p9v125c
                                  0.840000       1      0.840000  
STP_ND4_1          um28nchslogl35hsl140f_ssgwc0p9v125c
                                  0.840000       2      1.680000  
STP_ND4_1P5        um28nchslogl35hsl140f_ssgwc0p9v125c
                                  1.512000       1      1.512000  
STP_ND4_8          um28nchslogl35hsl140f_ssgwc0p9v125c
                                  5.208000       1      5.208000  
STP_ND4_MM_1       um28nchslogl35hsl140f_ssgwc0p9v125c
                                  0.840000       2      1.680000  
STP_ND4_MM_4       um28nchslogl35hsl140f_ssgwc0p9v125c
                                  2.520000       1      2.520000  
STP_NR2B_1         um28nchslogl35hsl140f_ssgwc0p9v125c
                                  0.672000       8      5.376000  
STP_NR2B_1P5       um28nchslogl35hsl140f_ssgwc0p9v125c
                                  1.008000       1      1.008000  
STP_NR2B_2         um28nchslogl35hsl140f_ssgwc0p9v125c
                                  1.008000       2      2.016000  
STP_NR2B_3         um28nchslogl35hsl140f_ssgwc0p9v125c
                                  1.512000       3      4.536000  
STP_NR2B_4         um28nchslogl35hsl140f_ssgwc0p9v125c
                                  1.848000       1      1.848000  
STP_NR2B_V1DG_1    um28nchslogl35hsl140f_ssgwc0p9v125c
                                  0.672000       1      0.672000  
STP_NR2_1          um28nchslogl35hsl140f_ssgwc0p9v125c
                                  0.504000      20     10.080000  
STP_NR2_1P5        um28nchslogl35hsl140f_ssgwc0p9v125c
                                  0.840000       3      2.520000  
STP_NR2_3          um28nchslogl35hsl140f_ssgwc0p9v125c
                                  1.176000       2      2.352000  
STP_NR2_G_0P5      um28nchslogl35hsl140f_ssgwc0p9v125c
                                  0.504000      36     18.144000  
STP_NR2_G_0P8      um28nchslogl35hsl140f_ssgwc0p9v125c
                                  0.504000      20     10.080000  
STP_NR2_G_2        um28nchslogl35hsl140f_ssgwc0p9v125c
                                  0.840000      10      8.400000  
STP_NR2_G_4        um28nchslogl35hsl140f_ssgwc0p9v125c
                                  1.512000       1      1.512000  
STP_NR3_G_0P65     um28nchslogl35hsl140f_ssgwc0p9v125c
                                  0.672000      10      6.720000  
STP_NR3_G_1        um28nchslogl35hsl140f_ssgwc0p9v125c
                                  0.672000       2      1.344000  
STP_NR3_G_2        um28nchslogl35hsl140f_ssgwc0p9v125c
                                  1.176000       4      4.704000  
STP_NR4_0P5        um28nchslogl35hsl140f_ssgwc0p9v125c
                                  0.840000       1      0.840000  
STP_NR4_2          um28nchslogl35hsl140f_ssgwc0p9v125c
                                  1.512000       1      1.512000  
STP_NR4_4          um28nchslogl35hsl140f_ssgwc0p9v125c
                                  2.856000       1      2.856000  
STP_OA2BB2_0P5     um28nchslogl35hsl140f_ssgwc0p9v125c
                                  1.008000       2      2.016000  
STP_OA21B_0P5      um28nchslogl35hsl140f_ssgwc0p9v125c
                                  0.840000       1      0.840000  
STP_OA21B_1        um28nchslogl35hsl140f_ssgwc0p9v125c
                                  0.840000       1      0.840000  
STP_OA21B_2        um28nchslogl35hsl140f_ssgwc0p9v125c
                                  1.176000       2      2.352000  
STP_OA21_1         um28nchslogl35hsl140f_ssgwc0p9v125c
                                  0.840000       1      0.840000  
STP_OAI21B_0P5     um28nchslogl35hsl140f_ssgwc0p9v125c
                                  0.840000       2      1.680000  
STP_OAI21B_1       um28nchslogl35hsl140f_ssgwc0p9v125c
                                  0.840000       1      0.840000  
STP_OAI21_0P5      um28nchslogl35hsl140f_ssgwc0p9v125c
                                  0.672000      23     15.456000  
STP_OAI21_0P75     um28nchslogl35hsl140f_ssgwc0p9v125c
                                  0.672000       4      2.688000  
STP_OAI21_1        um28nchslogl35hsl140f_ssgwc0p9v125c
                                  0.672000       7      4.704000  
STP_OAI21_1P5      um28nchslogl35hsl140f_ssgwc0p9v125c
                                  1.176000       1      1.176000  
STP_OAI22_0P5      um28nchslogl35hsl140f_ssgwc0p9v125c
                                  0.840000       2      1.680000  
STP_OAI22_0P75     um28nchslogl35hsl140f_ssgwc0p9v125c
                                  0.840000       1      0.840000  
STP_OAI31_G_0P5    um28nchslogl35hsl140f_ssgwc0p9v125c
                                  0.840000       1      0.840000  
STP_OAI31_G_0P75   um28nchslogl35hsl140f_ssgwc0p9v125c
                                  0.840000       2      1.680000  
STP_OAI211_0P5     um28nchslogl35hsl140f_ssgwc0p9v125c
                                  0.840000       5      4.200000  
STP_OAI211_1       um28nchslogl35hsl140f_ssgwc0p9v125c
                                  0.840000       6      5.040000  
STP_OAI211_1P5     um28nchslogl35hsl140f_ssgwc0p9v125c
                                  1.512000       2      3.024000  
STP_OAOI211_0P5    um28nchslogl35hsl140f_ssgwc0p9v125c
                                  0.840000       7      5.880000  
STP_OAOI211_1      um28nchslogl35hsl140f_ssgwc0p9v125c
                                  0.840000       5      4.200000  
STP_OAOI211_V2_1   um28nchslogl35hsl140f_ssgwc0p9v125c
                                  0.840000       1      0.840000  
STP_OR2_1          um28nchslogl35hsl140f_ssgwc0p9v125c
                                  0.672000       1      0.672000  
STP_OR2_2          um28nchslogl35hsl140f_ssgwc0p9v125c
                                  0.840000       1      0.840000  
-----------------------------------------------------------------------------
Total 116 references                                  662.423993
1
