 
****************************************
Report : timing
        -path full
        -delay max
        -nworst 10
        -max_paths 10
Design : SEC_DED_encoder
Version: Q-2019.12-SP5-5
Date   : Sun Sep 17 23:43:48 2023
****************************************

Operating Conditions: SSGWC0P9V125C   Library: um28nchslogl35hsl140f_ssgwc0p9v125c
Wire Load Model Mode: enclosed

  Startpoint: message[6] (input port clocked by vclk)
  Endpoint: codeword[4]
            (output port clocked by vclk)
  Path Group: vclk
  Path Type: max

  Des/Clust/Port     Wire Load Model       Library
  ------------------------------------------------
  SEC_DED_encoder    ZeroWLM               um28nchslogl35hsl140f_ssgwc0p9v125c

  Point                                    Incr       Path
  -----------------------------------------------------------
  clock vclk (rise edge)                   0.00       0.00
  clock network delay (ideal)              0.00       0.00
  input external delay                     0.00       0.00 f
  message[6] (in)                          0.00       0.00 f
  U114/X (STP_INV_S_0P65)                  0.03       0.03 r
  U164/X (STP_MUXI2_MG_0P75)               0.04       0.06 r
  U165/X (STP_EN2_S_2)                     0.05       0.11 f
  U166/X (STP_EO3_0P5)                     0.09       0.20 f
  U127/X (STP_EO3_1)                       0.08       0.28 f
  U168/X (STP_EO3_0P5)                     0.04       0.31 f
  U169/X (STP_EO3_0P5)                     0.08       0.40 f
  codeword[4] (out)                        0.00       0.40 f
  data arrival time                                   0.40

  clock vclk (rise edge)                   0.40       0.40
  clock network delay (ideal)              0.00       0.40
  output external delay                    0.00       0.40
  data required time                                  0.40
  -----------------------------------------------------------
  data required time                                  0.40
  data arrival time                                  -0.40
  -----------------------------------------------------------
  slack (MET)                                         0.00


  Startpoint: message[6] (input port clocked by vclk)
  Endpoint: codeword[4]
            (output port clocked by vclk)
  Path Group: vclk
  Path Type: max

  Des/Clust/Port     Wire Load Model       Library
  ------------------------------------------------
  SEC_DED_encoder    ZeroWLM               um28nchslogl35hsl140f_ssgwc0p9v125c

  Point                                    Incr       Path
  -----------------------------------------------------------
  clock vclk (rise edge)                   0.00       0.00
  clock network delay (ideal)              0.00       0.00
  input external delay                     0.00       0.00 f
  message[6] (in)                          0.00       0.00 f
  U114/X (STP_INV_S_0P65)                  0.03       0.03 r
  U164/X (STP_MUXI2_MG_0P75)               0.04       0.06 r
  U165/X (STP_EN2_S_2)                     0.05       0.11 f
  U166/X (STP_EO3_0P5)                     0.09       0.20 f
  U127/X (STP_EO3_1)                       0.08       0.27 r
  U168/X (STP_EO3_0P5)                     0.04       0.31 f
  U169/X (STP_EO3_0P5)                     0.08       0.40 f
  codeword[4] (out)                        0.00       0.40 f
  data arrival time                                   0.40

  clock vclk (rise edge)                   0.40       0.40
  clock network delay (ideal)              0.00       0.40
  output external delay                    0.00       0.40
  data required time                                  0.40
  -----------------------------------------------------------
  data required time                                  0.40
  data arrival time                                  -0.40
  -----------------------------------------------------------
  slack (MET)                                         0.00


  Startpoint: message[6] (input port clocked by vclk)
  Endpoint: codeword[4]
            (output port clocked by vclk)
  Path Group: vclk
  Path Type: max

  Des/Clust/Port     Wire Load Model       Library
  ------------------------------------------------
  SEC_DED_encoder    ZeroWLM               um28nchslogl35hsl140f_ssgwc0p9v125c

  Point                                    Incr       Path
  -----------------------------------------------------------
  clock vclk (rise edge)                   0.00       0.00
  clock network delay (ideal)              0.00       0.00
  input external delay                     0.00       0.00 f
  message[6] (in)                          0.00       0.00 f
  U114/X (STP_INV_S_0P65)                  0.03       0.03 r
  U164/X (STP_MUXI2_MG_0P75)               0.04       0.06 r
  U165/X (STP_EN2_S_2)                     0.05       0.11 f
  U166/X (STP_EO3_0P5)                     0.09       0.20 f
  U127/X (STP_EO3_1)                       0.08       0.27 r
  U168/X (STP_EO3_0P5)                     0.04       0.31 f
  U169/X (STP_EO3_0P5)                     0.08       0.40 f
  codeword[4] (out)                        0.00       0.40 f
  data arrival time                                   0.40

  clock vclk (rise edge)                   0.40       0.40
  clock network delay (ideal)              0.00       0.40
  output external delay                    0.00       0.40
  data required time                                  0.40
  -----------------------------------------------------------
  data required time                                  0.40
  data arrival time                                  -0.40
  -----------------------------------------------------------
  slack (MET)                                         0.00


  Startpoint: message[6] (input port clocked by vclk)
  Endpoint: codeword[4]
            (output port clocked by vclk)
  Path Group: vclk
  Path Type: max

  Des/Clust/Port     Wire Load Model       Library
  ------------------------------------------------
  SEC_DED_encoder    ZeroWLM               um28nchslogl35hsl140f_ssgwc0p9v125c

  Point                                    Incr       Path
  -----------------------------------------------------------
  clock vclk (rise edge)                   0.00       0.00
  clock network delay (ideal)              0.00       0.00
  input external delay                     0.00       0.00 f
  message[6] (in)                          0.00       0.00 f
  U114/X (STP_INV_S_0P65)                  0.03       0.03 r
  U164/X (STP_MUXI2_MG_0P75)               0.04       0.06 r
  U165/X (STP_EN2_S_2)                     0.05       0.11 f
  U166/X (STP_EO3_0P5)                     0.09       0.20 f
  U127/X (STP_EO3_1)                       0.08       0.28 f
  U168/X (STP_EO3_0P5)                     0.04       0.31 f
  U169/X (STP_EO3_0P5)                     0.08       0.40 f
  codeword[4] (out)                        0.00       0.40 f
  data arrival time                                   0.40

  clock vclk (rise edge)                   0.40       0.40
  clock network delay (ideal)              0.00       0.40
  output external delay                    0.00       0.40
  data required time                                  0.40
  -----------------------------------------------------------
  data required time                                  0.40
  data arrival time                                  -0.40
  -----------------------------------------------------------
  slack (MET)                                         0.00


  Startpoint: message[35]
              (input port clocked by vclk)
  Endpoint: codeword[6]
            (output port clocked by vclk)
  Path Group: vclk
  Path Type: max

  Des/Clust/Port     Wire Load Model       Library
  ------------------------------------------------
  SEC_DED_encoder    ZeroWLM               um28nchslogl35hsl140f_ssgwc0p9v125c

  Point                                    Incr       Path
  -----------------------------------------------------------
  clock vclk (rise edge)                   0.00       0.00
  clock network delay (ideal)              0.00       0.00
  input external delay                     0.00       0.00 f
  message[35] (in)                         0.00       0.00 f
  U174/X (STP_OA2BB2_1)                    0.06       0.06 f
  U175/X (STP_EO3_1)                       0.08       0.14 f
  U176/X (STP_EO3_0P5)                     0.09       0.22 f
  U130/X (STP_EO3_0P5)                     0.09       0.31 f
  U177/X (STP_EO3_0P5)                     0.08       0.40 f
  codeword[6] (out)                        0.00       0.40 f
  data arrival time                                   0.40

  clock vclk (rise edge)                   0.40       0.40
  clock network delay (ideal)              0.00       0.40
  output external delay                    0.00       0.40
  data required time                                  0.40
  -----------------------------------------------------------
  data required time                                  0.40
  data arrival time                                  -0.40
  -----------------------------------------------------------
  slack (MET)                                         0.00


  Startpoint: message[6] (input port clocked by vclk)
  Endpoint: codeword[4]
            (output port clocked by vclk)
  Path Group: vclk
  Path Type: max

  Des/Clust/Port     Wire Load Model       Library
  ------------------------------------------------
  SEC_DED_encoder    ZeroWLM               um28nchslogl35hsl140f_ssgwc0p9v125c

  Point                                    Incr       Path
  -----------------------------------------------------------
  clock vclk (rise edge)                   0.00       0.00
  clock network delay (ideal)              0.00       0.00
  input external delay                     0.00       0.00 f
  message[6] (in)                          0.00       0.00 f
  U114/X (STP_INV_S_0P65)                  0.03       0.03 r
  U164/X (STP_MUXI2_MG_0P75)               0.04       0.06 r
  U165/X (STP_EN2_S_2)                     0.05       0.11 f
  U166/X (STP_EO3_0P5)                     0.09       0.20 f
  U127/X (STP_EO3_1)                       0.08       0.28 f
  U168/X (STP_EO3_0P5)                     0.04       0.32 r
  U169/X (STP_EO3_0P5)                     0.07       0.40 r
  codeword[4] (out)                        0.00       0.40 r
  data arrival time                                   0.40

  clock vclk (rise edge)                   0.40       0.40
  clock network delay (ideal)              0.00       0.40
  output external delay                    0.00       0.40
  data required time                                  0.40
  -----------------------------------------------------------
  data required time                                  0.40
  data arrival time                                  -0.40
  -----------------------------------------------------------
  slack (MET)                                         0.00


  Startpoint: message[6] (input port clocked by vclk)
  Endpoint: codeword[4]
            (output port clocked by vclk)
  Path Group: vclk
  Path Type: max

  Des/Clust/Port     Wire Load Model       Library
  ------------------------------------------------
  SEC_DED_encoder    ZeroWLM               um28nchslogl35hsl140f_ssgwc0p9v125c

  Point                                    Incr       Path
  -----------------------------------------------------------
  clock vclk (rise edge)                   0.00       0.00
  clock network delay (ideal)              0.00       0.00
  input external delay                     0.00       0.00 f
  message[6] (in)                          0.00       0.00 f
  U114/X (STP_INV_S_0P65)                  0.03       0.03 r
  U164/X (STP_MUXI2_MG_0P75)               0.04       0.06 r
  U165/X (STP_EN2_S_2)                     0.05       0.11 f
  U166/X (STP_EO3_0P5)                     0.09       0.20 f
  U127/X (STP_EO3_1)                       0.08       0.28 f
  U168/X (STP_EO3_0P5)                     0.04       0.32 r
  U169/X (STP_EO3_0P5)                     0.07       0.40 r
  codeword[4] (out)                        0.00       0.40 r
  data arrival time                                   0.40

  clock vclk (rise edge)                   0.40       0.40
  clock network delay (ideal)              0.00       0.40
  output external delay                    0.00       0.40
  data required time                                  0.40
  -----------------------------------------------------------
  data required time                                  0.40
  data arrival time                                  -0.40
  -----------------------------------------------------------
  slack (MET)                                         0.00


  Startpoint: message[35]
              (input port clocked by vclk)
  Endpoint: codeword[6]
            (output port clocked by vclk)
  Path Group: vclk
  Path Type: max

  Des/Clust/Port     Wire Load Model       Library
  ------------------------------------------------
  SEC_DED_encoder    ZeroWLM               um28nchslogl35hsl140f_ssgwc0p9v125c

  Point                                    Incr       Path
  -----------------------------------------------------------
  clock vclk (rise edge)                   0.00       0.00
  clock network delay (ideal)              0.00       0.00
  input external delay                     0.00       0.00 f
  message[35] (in)                         0.00       0.00 f
  U174/X (STP_OA2BB2_1)                    0.05       0.05 f
  U175/X (STP_EO3_1)                       0.08       0.14 f
  U176/X (STP_EO3_0P5)                     0.09       0.22 f
  U130/X (STP_EO3_0P5)                     0.09       0.31 f
  U177/X (STP_EO3_0P5)                     0.08       0.39 f
  codeword[6] (out)                        0.00       0.39 f
  data arrival time                                   0.39

  clock vclk (rise edge)                   0.40       0.40
  clock network delay (ideal)              0.00       0.40
  output external delay                    0.00       0.40
  data required time                                  0.40
  -----------------------------------------------------------
  data required time                                  0.40
  data arrival time                                  -0.39
  -----------------------------------------------------------
  slack (MET)                                         0.01


  Startpoint: message[35]
              (input port clocked by vclk)
  Endpoint: codeword[6]
            (output port clocked by vclk)
  Path Group: vclk
  Path Type: max

  Des/Clust/Port     Wire Load Model       Library
  ------------------------------------------------
  SEC_DED_encoder    ZeroWLM               um28nchslogl35hsl140f_ssgwc0p9v125c

  Point                                    Incr       Path
  -----------------------------------------------------------
  clock vclk (rise edge)                   0.00       0.00
  clock network delay (ideal)              0.00       0.00
  input external delay                     0.00       0.00 f
  message[35] (in)                         0.00       0.00 f
  U174/X (STP_OA2BB2_1)                    0.05       0.05 f
  U175/X (STP_EO3_1)                       0.08       0.14 f
  U176/X (STP_EO3_0P5)                     0.09       0.22 f
  U130/X (STP_EO3_0P5)                     0.09       0.31 f
  U177/X (STP_EO3_0P5)                     0.08       0.39 f
  codeword[6] (out)                        0.00       0.39 f
  data arrival time                                   0.39

  clock vclk (rise edge)                   0.40       0.40
  clock network delay (ideal)              0.00       0.40
  output external delay                    0.00       0.40
  data required time                                  0.40
  -----------------------------------------------------------
  data required time                                  0.40
  data arrival time                                  -0.39
  -----------------------------------------------------------
  slack (MET)                                         0.01


  Startpoint: message[13]
              (input port clocked by vclk)
  Endpoint: codeword[6]
            (output port clocked by vclk)
  Path Group: vclk
  Path Type: max

  Des/Clust/Port     Wire Load Model       Library
  ------------------------------------------------
  SEC_DED_encoder    ZeroWLM               um28nchslogl35hsl140f_ssgwc0p9v125c

  Point                                    Incr       Path
  -----------------------------------------------------------
  clock vclk (rise edge)                   0.00       0.00
  clock network delay (ideal)              0.00       0.00
  input external delay                     0.00       0.00 f
  message[13] (in)                         0.00       0.00 f
  U174/X (STP_OA2BB2_1)                    0.05       0.05 f
  U175/X (STP_EO3_1)                       0.08       0.13 f
  U176/X (STP_EO3_0P5)                     0.09       0.22 f
  U130/X (STP_EO3_0P5)                     0.09       0.31 f
  U177/X (STP_EO3_0P5)                     0.08       0.39 f
  codeword[6] (out)                        0.00       0.39 f
  data arrival time                                   0.39

  clock vclk (rise edge)                   0.40       0.40
  clock network delay (ideal)              0.00       0.40
  output external delay                    0.00       0.40
  data required time                                  0.40
  -----------------------------------------------------------
  data required time                                  0.40
  data arrival time                                  -0.39
  -----------------------------------------------------------
  slack (MET)                                         0.01


1
