 
****************************************
Report : area
Design : SEC_DED_encoder
Version: Q-2019.12-SP5-5
Date   : Sun Sep 17 23:43:48 2023
****************************************

Library(s) Used:

    um28nchslogl35hsl140f_ssgwc0p9v125c (File: /media/0/LogicLibraries/UMC/28nm/35hs/hsl/svt/latest/liberty/logic_synth/um28nchslogl35hsl140f_ssgwc0p9v125c.db)

Number of ports:                          136
Number of nets:                           147
Number of cells:                           83
Number of combinational cells:             83
Number of sequential cells:                 0
Number of macros/black boxes:               0
Number of buf/inv:                          6
Number of references:                      12

Combinational area:                115.415998
Buf/Inv area:                        2.016000
Noncombinational area:               0.000000
Macro/Black Box area:                0.000000
Net Interconnect area:      undefined  (Wire load has zero net area)

Total cell area:                   115.415998
Total area:                 undefined

The above information was reported from the logical library. The following are from the physical library:

Hierarchical area distribution
------------------------------

                                  Global cell area          Local cell area
                                  ------------------  --------------------------- 
Hierarchical cell                 Absolute   Percent  Combi-    Noncombi-  Black-
                                  Total      Total    national  national   boxes   Design
--------------------------------  ---------  -------  --------  ---------  ------  ---------
SEC_DED_encoder                    115.4160    100.0  115.4160     0.0000  0.0000  SEC_DED_encoder
--------------------------------  ---------  -------  --------  ---------  ------  ---------
Total                                                 115.4160     0.0000  0.0000

1
