 
****************************************
Report : hierarchy
        -full
Design : SEC_DED_encoder
Version: Q-2019.12-SP5-5
Date   : Sun Sep 17 23:43:48 2023
****************************************

SEC_DED_encoder
    STP_AO2BB2_0P5            um28nchslogl35hsl140f_ssgwc0p9v125c
    STP_AO2BB2_V3_1           um28nchslogl35hsl140f_ssgwc0p9v125c
    STP_EN2_S_2               um28nchslogl35hsl140f_ssgwc0p9v125c
    STP_EO2_1                 um28nchslogl35hsl140f_ssgwc0p9v125c
    STP_EO2_S_0P5             um28nchslogl35hsl140f_ssgwc0p9v125c
    STP_EO3_0P5               um28nchslogl35hsl140f_ssgwc0p9v125c
    STP_EO3_1                 um28nchslogl35hsl140f_ssgwc0p9v125c
    STP_INV_S_0P65            um28nchslogl35hsl140f_ssgwc0p9v125c
    STP_INV_S_1               um28nchslogl35hsl140f_ssgwc0p9v125c
    STP_MUXI2_MG_0P75         um28nchslogl35hsl140f_ssgwc0p9v125c
    STP_OA2BB2_0P5            um28nchslogl35hsl140f_ssgwc0p9v125c
    STP_OA2BB2_1              um28nchslogl35hsl140f_ssgwc0p9v125c
1
