 
****************************************
Report : area
Design : SCC_4LC_encoder
Version: Q-2019.12-SP5-5
Date   : Mon Sep 11 18:03:27 2023
****************************************

Library(s) Used:

    um28nchslogl35hsl140f_ssgwc0p9v125c (File: /media/0/LogicLibraries/UMC/28nm/35hs/hsl/svt/latest/liberty/logic_synth/um28nchslogl35hsl140f_ssgwc0p9v125c.db)

Number of ports:                          135
Number of nets:                           142
Number of cells:                           78
Number of combinational cells:             78
Number of sequential cells:                 0
Number of macros/black boxes:               0
Number of buf/inv:                          2
Number of references:                       4

Combinational area:                105.503998
Buf/Inv area:                        0.672000
Noncombinational area:               0.000000
Macro/Black Box area:                0.000000
Net Interconnect area:      undefined  (Wire load has zero net area)

Total cell area:                   105.503998
Total area:                 undefined

The above information was reported from the logical library. The following are from the physical library:

Hierarchical area distribution
------------------------------

                                  Global cell area          Local cell area
                                  ------------------  --------------------------- 
Hierarchical cell                 Absolute   Percent  Combi-    Noncombi-  Black-
                                  Total      Total    national  national   boxes   Design
--------------------------------  ---------  -------  --------  ---------  ------  ---------
SCC_4LC_encoder                    105.5040    100.0  105.5040     0.0000  0.0000  SCC_4LC_encoder
--------------------------------  ---------  -------  --------  ---------  ------  ---------
Total                                                 105.5040     0.0000  0.0000

1
