 
****************************************
Report : reference
Design : SEC_DED_decoder
Version: Q-2019.12-SP5-5
Date   : Sun Sep 17 23:45:06 2023
****************************************

Attributes:
    b - black box (unknown)
   bo - allows boundary optimization
    d - dont_touch
   mo - map_only
    h - hierarchical
    n - noncombinational
    r - removable
    s - synthetic operator
    u - contains unmapped logic

Reference          Library       Unit Area   Count    Total Area   Attributes
-----------------------------------------------------------------------------
STP_AN2_2          um28nchslogl35hsl140f_ssgwc0p9v125c
                                  0.840000       1      0.840000  
STP_AN2_7          um28nchslogl35hsl140f_ssgwc0p9v125c
                                  2.688000       1      2.688000  
STP_AN2_MG_6       um28nchslogl35hsl140f_ssgwc0p9v125c
                                  1.848000       1      1.848000  
STP_AN3B_2         um28nchslogl35hsl140f_ssgwc0p9v125c
                                  1.176000       1      1.176000  
STP_AN4B_1         um28nchslogl35hsl140f_ssgwc0p9v125c
                                  1.008000       1      1.008000  
STP_AO2BB2_4       um28nchslogl35hsl140f_ssgwc0p9v125c
                                  2.856000       1      2.856000  
STP_AO21B_2        um28nchslogl35hsl140f_ssgwc0p9v125c
                                  1.176000       1      1.176000  
STP_AOI21_0P75     um28nchslogl35hsl140f_ssgwc0p9v125c
                                  0.672000       2      1.344000  
STP_AOI21_1        um28nchslogl35hsl140f_ssgwc0p9v125c
                                  0.672000       3      2.016000  
STP_AOI21_2        um28nchslogl35hsl140f_ssgwc0p9v125c
                                  1.176000       1      1.176000  
STP_AOI21_4        um28nchslogl35hsl140f_ssgwc0p9v125c
                                  2.184000       1      2.184000  
STP_AOI21_6        um28nchslogl35hsl140f_ssgwc0p9v125c
                                  3.192000       2      6.384000  
STP_AOI22_0P5      um28nchslogl35hsl140f_ssgwc0p9v125c
                                  0.840000       2      1.680000  
STP_AOI22_1        um28nchslogl35hsl140f_ssgwc0p9v125c
                                  0.840000       1      0.840000  
STP_AOI211_0P5     um28nchslogl35hsl140f_ssgwc0p9v125c
                                  0.840000       2      1.680000  
STP_AOI211_G_1     um28nchslogl35hsl140f_ssgwc0p9v125c
                                  0.840000       2      1.680000  
STP_BUF_1          um28nchslogl35hsl140f_ssgwc0p9v125c
                                  0.504000       2      1.008000  
STP_BUF_2          um28nchslogl35hsl140f_ssgwc0p9v125c
                                  0.672000       4      2.688000  
STP_BUF_3          um28nchslogl35hsl140f_ssgwc0p9v125c
                                  1.008000       2      2.016000  
STP_BUF_3P5        um28nchslogl35hsl140f_ssgwc0p9v125c
                                  1.176000       1      1.176000  
STP_BUF_5          um28nchslogl35hsl140f_ssgwc0p9v125c
                                  1.512000       2      3.024000  
STP_BUF_15         um28nchslogl35hsl140f_ssgwc0p9v125c
                                  4.032000       1      4.032000  
STP_BUF_S_6        um28nchslogl35hsl140f_ssgwc0p9v125c
                                  1.680000       1      1.680000  
STP_BUF_S_8        um28nchslogl35hsl140f_ssgwc0p9v125c
                                  2.184000       3      6.552000  
STP_BUF_S_10       um28nchslogl35hsl140f_ssgwc0p9v125c
                                  2.688000       1      2.688000  
STP_EN2_0P5        um28nchslogl35hsl140f_ssgwc0p9v125c
                                  1.344000       2      2.688000  
STP_EN2_3          um28nchslogl35hsl140f_ssgwc0p9v125c
                                  3.024000      15     45.359999  
STP_EN2_4          um28nchslogl35hsl140f_ssgwc0p9v125c
                                  3.024000       7     21.168000  
STP_EN2_6          um28nchslogl35hsl140f_ssgwc0p9v125c
                                  4.536000       1      4.536000  
STP_EN2_8          um28nchslogl35hsl140f_ssgwc0p9v125c
                                  5.880000       5     29.400001  
STP_EN2_S_1        um28nchslogl35hsl140f_ssgwc0p9v125c
                                  1.512000       3      4.536000  
STP_EN2_S_2        um28nchslogl35hsl140f_ssgwc0p9v125c
                                  1.680000      18     30.239999  
STP_EN3_1          um28nchslogl35hsl140f_ssgwc0p9v125c
                                  2.184000       1      2.184000  
STP_EN3_3          um28nchslogl35hsl140f_ssgwc0p9v125c
                                  4.032000      30    120.960002  
STP_EN3_6          um28nchslogl35hsl140f_ssgwc0p9v125c
                                  6.888000       5     34.440000  
STP_EO2_2          um28nchslogl35hsl140f_ssgwc0p9v125c
                                  1.680000       1      1.680000  
STP_EO2_3          um28nchslogl35hsl140f_ssgwc0p9v125c
                                  2.856000      12     34.271999  
STP_EO2_4          um28nchslogl35hsl140f_ssgwc0p9v125c
                                  3.024000       1      3.024000  
STP_EO2_S_0P5      um28nchslogl35hsl140f_ssgwc0p9v125c
                                  1.512000      45     68.039998  
STP_EO2_S_2        um28nchslogl35hsl140f_ssgwc0p9v125c
                                  1.512000       7     10.584000  
STP_EO2_S_6        um28nchslogl35hsl140f_ssgwc0p9v125c
                                  4.032000       1      4.032000  
STP_EO3_2          um28nchslogl35hsl140f_ssgwc0p9v125c
                                  2.688000       2      5.376000  
STP_EO3_3          um28nchslogl35hsl140f_ssgwc0p9v125c
                                  4.200000      22     92.399996  
STP_INV_1P5        um28nchslogl35hsl140f_ssgwc0p9v125c
                                  0.504000       7      3.528000  
STP_INV_2          um28nchslogl35hsl140f_ssgwc0p9v125c
                                  0.504000      17      8.568000  
STP_INV_2P5        um28nchslogl35hsl140f_ssgwc0p9v125c
                                  0.672000       4      2.688000  
STP_INV_3          um28nchslogl35hsl140f_ssgwc0p9v125c
                                  0.672000      10      6.720000  
STP_INV_3P5        um28nchslogl35hsl140f_ssgwc0p9v125c
                                  0.840000       6      5.040000  
STP_INV_4          um28nchslogl35hsl140f_ssgwc0p9v125c
                                  0.840000       6      5.040000  
STP_INV_6          um28nchslogl35hsl140f_ssgwc0p9v125c
                                  1.176000       7      8.232000  
STP_INV_6P5        um28nchslogl35hsl140f_ssgwc0p9v125c
                                  1.344000       5      6.720000  
STP_INV_7P5        um28nchslogl35hsl140f_ssgwc0p9v125c
                                  1.512000       5      7.560000  
STP_INV_18         um28nchslogl35hsl140f_ssgwc0p9v125c
                                  3.192000       3      9.576000  
STP_INV_S_0P65     um28nchslogl35hsl140f_ssgwc0p9v125c
                                  0.336000      17      5.712000  
STP_INV_S_1        um28nchslogl35hsl140f_ssgwc0p9v125c
                                  0.336000      26      8.736000  
STP_INV_S_1P25     um28nchslogl35hsl140f_ssgwc0p9v125c
                                  0.504000       3      1.512000  
STP_INV_S_5        um28nchslogl35hsl140f_ssgwc0p9v125c
                                  1.008000       3      3.024000  
STP_INV_S_9        um28nchslogl35hsl140f_ssgwc0p9v125c
                                  1.680000       3      5.040000  
STP_INV_S_10       um28nchslogl35hsl140f_ssgwc0p9v125c
                                  1.848000       1      1.848000  
STP_INV_S_14       um28nchslogl35hsl140f_ssgwc0p9v125c
                                  2.520000       1      2.520000  
STP_ND2B_1         um28nchslogl35hsl140f_ssgwc0p9v125c
                                  0.672000       1      0.672000  
STP_ND2B_2         um28nchslogl35hsl140f_ssgwc0p9v125c
                                  1.008000       3      3.024000  
STP_ND2B_3         um28nchslogl35hsl140f_ssgwc0p9v125c
                                  1.512000       2      3.024000  
STP_ND2B_6         um28nchslogl35hsl140f_ssgwc0p9v125c
                                  2.688000       1      2.688000  
STP_ND2B_V1DG_2    um28nchslogl35hsl140f_ssgwc0p9v125c
                                  1.008000       2      2.016000  
STP_ND2_1P5        um28nchslogl35hsl140f_ssgwc0p9v125c
                                  0.840000       1      0.840000  
STP_ND2_5          um28nchslogl35hsl140f_ssgwc0p9v125c
                                  1.848000       7     12.936000  
STP_ND2_6          um28nchslogl35hsl140f_ssgwc0p9v125c
                                  2.184000       1      2.184000  
STP_ND2_7          um28nchslogl35hsl140f_ssgwc0p9v125c
                                  2.520000       2      5.040000  
STP_ND2_8          um28nchslogl35hsl140f_ssgwc0p9v125c
                                  2.856000       1      2.856000  
STP_ND2_9          um28nchslogl35hsl140f_ssgwc0p9v125c
                                  3.192000       3      9.576000  
STP_ND2_10         um28nchslogl35hsl140f_ssgwc0p9v125c
                                  3.528000       1      3.528000  
STP_ND2_12         um28nchslogl35hsl140f_ssgwc0p9v125c
                                  4.200000       1      4.200000  
STP_ND2_G_1        um28nchslogl35hsl140f_ssgwc0p9v125c
                                  0.504000      19      9.576000  
STP_ND2_G_1P5      um28nchslogl35hsl140f_ssgwc0p9v125c
                                  0.840000       4      3.360000  
STP_ND2_G_2        um28nchslogl35hsl140f_ssgwc0p9v125c
                                  0.840000       5      4.200000  
STP_ND2_G_3        um28nchslogl35hsl140f_ssgwc0p9v125c
                                  1.176000      10     11.760000  
STP_ND2_G_4        um28nchslogl35hsl140f_ssgwc0p9v125c
                                  1.512000       2      3.024000  
STP_ND2_S_0P8      um28nchslogl35hsl140f_ssgwc0p9v125c
                                  0.504000      11      5.544000  
STP_ND2_S_1        um28nchslogl35hsl140f_ssgwc0p9v125c
                                  0.504000       1      0.504000  
STP_ND2_S_1P5      um28nchslogl35hsl140f_ssgwc0p9v125c
                                  0.840000       2      1.680000  
STP_ND2_S_2        um28nchslogl35hsl140f_ssgwc0p9v125c
                                  0.840000       4      3.360000  
STP_ND2_S_3        um28nchslogl35hsl140f_ssgwc0p9v125c
                                  1.176000       3      3.528000  
STP_ND2_S_5        um28nchslogl35hsl140f_ssgwc0p9v125c
                                  1.512000       3      4.536000  
STP_ND2_S_6        um28nchslogl35hsl140f_ssgwc0p9v125c
                                  1.848000       2      3.696000  
STP_ND2_S_10       um28nchslogl35hsl140f_ssgwc0p9v125c
                                  2.856000       3      8.568000  
STP_ND2_S_16       um28nchslogl35hsl140f_ssgwc0p9v125c
                                  4.200000       1      4.200000  
STP_ND3_0P5        um28nchslogl35hsl140f_ssgwc0p9v125c
                                  0.672000       2      1.344000  
STP_ND3_2          um28nchslogl35hsl140f_ssgwc0p9v125c
                                  1.176000       3      3.528000  
STP_ND3_4          um28nchslogl35hsl140f_ssgwc0p9v125c
                                  2.184000       1      2.184000  
STP_ND3_5          um28nchslogl35hsl140f_ssgwc0p9v125c
                                  2.688000       2      5.376000  
STP_ND3_6          um28nchslogl35hsl140f_ssgwc0p9v125c
                                  3.192000       1      3.192000  
STP_ND4_1P5        um28nchslogl35hsl140f_ssgwc0p9v125c
                                  1.512000       1      1.512000  
STP_ND4_MM_8       um28nchslogl35hsl140f_ssgwc0p9v125c
                                  4.536000       1      4.536000  
STP_NR2B_1         um28nchslogl35hsl140f_ssgwc0p9v125c
                                  0.672000       1      0.672000  
STP_NR2B_3         um28nchslogl35hsl140f_ssgwc0p9v125c
                                  1.512000       1      1.512000  
STP_NR2B_4         um28nchslogl35hsl140f_ssgwc0p9v125c
                                  1.848000       2      3.696000  
STP_NR2B_8         um28nchslogl35hsl140f_ssgwc0p9v125c
                                  3.528000       2      7.056000  
STP_NR2B_V1DG_1    um28nchslogl35hsl140f_ssgwc0p9v125c
                                  0.672000       1      0.672000  
STP_NR2_1          um28nchslogl35hsl140f_ssgwc0p9v125c
                                  0.504000      21     10.584000  
STP_NR2_1P5        um28nchslogl35hsl140f_ssgwc0p9v125c
                                  0.840000       2      1.680000  
STP_NR2_3          um28nchslogl35hsl140f_ssgwc0p9v125c
                                  1.176000       3      3.528000  
STP_NR2_6          um28nchslogl35hsl140f_ssgwc0p9v125c
                                  2.184000       3      6.552000  
STP_NR2_8          um28nchslogl35hsl140f_ssgwc0p9v125c
                                  2.856000       5     14.280000  
STP_NR2_G_0P5      um28nchslogl35hsl140f_ssgwc0p9v125c
                                  0.504000       3      1.512000  
STP_NR2_G_0P8      um28nchslogl35hsl140f_ssgwc0p9v125c
                                  0.504000      17      8.568000  
STP_NR2_G_2        um28nchslogl35hsl140f_ssgwc0p9v125c
                                  0.840000       8      6.720000  
STP_NR2_G_3P5      um28nchslogl35hsl140f_ssgwc0p9v125c
                                  1.512000       1      1.512000  
STP_NR2_G_4        um28nchslogl35hsl140f_ssgwc0p9v125c
                                  1.512000      11     16.632000  
STP_NR2_G_5        um28nchslogl35hsl140f_ssgwc0p9v125c
                                  1.848000       4      7.392000  
STP_NR2_G_6        um28nchslogl35hsl140f_ssgwc0p9v125c
                                  2.184000       3      6.552000  
STP_NR2_G_12       um28nchslogl35hsl140f_ssgwc0p9v125c
                                  4.200000       3     12.599999  
STP_NR2_S_1P5      um28nchslogl35hsl140f_ssgwc0p9v125c
                                  0.840000       2      1.680000  
STP_NR2_S_3        um28nchslogl35hsl140f_ssgwc0p9v125c
                                  1.176000      11     12.936000  
STP_NR3_G_0P8      um28nchslogl35hsl140f_ssgwc0p9v125c
                                  0.672000       1      0.672000  
STP_NR3_G_1        um28nchslogl35hsl140f_ssgwc0p9v125c
                                  0.672000       2      1.344000  
STP_NR3_G_2        um28nchslogl35hsl140f_ssgwc0p9v125c
                                  1.176000       1      1.176000  
STP_NR3_G_3        um28nchslogl35hsl140f_ssgwc0p9v125c
                                  1.680000       3      5.040000  
STP_NR3_G_4        um28nchslogl35hsl140f_ssgwc0p9v125c
                                  2.184000       1      2.184000  
STP_NR3_G_8        um28nchslogl35hsl140f_ssgwc0p9v125c
                                  4.200000       3     12.599999  
STP_NR4_1          um28nchslogl35hsl140f_ssgwc0p9v125c
                                  0.840000       3      2.520000  
STP_NR4_2          um28nchslogl35hsl140f_ssgwc0p9v125c
                                  1.512000       2      3.024000  
STP_NR4_6          um28nchslogl35hsl140f_ssgwc0p9v125c
                                  3.864000       1      3.864000  
STP_NR4_8          um28nchslogl35hsl140f_ssgwc0p9v125c
                                  5.208000       1      5.208000  
STP_OAI21B_1       um28nchslogl35hsl140f_ssgwc0p9v125c
                                  0.840000       1      0.840000  
STP_OAI21B_4       um28nchslogl35hsl140f_ssgwc0p9v125c
                                  2.688000       1      2.688000  
STP_OAI21_0P5      um28nchslogl35hsl140f_ssgwc0p9v125c
                                  0.672000       1      0.672000  
STP_OAI21_1        um28nchslogl35hsl140f_ssgwc0p9v125c
                                  0.672000       2      1.344000  
STP_OAI21_2        um28nchslogl35hsl140f_ssgwc0p9v125c
                                  1.176000       1      1.176000  
STP_OAI21_4        um28nchslogl35hsl140f_ssgwc0p9v125c
                                  2.184000       1      2.184000  
STP_OAI21_6        um28nchslogl35hsl140f_ssgwc0p9v125c
                                  3.192000       1      3.192000  
STP_OAI22_0P5      um28nchslogl35hsl140f_ssgwc0p9v125c
                                  0.840000       1      0.840000  
STP_OAI22_3        um28nchslogl35hsl140f_ssgwc0p9v125c
                                  2.184000       1      2.184000  
STP_OAI22_5        um28nchslogl35hsl140f_ssgwc0p9v125c
                                  3.528000       3     10.584000  
STP_OAI22_6        um28nchslogl35hsl140f_ssgwc0p9v125c
                                  4.200000       1      4.200000  
STP_OAI31_G_0P5    um28nchslogl35hsl140f_ssgwc0p9v125c
                                  0.840000       1      0.840000  
STP_OAI31_G_0P75   um28nchslogl35hsl140f_ssgwc0p9v125c
                                  0.840000       1      0.840000  
STP_OAI211_0P5     um28nchslogl35hsl140f_ssgwc0p9v125c
                                  0.840000       1      0.840000  
STP_OAI211_2       um28nchslogl35hsl140f_ssgwc0p9v125c
                                  1.512000       1      1.512000  
STP_OAI211_4       um28nchslogl35hsl140f_ssgwc0p9v125c
                                  2.856000       1      2.856000  
STP_OR2_2          um28nchslogl35hsl140f_ssgwc0p9v125c
                                  0.840000       1      0.840000  
STP_OR2_3          um28nchslogl35hsl140f_ssgwc0p9v125c
                                  1.344000       2      2.688000  
STP_OR2_4          um28nchslogl35hsl140f_ssgwc0p9v125c
                                  1.512000       1      1.512000  
STP_OR2_7          um28nchslogl35hsl140f_ssgwc0p9v125c
                                  2.688000       1      2.688000  
STP_OR3B_2         um28nchslogl35hsl140f_ssgwc0p9v125c
                                  1.176000       1      1.176000  
STP_OR3_3          um28nchslogl35hsl140f_ssgwc0p9v125c
                                  1.680000       1      1.680000  
STP_OR3_6          um28nchslogl35hsl140f_ssgwc0p9v125c
                                  2.688000       1      2.688000  
STP_OR4B_2         um28nchslogl35hsl140f_ssgwc0p9v125c
                                  1.344000       1      1.344000  
-----------------------------------------------------------------------------
Total 148 references                                 1019.591989
1
