 
****************************************
Report : area
Design : SEC_DED_decoder
Version: Q-2019.12-SP5-5
Date   : Sun Sep 17 23:45:06 2023
****************************************

Library(s) Used:

    um28nchslogl35hsl140f_ssgwc0p9v125c (File: /media/0/LogicLibraries/UMC/28nm/35hs/hsl/svt/latest/liberty/logic_synth/um28nchslogl35hsl140f_ssgwc0p9v125c.db)

Number of ports:                          138
Number of nets:                           671
Number of cells:                          599
Number of combinational cells:            599
Number of sequential cells:                 0
Number of macros/black boxes:               0
Number of buf/inv:                        141
Number of references:                     148

Combinational area:               1019.591989
Buf/Inv area:                      116.927999
Noncombinational area:               0.000000
Macro/Black Box area:                0.000000
Net Interconnect area:      undefined  (Wire load has zero net area)

Total cell area:                  1019.591989
Total area:                 undefined

The above information was reported from the logical library. The following are from the physical library:

Hierarchical area distribution
------------------------------

                                  Global cell area          Local cell area
                                  ------------------  ---------------------------- 
Hierarchical cell                 Absolute   Percent  Combi-     Noncombi-  Black-
                                  Total      Total    national   national   boxes   Design
--------------------------------  ---------  -------  ---------  ---------  ------  ---------
SEC_DED_decoder                   1019.5920    100.0  1019.5920     0.0000  0.0000  SEC_DED_decoder
--------------------------------  ---------  -------  ---------  ---------  ------  ---------
Total                                                 1019.5920     0.0000  0.0000

1
