 
****************************************
Report : hierarchy
        -full
Design : SEC_DED_decoder
Version: Q-2019.12-SP5-5
Date   : Sun Sep 17 23:45:06 2023
****************************************

Attributes:
    r - licensed design

SEC_DED_decoder    r
    STP_AN2_2                um28nchslogl35hsl140f_ssgwc0p9v125c
    STP_AN2_7                um28nchslogl35hsl140f_ssgwc0p9v125c
    STP_AN2_MG_6             um28nchslogl35hsl140f_ssgwc0p9v125c
    STP_AN3B_2               um28nchslogl35hsl140f_ssgwc0p9v125c
    STP_AN4B_1               um28nchslogl35hsl140f_ssgwc0p9v125c
    STP_AO2BB2_4             um28nchslogl35hsl140f_ssgwc0p9v125c
    STP_AO21B_2              um28nchslogl35hsl140f_ssgwc0p9v125c
    STP_AOI21_0P75           um28nchslogl35hsl140f_ssgwc0p9v125c
    STP_AOI21_1              um28nchslogl35hsl140f_ssgwc0p9v125c
    STP_AOI21_2              um28nchslogl35hsl140f_ssgwc0p9v125c
    STP_AOI21_4              um28nchslogl35hsl140f_ssgwc0p9v125c
    STP_AOI21_6              um28nchslogl35hsl140f_ssgwc0p9v125c
    STP_AOI22_0P5            um28nchslogl35hsl140f_ssgwc0p9v125c
    STP_AOI22_1              um28nchslogl35hsl140f_ssgwc0p9v125c
    STP_AOI211_0P5           um28nchslogl35hsl140f_ssgwc0p9v125c
    STP_AOI211_G_1           um28nchslogl35hsl140f_ssgwc0p9v125c
    STP_BUF_1                um28nchslogl35hsl140f_ssgwc0p9v125c
    STP_BUF_2                um28nchslogl35hsl140f_ssgwc0p9v125c
    STP_BUF_3                um28nchslogl35hsl140f_ssgwc0p9v125c
    STP_BUF_3P5              um28nchslogl35hsl140f_ssgwc0p9v125c
    STP_BUF_5                um28nchslogl35hsl140f_ssgwc0p9v125c
    STP_BUF_15               um28nchslogl35hsl140f_ssgwc0p9v125c
    STP_BUF_S_6              um28nchslogl35hsl140f_ssgwc0p9v125c
    STP_BUF_S_8              um28nchslogl35hsl140f_ssgwc0p9v125c
    STP_BUF_S_10             um28nchslogl35hsl140f_ssgwc0p9v125c
    STP_EN2_0P5              um28nchslogl35hsl140f_ssgwc0p9v125c
    STP_EN2_3                um28nchslogl35hsl140f_ssgwc0p9v125c
    STP_EN2_4                um28nchslogl35hsl140f_ssgwc0p9v125c
    STP_EN2_6                um28nchslogl35hsl140f_ssgwc0p9v125c
    STP_EN2_8                um28nchslogl35hsl140f_ssgwc0p9v125c
    STP_EN2_S_1              um28nchslogl35hsl140f_ssgwc0p9v125c
    STP_EN2_S_2              um28nchslogl35hsl140f_ssgwc0p9v125c
    STP_EN3_1                um28nchslogl35hsl140f_ssgwc0p9v125c
    STP_EN3_3                um28nchslogl35hsl140f_ssgwc0p9v125c
    STP_EN3_6                um28nchslogl35hsl140f_ssgwc0p9v125c
    STP_EO2_2                um28nchslogl35hsl140f_ssgwc0p9v125c
    STP_EO2_3                um28nchslogl35hsl140f_ssgwc0p9v125c
    STP_EO2_4                um28nchslogl35hsl140f_ssgwc0p9v125c
    STP_EO2_S_0P5            um28nchslogl35hsl140f_ssgwc0p9v125c
    STP_EO2_S_2              um28nchslogl35hsl140f_ssgwc0p9v125c
    STP_EO2_S_6              um28nchslogl35hsl140f_ssgwc0p9v125c
    STP_EO3_2                um28nchslogl35hsl140f_ssgwc0p9v125c
    STP_EO3_3                um28nchslogl35hsl140f_ssgwc0p9v125c
    STP_INV_1P5              um28nchslogl35hsl140f_ssgwc0p9v125c
    STP_INV_2                um28nchslogl35hsl140f_ssgwc0p9v125c
    STP_INV_2P5              um28nchslogl35hsl140f_ssgwc0p9v125c
    STP_INV_3                um28nchslogl35hsl140f_ssgwc0p9v125c
    STP_INV_3P5              um28nchslogl35hsl140f_ssgwc0p9v125c
    STP_INV_4                um28nchslogl35hsl140f_ssgwc0p9v125c
    STP_INV_6                um28nchslogl35hsl140f_ssgwc0p9v125c
    STP_INV_6P5              um28nchslogl35hsl140f_ssgwc0p9v125c
    STP_INV_7P5              um28nchslogl35hsl140f_ssgwc0p9v125c
    STP_INV_18               um28nchslogl35hsl140f_ssgwc0p9v125c
    STP_INV_S_0P65           um28nchslogl35hsl140f_ssgwc0p9v125c
    STP_INV_S_1              um28nchslogl35hsl140f_ssgwc0p9v125c
    STP_INV_S_1P25           um28nchslogl35hsl140f_ssgwc0p9v125c
    STP_INV_S_5              um28nchslogl35hsl140f_ssgwc0p9v125c
    STP_INV_S_9              um28nchslogl35hsl140f_ssgwc0p9v125c
    STP_INV_S_10             um28nchslogl35hsl140f_ssgwc0p9v125c
    STP_INV_S_14             um28nchslogl35hsl140f_ssgwc0p9v125c
    STP_ND2B_1               um28nchslogl35hsl140f_ssgwc0p9v125c
    STP_ND2B_2               um28nchslogl35hsl140f_ssgwc0p9v125c
    STP_ND2B_3               um28nchslogl35hsl140f_ssgwc0p9v125c
    STP_ND2B_6               um28nchslogl35hsl140f_ssgwc0p9v125c
    STP_ND2B_V1DG_2          um28nchslogl35hsl140f_ssgwc0p9v125c
    STP_ND2_1P5              um28nchslogl35hsl140f_ssgwc0p9v125c
    STP_ND2_5                um28nchslogl35hsl140f_ssgwc0p9v125c
    STP_ND2_6                um28nchslogl35hsl140f_ssgwc0p9v125c
    STP_ND2_7                um28nchslogl35hsl140f_ssgwc0p9v125c
    STP_ND2_8                um28nchslogl35hsl140f_ssgwc0p9v125c
    STP_ND2_9                um28nchslogl35hsl140f_ssgwc0p9v125c
    STP_ND2_10               um28nchslogl35hsl140f_ssgwc0p9v125c
    STP_ND2_12               um28nchslogl35hsl140f_ssgwc0p9v125c
    STP_ND2_G_1              um28nchslogl35hsl140f_ssgwc0p9v125c
    STP_ND2_G_1P5            um28nchslogl35hsl140f_ssgwc0p9v125c
    STP_ND2_G_2              um28nchslogl35hsl140f_ssgwc0p9v125c
    STP_ND2_G_3              um28nchslogl35hsl140f_ssgwc0p9v125c
    STP_ND2_G_4              um28nchslogl35hsl140f_ssgwc0p9v125c
    STP_ND2_S_0P8            um28nchslogl35hsl140f_ssgwc0p9v125c
    STP_ND2_S_1              um28nchslogl35hsl140f_ssgwc0p9v125c
    STP_ND2_S_1P5            um28nchslogl35hsl140f_ssgwc0p9v125c
    STP_ND2_S_2              um28nchslogl35hsl140f_ssgwc0p9v125c
    STP_ND2_S_3              um28nchslogl35hsl140f_ssgwc0p9v125c
    STP_ND2_S_5              um28nchslogl35hsl140f_ssgwc0p9v125c
    STP_ND2_S_6              um28nchslogl35hsl140f_ssgwc0p9v125c
    STP_ND2_S_10             um28nchslogl35hsl140f_ssgwc0p9v125c
    STP_ND2_S_16             um28nchslogl35hsl140f_ssgwc0p9v125c
    STP_ND3_0P5              um28nchslogl35hsl140f_ssgwc0p9v125c
    STP_ND3_2                um28nchslogl35hsl140f_ssgwc0p9v125c
    STP_ND3_4                um28nchslogl35hsl140f_ssgwc0p9v125c
    STP_ND3_5                um28nchslogl35hsl140f_ssgwc0p9v125c
    STP_ND3_6                um28nchslogl35hsl140f_ssgwc0p9v125c
    STP_ND4_1P5              um28nchslogl35hsl140f_ssgwc0p9v125c
    STP_ND4_MM_8             um28nchslogl35hsl140f_ssgwc0p9v125c
    STP_NR2B_1               um28nchslogl35hsl140f_ssgwc0p9v125c
    STP_NR2B_3               um28nchslogl35hsl140f_ssgwc0p9v125c
    STP_NR2B_4               um28nchslogl35hsl140f_ssgwc0p9v125c
    STP_NR2B_8               um28nchslogl35hsl140f_ssgwc0p9v125c
    STP_NR2B_V1DG_1          um28nchslogl35hsl140f_ssgwc0p9v125c
    STP_NR2_1                um28nchslogl35hsl140f_ssgwc0p9v125c
    STP_NR2_1P5              um28nchslogl35hsl140f_ssgwc0p9v125c
    STP_NR2_3                um28nchslogl35hsl140f_ssgwc0p9v125c
    STP_NR2_6                um28nchslogl35hsl140f_ssgwc0p9v125c
    STP_NR2_8                um28nchslogl35hsl140f_ssgwc0p9v125c
    STP_NR2_G_0P5            um28nchslogl35hsl140f_ssgwc0p9v125c
    STP_NR2_G_0P8            um28nchslogl35hsl140f_ssgwc0p9v125c
    STP_NR2_G_2              um28nchslogl35hsl140f_ssgwc0p9v125c
    STP_NR2_G_3P5            um28nchslogl35hsl140f_ssgwc0p9v125c
    STP_NR2_G_4              um28nchslogl35hsl140f_ssgwc0p9v125c
    STP_NR2_G_5              um28nchslogl35hsl140f_ssgwc0p9v125c
    STP_NR2_G_6              um28nchslogl35hsl140f_ssgwc0p9v125c
    STP_NR2_G_12             um28nchslogl35hsl140f_ssgwc0p9v125c
    STP_NR2_S_1P5            um28nchslogl35hsl140f_ssgwc0p9v125c
    STP_NR2_S_3              um28nchslogl35hsl140f_ssgwc0p9v125c
    STP_NR3_G_0P8            um28nchslogl35hsl140f_ssgwc0p9v125c
    STP_NR3_G_1              um28nchslogl35hsl140f_ssgwc0p9v125c
    STP_NR3_G_2              um28nchslogl35hsl140f_ssgwc0p9v125c
    STP_NR3_G_3              um28nchslogl35hsl140f_ssgwc0p9v125c
    STP_NR3_G_4              um28nchslogl35hsl140f_ssgwc0p9v125c
    STP_NR3_G_8              um28nchslogl35hsl140f_ssgwc0p9v125c
    STP_NR4_1                um28nchslogl35hsl140f_ssgwc0p9v125c
    STP_NR4_2                um28nchslogl35hsl140f_ssgwc0p9v125c
    STP_NR4_6                um28nchslogl35hsl140f_ssgwc0p9v125c
    STP_NR4_8                um28nchslogl35hsl140f_ssgwc0p9v125c
    STP_OAI21B_1             um28nchslogl35hsl140f_ssgwc0p9v125c
    STP_OAI21B_4             um28nchslogl35hsl140f_ssgwc0p9v125c
    STP_OAI21_0P5            um28nchslogl35hsl140f_ssgwc0p9v125c
    STP_OAI21_1              um28nchslogl35hsl140f_ssgwc0p9v125c
    STP_OAI21_2              um28nchslogl35hsl140f_ssgwc0p9v125c
    STP_OAI21_4              um28nchslogl35hsl140f_ssgwc0p9v125c
    STP_OAI21_6              um28nchslogl35hsl140f_ssgwc0p9v125c
    STP_OAI22_0P5            um28nchslogl35hsl140f_ssgwc0p9v125c
    STP_OAI22_3              um28nchslogl35hsl140f_ssgwc0p9v125c
    STP_OAI22_5              um28nchslogl35hsl140f_ssgwc0p9v125c
    STP_OAI22_6              um28nchslogl35hsl140f_ssgwc0p9v125c
    STP_OAI31_G_0P5          um28nchslogl35hsl140f_ssgwc0p9v125c
    STP_OAI31_G_0P75         um28nchslogl35hsl140f_ssgwc0p9v125c
    STP_OAI211_0P5           um28nchslogl35hsl140f_ssgwc0p9v125c
    STP_OAI211_2             um28nchslogl35hsl140f_ssgwc0p9v125c
    STP_OAI211_4             um28nchslogl35hsl140f_ssgwc0p9v125c
    STP_OR2_2                um28nchslogl35hsl140f_ssgwc0p9v125c
    STP_OR2_3                um28nchslogl35hsl140f_ssgwc0p9v125c
    STP_OR2_4                um28nchslogl35hsl140f_ssgwc0p9v125c
    STP_OR2_7                um28nchslogl35hsl140f_ssgwc0p9v125c
    STP_OR3B_2               um28nchslogl35hsl140f_ssgwc0p9v125c
    STP_OR3_3                um28nchslogl35hsl140f_ssgwc0p9v125c
    STP_OR3_6                um28nchslogl35hsl140f_ssgwc0p9v125c
    STP_OR4B_2               um28nchslogl35hsl140f_ssgwc0p9v125c
1
