 
****************************************
Report : resources
Design : SEC_DED_decoder
Version: Q-2019.12-SP5-5
Date   : Mon Sep 11 17:00:45 2023
****************************************


Resource Report for this hierarchy in file
        /home/xyz123479/verilog/DATE24_SC_ECC/SEC-DED/Decoder/rtl/SEC_DED_decoder.sv
=============================================================================
| Cell           | Module         | Parameters | Contained Operations       |
=============================================================================
| ash_1          | DW_leftsh      | A_width=72 | sll_116 (SEC_DED_decoder.sv:116) |
           |                | SH_width=7 |                            |
=============================================================================


Implementation Report
===============================================================================
|                    |                  | Current            | Set            |
| Cell               | Module           | Implementation     | Implementation |
===============================================================================
| ash_1              | DW_leftsh        | astr (area)        |                |
===============================================================================

1
