 
****************************************
Report : cell
Design : SEC_DED_decoder
Version: Q-2019.12-SP5-5
Date   : Sun Sep 17 23:45:06 2023
****************************************

Attributes:
    b - black box (unknown)
    h - hierarchical
    n - noncombinational
    r - removable
    u - contains unmapped logic

Cell                      Reference       Library             Area  Attributes
--------------------------------------------------------------------------------
U478                      STP_EN2_S_1     um28nchslogl35hsl140f_ssgwc0p9v125c
                                                          1.512000  
U479                      STP_NR2_1       um28nchslogl35hsl140f_ssgwc0p9v125c
                                                          0.504000  
U480                      STP_INV_S_0P65  um28nchslogl35hsl140f_ssgwc0p9v125c
                                                          0.336000  
U481                      STP_INV_S_0P65  um28nchslogl35hsl140f_ssgwc0p9v125c
                                                          0.336000  
U482                      STP_INV_S_0P65  um28nchslogl35hsl140f_ssgwc0p9v125c
                                                          0.336000  
U483                      STP_INV_3       um28nchslogl35hsl140f_ssgwc0p9v125c
                                                          0.672000  
U484                      STP_INV_2       um28nchslogl35hsl140f_ssgwc0p9v125c
                                                          0.504000  
U485                      STP_INV_2       um28nchslogl35hsl140f_ssgwc0p9v125c
                                                          0.504000  
U486                      STP_NR2_S_3     um28nchslogl35hsl140f_ssgwc0p9v125c
                                                          1.176000  
U487                      STP_INV_S_1     um28nchslogl35hsl140f_ssgwc0p9v125c
                                                          0.336000  
U488                      STP_BUF_2       um28nchslogl35hsl140f_ssgwc0p9v125c
                                                          0.672000  
U489                      STP_ND2_G_1     um28nchslogl35hsl140f_ssgwc0p9v125c
                                                          0.504000  
U490                      STP_OR4B_2      um28nchslogl35hsl140f_ssgwc0p9v125c
                                                          1.344000  
U491                      STP_INV_S_0P65  um28nchslogl35hsl140f_ssgwc0p9v125c
                                                          0.336000  
U492                      STP_INV_S_0P65  um28nchslogl35hsl140f_ssgwc0p9v125c
                                                          0.336000  
U493                      STP_ND2_G_1     um28nchslogl35hsl140f_ssgwc0p9v125c
                                                          0.504000  
U494                      STP_OR2_2       um28nchslogl35hsl140f_ssgwc0p9v125c
                                                          0.840000  
U495                      STP_ND2B_V1DG_2 um28nchslogl35hsl140f_ssgwc0p9v125c
                                                          1.008000  
U496                      STP_INV_S_0P65  um28nchslogl35hsl140f_ssgwc0p9v125c
                                                          0.336000  
U497                      STP_OR2_3       um28nchslogl35hsl140f_ssgwc0p9v125c
                                                          1.344000  
U498                      STP_INV_S_1     um28nchslogl35hsl140f_ssgwc0p9v125c
                                                          0.336000  
U499                      STP_INV_S_0P65  um28nchslogl35hsl140f_ssgwc0p9v125c
                                                          0.336000  
U500                      STP_NR2_1       um28nchslogl35hsl140f_ssgwc0p9v125c
                                                          0.504000  
U501                      STP_NR2B_1      um28nchslogl35hsl140f_ssgwc0p9v125c
                                                          0.672000  
U502                      STP_NR2_3       um28nchslogl35hsl140f_ssgwc0p9v125c
                                                          1.176000  
U503                      STP_INV_S_1     um28nchslogl35hsl140f_ssgwc0p9v125c
                                                          0.336000  
U504                      STP_NR2_3       um28nchslogl35hsl140f_ssgwc0p9v125c
                                                          1.176000  
U505                      STP_OAI22_5     um28nchslogl35hsl140f_ssgwc0p9v125c
                                                          3.528000  
U506                      STP_ND2_S_3     um28nchslogl35hsl140f_ssgwc0p9v125c
                                                          1.176000  
U507                      STP_NR2_S_3     um28nchslogl35hsl140f_ssgwc0p9v125c
                                                          1.176000  
U508                      STP_NR2_1P5     um28nchslogl35hsl140f_ssgwc0p9v125c
                                                          0.840000  
U509                      STP_INV_3       um28nchslogl35hsl140f_ssgwc0p9v125c
                                                          0.672000  
U510                      STP_BUF_1       um28nchslogl35hsl140f_ssgwc0p9v125c
                                                          0.504000  
U511                      STP_ND2_G_2     um28nchslogl35hsl140f_ssgwc0p9v125c
                                                          0.840000  
U512                      STP_NR2_S_3     um28nchslogl35hsl140f_ssgwc0p9v125c
                                                          1.176000  
U513                      STP_NR2_G_2     um28nchslogl35hsl140f_ssgwc0p9v125c
                                                          0.840000  
U514                      STP_ND2B_3      um28nchslogl35hsl140f_ssgwc0p9v125c
                                                          1.512000  
U515                      STP_INV_S_1     um28nchslogl35hsl140f_ssgwc0p9v125c
                                                          0.336000  
U516                      STP_INV_2       um28nchslogl35hsl140f_ssgwc0p9v125c
                                                          0.504000  
U517                      STP_INV_2       um28nchslogl35hsl140f_ssgwc0p9v125c
                                                          0.504000  
U518                      STP_INV_3       um28nchslogl35hsl140f_ssgwc0p9v125c
                                                          0.672000  
U519                      STP_BUF_5       um28nchslogl35hsl140f_ssgwc0p9v125c
                                                          1.512000  
U520                      STP_ND2B_2      um28nchslogl35hsl140f_ssgwc0p9v125c
                                                          1.008000  
U521                      STP_INV_2P5     um28nchslogl35hsl140f_ssgwc0p9v125c
                                                          0.672000  
U522                      STP_INV_S_5     um28nchslogl35hsl140f_ssgwc0p9v125c
                                                          1.008000  
U523                      STP_INV_3       um28nchslogl35hsl140f_ssgwc0p9v125c
                                                          0.672000  
U524                      STP_INV_3       um28nchslogl35hsl140f_ssgwc0p9v125c
                                                          0.672000  
U525                      STP_NR2_G_4     um28nchslogl35hsl140f_ssgwc0p9v125c
                                                          1.512000  
U526                      STP_INV_3       um28nchslogl35hsl140f_ssgwc0p9v125c
                                                          0.672000  
U527                      STP_INV_6       um28nchslogl35hsl140f_ssgwc0p9v125c
                                                          1.176000  
U528                      STP_ND2_G_1     um28nchslogl35hsl140f_ssgwc0p9v125c
                                                          0.504000  
U529                      STP_NR2_G_4     um28nchslogl35hsl140f_ssgwc0p9v125c
                                                          1.512000  
U530                      STP_INV_2       um28nchslogl35hsl140f_ssgwc0p9v125c
                                                          0.504000  
U531                      STP_NR4_2       um28nchslogl35hsl140f_ssgwc0p9v125c
                                                          1.512000  
U532                      STP_ND2_G_3     um28nchslogl35hsl140f_ssgwc0p9v125c
                                                          1.176000  
U533                      STP_INV_6P5     um28nchslogl35hsl140f_ssgwc0p9v125c
                                                          1.344000  
U534                      STP_INV_1P5     um28nchslogl35hsl140f_ssgwc0p9v125c
                                                          0.504000  
U535                      STP_NR2_G_2     um28nchslogl35hsl140f_ssgwc0p9v125c
                                                          0.840000  
U536                      STP_ND2_G_4     um28nchslogl35hsl140f_ssgwc0p9v125c
                                                          1.512000  
U537                      STP_ND2_8       um28nchslogl35hsl140f_ssgwc0p9v125c
                                                          2.856000  
U538                      STP_INV_4       um28nchslogl35hsl140f_ssgwc0p9v125c
                                                          0.840000  
U539                      STP_ND2_5       um28nchslogl35hsl140f_ssgwc0p9v125c
                                                          1.848000  
U540                      STP_INV_2       um28nchslogl35hsl140f_ssgwc0p9v125c
                                                          0.504000  
U541                      STP_INV_2       um28nchslogl35hsl140f_ssgwc0p9v125c
                                                          0.504000  
U542                      STP_OR2_3       um28nchslogl35hsl140f_ssgwc0p9v125c
                                                          1.344000  
U543                      STP_INV_S_0P65  um28nchslogl35hsl140f_ssgwc0p9v125c
                                                          0.336000  
U544                      STP_INV_3       um28nchslogl35hsl140f_ssgwc0p9v125c
                                                          0.672000  
U545                      STP_INV_S_9     um28nchslogl35hsl140f_ssgwc0p9v125c
                                                          1.680000  
U546                      STP_INV_S_5     um28nchslogl35hsl140f_ssgwc0p9v125c
                                                          1.008000  
U547                      STP_NR2_G_3P5   um28nchslogl35hsl140f_ssgwc0p9v125c
                                                          1.512000  
U548                      STP_INV_1P5     um28nchslogl35hsl140f_ssgwc0p9v125c
                                                          0.504000  
U549                      STP_NR2_G_6     um28nchslogl35hsl140f_ssgwc0p9v125c
                                                          2.184000  
U550                      STP_BUF_3       um28nchslogl35hsl140f_ssgwc0p9v125c
                                                          1.008000  
U551                      STP_BUF_2       um28nchslogl35hsl140f_ssgwc0p9v125c
                                                          0.672000  
U552                      STP_ND2_S_3     um28nchslogl35hsl140f_ssgwc0p9v125c
                                                          1.176000  
U553                      STP_ND2_S_3     um28nchslogl35hsl140f_ssgwc0p9v125c
                                                          1.176000  
U554                      STP_BUF_S_6     um28nchslogl35hsl140f_ssgwc0p9v125c
                                                          1.680000  
U555                      STP_INV_6P5     um28nchslogl35hsl140f_ssgwc0p9v125c
                                                          1.344000  
U556                      STP_INV_1P5     um28nchslogl35hsl140f_ssgwc0p9v125c
                                                          0.504000  
U557                      STP_BUF_2       um28nchslogl35hsl140f_ssgwc0p9v125c
                                                          0.672000  
U558                      STP_INV_3       um28nchslogl35hsl140f_ssgwc0p9v125c
                                                          0.672000  
U559                      STP_BUF_2       um28nchslogl35hsl140f_ssgwc0p9v125c
                                                          0.672000  
U560                      STP_INV_6       um28nchslogl35hsl140f_ssgwc0p9v125c
                                                          1.176000  
U561                      STP_BUF_1       um28nchslogl35hsl140f_ssgwc0p9v125c
                                                          0.504000  
U562                      STP_EN2_S_2     um28nchslogl35hsl140f_ssgwc0p9v125c
                                                          1.680000  
U563                      STP_EN2_S_2     um28nchslogl35hsl140f_ssgwc0p9v125c
                                                          1.680000  
U564                      STP_EN3_1       um28nchslogl35hsl140f_ssgwc0p9v125c
                                                          2.184000  
U565                      STP_INV_2P5     um28nchslogl35hsl140f_ssgwc0p9v125c
                                                          0.672000  
U566                      STP_INV_S_1P25  um28nchslogl35hsl140f_ssgwc0p9v125c
                                                          0.504000  
U567                      STP_EO3_2       um28nchslogl35hsl140f_ssgwc0p9v125c
                                                          2.688000  
U568                      STP_EN2_S_2     um28nchslogl35hsl140f_ssgwc0p9v125c
                                                          1.680000  
U569                      STP_EO3_2       um28nchslogl35hsl140f_ssgwc0p9v125c
                                                          2.688000  
U570                      STP_EN2_3       um28nchslogl35hsl140f_ssgwc0p9v125c
                                                          3.024000  
U571                      STP_EN2_3       um28nchslogl35hsl140f_ssgwc0p9v125c
                                                          3.024000  
U572                      STP_EN2_3       um28nchslogl35hsl140f_ssgwc0p9v125c
                                                          3.024000  
U573                      STP_INV_7P5     um28nchslogl35hsl140f_ssgwc0p9v125c
                                                          1.512000  
U574                      STP_INV_S_1P25  um28nchslogl35hsl140f_ssgwc0p9v125c
                                                          0.504000  
U575                      STP_INV_S_9     um28nchslogl35hsl140f_ssgwc0p9v125c
                                                          1.680000  
U576                      STP_EN2_0P5     um28nchslogl35hsl140f_ssgwc0p9v125c
                                                          1.344000  
U577                      STP_EN2_S_1     um28nchslogl35hsl140f_ssgwc0p9v125c
                                                          1.512000  
U578                      STP_INV_S_9     um28nchslogl35hsl140f_ssgwc0p9v125c
                                                          1.680000  
U579                      STP_EO2_S_2     um28nchslogl35hsl140f_ssgwc0p9v125c
                                                          1.512000  
U580                      STP_INV_1P5     um28nchslogl35hsl140f_ssgwc0p9v125c
                                                          0.504000  
U581                      STP_EN2_3       um28nchslogl35hsl140f_ssgwc0p9v125c
                                                          3.024000  
U582                      STP_INV_2P5     um28nchslogl35hsl140f_ssgwc0p9v125c
                                                          0.672000  
U583                      STP_INV_2P5     um28nchslogl35hsl140f_ssgwc0p9v125c
                                                          0.672000  
U584                      STP_INV_2       um28nchslogl35hsl140f_ssgwc0p9v125c
                                                          0.504000  
U585                      STP_EN2_3       um28nchslogl35hsl140f_ssgwc0p9v125c
                                                          3.024000  
U586                      STP_INV_S_0P65  um28nchslogl35hsl140f_ssgwc0p9v125c
                                                          0.336000  
U587                      STP_INV_4       um28nchslogl35hsl140f_ssgwc0p9v125c
                                                          0.840000  
U588                      STP_NR2_G_12    um28nchslogl35hsl140f_ssgwc0p9v125c
                                                          4.200000  
U589                      STP_INV_6P5     um28nchslogl35hsl140f_ssgwc0p9v125c
                                                          1.344000  
U590                      STP_EO2_S_6     um28nchslogl35hsl140f_ssgwc0p9v125c
                                                          4.032000  
U591                      STP_NR2_6       um28nchslogl35hsl140f_ssgwc0p9v125c
                                                          2.184000  
U592                      STP_NR2_G_5     um28nchslogl35hsl140f_ssgwc0p9v125c
                                                          1.848000  
U593                      STP_ND3_6       um28nchslogl35hsl140f_ssgwc0p9v125c
                                                          3.192000  
U594                      STP_BUF_S_8     um28nchslogl35hsl140f_ssgwc0p9v125c
                                                          2.184000  
U595                      STP_NR2_G_6     um28nchslogl35hsl140f_ssgwc0p9v125c
                                                          2.184000  
U596                      STP_ND2_5       um28nchslogl35hsl140f_ssgwc0p9v125c
                                                          1.848000  
U597                      STP_NR3_G_8     um28nchslogl35hsl140f_ssgwc0p9v125c
                                                          4.200000  
U598                      STP_NR2B_4      um28nchslogl35hsl140f_ssgwc0p9v125c
                                                          1.848000  
U599                      STP_NR2_3       um28nchslogl35hsl140f_ssgwc0p9v125c
                                                          1.176000  
U600                      STP_ND2_S_5     um28nchslogl35hsl140f_ssgwc0p9v125c
                                                          1.512000  
U601                      STP_INV_2       um28nchslogl35hsl140f_ssgwc0p9v125c
                                                          0.504000  
U602                      STP_BUF_S_8     um28nchslogl35hsl140f_ssgwc0p9v125c
                                                          2.184000  
U603                      STP_INV_7P5     um28nchslogl35hsl140f_ssgwc0p9v125c
                                                          1.512000  
U604                      STP_NR2_8       um28nchslogl35hsl140f_ssgwc0p9v125c
                                                          2.856000  
U605                      STP_ND2_S_6     um28nchslogl35hsl140f_ssgwc0p9v125c
                                                          1.848000  
U606                      STP_ND2_9       um28nchslogl35hsl140f_ssgwc0p9v125c
                                                          3.192000  
U607                      STP_ND2_12      um28nchslogl35hsl140f_ssgwc0p9v125c
                                                          4.200000  
U608                      STP_NR2_G_5     um28nchslogl35hsl140f_ssgwc0p9v125c
                                                          1.848000  
U609                      STP_ND2_5       um28nchslogl35hsl140f_ssgwc0p9v125c
                                                          1.848000  
U610                      STP_INV_3P5     um28nchslogl35hsl140f_ssgwc0p9v125c
                                                          0.840000  
U611                      STP_ND3_4       um28nchslogl35hsl140f_ssgwc0p9v125c
                                                          2.184000  
U612                      STP_AOI21_2     um28nchslogl35hsl140f_ssgwc0p9v125c
                                                          1.176000  
U613                      STP_AOI21_6     um28nchslogl35hsl140f_ssgwc0p9v125c
                                                          3.192000  
U614                      STP_NR2_G_4     um28nchslogl35hsl140f_ssgwc0p9v125c
                                                          1.512000  
U615                      STP_NR2_G_5     um28nchslogl35hsl140f_ssgwc0p9v125c
                                                          1.848000  
U616                      STP_NR2_G_5     um28nchslogl35hsl140f_ssgwc0p9v125c
                                                          1.848000  
U617                      STP_ND4_MM_8    um28nchslogl35hsl140f_ssgwc0p9v125c
                                                          4.536000  
U618                      STP_ND2_G_1P5   um28nchslogl35hsl140f_ssgwc0p9v125c
                                                          0.840000  
U619                      STP_ND2_G_2     um28nchslogl35hsl140f_ssgwc0p9v125c
                                                          0.840000  
U620                      STP_NR2_S_3     um28nchslogl35hsl140f_ssgwc0p9v125c
                                                          1.176000  
U621                      STP_NR3_G_3     um28nchslogl35hsl140f_ssgwc0p9v125c
                                                          1.680000  
U622                      STP_ND2_G_3     um28nchslogl35hsl140f_ssgwc0p9v125c
                                                          1.176000  
U623                      STP_ND2_5       um28nchslogl35hsl140f_ssgwc0p9v125c
                                                          1.848000  
U624                      STP_INV_6P5     um28nchslogl35hsl140f_ssgwc0p9v125c
                                                          1.344000  
U625                      STP_ND2_10      um28nchslogl35hsl140f_ssgwc0p9v125c
                                                          3.528000  
U626                      STP_INV_2       um28nchslogl35hsl140f_ssgwc0p9v125c
                                                          0.504000  
U627                      STP_NR2_8       um28nchslogl35hsl140f_ssgwc0p9v125c
                                                          2.856000  
U628                      STP_INV_S_1     um28nchslogl35hsl140f_ssgwc0p9v125c
                                                          0.336000  
U629                      STP_INV_S_1     um28nchslogl35hsl140f_ssgwc0p9v125c
                                                          0.336000  
U630                      STP_OR3_3       um28nchslogl35hsl140f_ssgwc0p9v125c
                                                          1.680000  
U631                      STP_OAI22_3     um28nchslogl35hsl140f_ssgwc0p9v125c
                                                          2.184000  
U632                      STP_OAI211_2    um28nchslogl35hsl140f_ssgwc0p9v125c
                                                          1.512000  
U633                      STP_AOI22_0P5   um28nchslogl35hsl140f_ssgwc0p9v125c
                                                          0.840000  
U634                      STP_AO21B_2     um28nchslogl35hsl140f_ssgwc0p9v125c
                                                          1.176000  
U635                      STP_OAI22_6     um28nchslogl35hsl140f_ssgwc0p9v125c
                                                          4.200000  
U636                      STP_INV_S_10    um28nchslogl35hsl140f_ssgwc0p9v125c
                                                          1.848000  
U637                      STP_NR2_1       um28nchslogl35hsl140f_ssgwc0p9v125c
                                                          0.504000  
U638                      STP_ND2_S_6     um28nchslogl35hsl140f_ssgwc0p9v125c
                                                          1.848000  
U639                      STP_AOI211_G_1  um28nchslogl35hsl140f_ssgwc0p9v125c
                                                          0.840000  
U640                      STP_ND2_S_1P5   um28nchslogl35hsl140f_ssgwc0p9v125c
                                                          0.840000  
U641                      STP_INV_1P5     um28nchslogl35hsl140f_ssgwc0p9v125c
                                                          0.504000  
U642                      STP_BUF_3       um28nchslogl35hsl140f_ssgwc0p9v125c
                                                          1.008000  
U643                      STP_EN2_3       um28nchslogl35hsl140f_ssgwc0p9v125c
                                                          3.024000  
U644                      STP_EO2_S_0P5   um28nchslogl35hsl140f_ssgwc0p9v125c
                                                          1.512000  
U645                      STP_EO2_S_0P5   um28nchslogl35hsl140f_ssgwc0p9v125c
                                                          1.512000  
U646                      STP_EO2_S_0P5   um28nchslogl35hsl140f_ssgwc0p9v125c
                                                          1.512000  
U647                      STP_ND2_G_1P5   um28nchslogl35hsl140f_ssgwc0p9v125c
                                                          0.840000  
U648                      STP_EO2_S_0P5   um28nchslogl35hsl140f_ssgwc0p9v125c
                                                          1.512000  
U649                      STP_INV_S_1P25  um28nchslogl35hsl140f_ssgwc0p9v125c
                                                          0.504000  
U650                      STP_ND2_1P5     um28nchslogl35hsl140f_ssgwc0p9v125c
                                                          0.840000  
U651                      STP_NR2_1       um28nchslogl35hsl140f_ssgwc0p9v125c
                                                          0.504000  
U652                      STP_NR2_1       um28nchslogl35hsl140f_ssgwc0p9v125c
                                                          0.504000  
U653                      STP_NR2_1       um28nchslogl35hsl140f_ssgwc0p9v125c
                                                          0.504000  
U654                      STP_NR2_1       um28nchslogl35hsl140f_ssgwc0p9v125c
                                                          0.504000  
U655                      STP_NR2_1       um28nchslogl35hsl140f_ssgwc0p9v125c
                                                          0.504000  
U656                      STP_NR2_1       um28nchslogl35hsl140f_ssgwc0p9v125c
                                                          0.504000  
U657                      STP_INV_2       um28nchslogl35hsl140f_ssgwc0p9v125c
                                                          0.504000  
U658                      STP_ND2_G_1P5   um28nchslogl35hsl140f_ssgwc0p9v125c
                                                          0.840000  
U659                      STP_NR4_2       um28nchslogl35hsl140f_ssgwc0p9v125c
                                                          1.512000  
U660                      STP_INV_2       um28nchslogl35hsl140f_ssgwc0p9v125c
                                                          0.504000  
U661                      STP_NR2B_3      um28nchslogl35hsl140f_ssgwc0p9v125c
                                                          1.512000  
U662                      STP_NR2_G_0P8   um28nchslogl35hsl140f_ssgwc0p9v125c
                                                          0.504000  
U663                      STP_NR2_1       um28nchslogl35hsl140f_ssgwc0p9v125c
                                                          0.504000  
U664                      STP_INV_S_0P65  um28nchslogl35hsl140f_ssgwc0p9v125c
                                                          0.336000  
U665                      STP_ND2_G_3     um28nchslogl35hsl140f_ssgwc0p9v125c
                                                          1.176000  
U666                      STP_NR2_G_2     um28nchslogl35hsl140f_ssgwc0p9v125c
                                                          0.840000  
U667                      STP_NR2_G_0P8   um28nchslogl35hsl140f_ssgwc0p9v125c
                                                          0.504000  
U668                      STP_INV_1P5     um28nchslogl35hsl140f_ssgwc0p9v125c
                                                          0.504000  
U669                      STP_INV_3P5     um28nchslogl35hsl140f_ssgwc0p9v125c
                                                          0.840000  
U670                      STP_ND2B_V1DG_2 um28nchslogl35hsl140f_ssgwc0p9v125c
                                                          1.008000  
U671                      STP_INV_3P5     um28nchslogl35hsl140f_ssgwc0p9v125c
                                                          0.840000  
U672                      STP_INV_4       um28nchslogl35hsl140f_ssgwc0p9v125c
                                                          0.840000  
U673                      STP_INV_S_1     um28nchslogl35hsl140f_ssgwc0p9v125c
                                                          0.336000  
U674                      STP_INV_S_1     um28nchslogl35hsl140f_ssgwc0p9v125c
                                                          0.336000  
U675                      STP_EN2_3       um28nchslogl35hsl140f_ssgwc0p9v125c
                                                          3.024000  
U676                      STP_EN2_3       um28nchslogl35hsl140f_ssgwc0p9v125c
                                                          3.024000  
U677                      STP_INV_S_1     um28nchslogl35hsl140f_ssgwc0p9v125c
                                                          0.336000  
U678                      STP_EN2_3       um28nchslogl35hsl140f_ssgwc0p9v125c
                                                          3.024000  
U679                      STP_INV_S_1     um28nchslogl35hsl140f_ssgwc0p9v125c
                                                          0.336000  
U680                      STP_EN2_3       um28nchslogl35hsl140f_ssgwc0p9v125c
                                                          3.024000  
U681                      STP_EN2_4       um28nchslogl35hsl140f_ssgwc0p9v125c
                                                          3.024000  
U682                      STP_INV_S_1     um28nchslogl35hsl140f_ssgwc0p9v125c
                                                          0.336000  
U683                      STP_EN2_3       um28nchslogl35hsl140f_ssgwc0p9v125c
                                                          3.024000  
U684                      STP_EN2_4       um28nchslogl35hsl140f_ssgwc0p9v125c
                                                          3.024000  
U685                      STP_EN2_3       um28nchslogl35hsl140f_ssgwc0p9v125c
                                                          3.024000  
U686                      STP_INV_S_1     um28nchslogl35hsl140f_ssgwc0p9v125c
                                                          0.336000  
U687                      STP_INV_S_1     um28nchslogl35hsl140f_ssgwc0p9v125c
                                                          0.336000  
U688                      STP_EN2_3       um28nchslogl35hsl140f_ssgwc0p9v125c
                                                          3.024000  
U689                      STP_EN2_3       um28nchslogl35hsl140f_ssgwc0p9v125c
                                                          3.024000  
U690                      STP_EN2_3       um28nchslogl35hsl140f_ssgwc0p9v125c
                                                          3.024000  
U691                      STP_INV_4       um28nchslogl35hsl140f_ssgwc0p9v125c
                                                          0.840000  
U692                      STP_INV_6       um28nchslogl35hsl140f_ssgwc0p9v125c
                                                          1.176000  
U693                      STP_ND2_7       um28nchslogl35hsl140f_ssgwc0p9v125c
                                                          2.520000  
U694                      STP_ND2_5       um28nchslogl35hsl140f_ssgwc0p9v125c
                                                          1.848000  
U695                      STP_INV_7P5     um28nchslogl35hsl140f_ssgwc0p9v125c
                                                          1.512000  
U696                      STP_NR2_G_12    um28nchslogl35hsl140f_ssgwc0p9v125c
                                                          4.200000  
U697                      STP_ND2_G_1     um28nchslogl35hsl140f_ssgwc0p9v125c
                                                          0.504000  
U698                      STP_NR2B_4      um28nchslogl35hsl140f_ssgwc0p9v125c
                                                          1.848000  
U699                      STP_NR2_G_2     um28nchslogl35hsl140f_ssgwc0p9v125c
                                                          0.840000  
U700                      STP_EN3_3       um28nchslogl35hsl140f_ssgwc0p9v125c
                                                          4.032000  
U701                      STP_NR2_G_6     um28nchslogl35hsl140f_ssgwc0p9v125c
                                                          2.184000  
U702                      STP_ND2_G_1     um28nchslogl35hsl140f_ssgwc0p9v125c
                                                          0.504000  
U703                      STP_EN3_3       um28nchslogl35hsl140f_ssgwc0p9v125c
                                                          4.032000  
U704                      STP_EO3_3       um28nchslogl35hsl140f_ssgwc0p9v125c
                                                          4.200000  
U705                      STP_ND2B_6      um28nchslogl35hsl140f_ssgwc0p9v125c
                                                          2.688000  
U706                      STP_EO2_4       um28nchslogl35hsl140f_ssgwc0p9v125c
                                                          3.024000  
U707                      STP_ND2_5       um28nchslogl35hsl140f_ssgwc0p9v125c
                                                          1.848000  
U708                      STP_ND2_5       um28nchslogl35hsl140f_ssgwc0p9v125c
                                                          1.848000  
U709                      STP_INV_6       um28nchslogl35hsl140f_ssgwc0p9v125c
                                                          1.176000  
U710                      STP_NR2_8       um28nchslogl35hsl140f_ssgwc0p9v125c
                                                          2.856000  
U711                      STP_EN3_3       um28nchslogl35hsl140f_ssgwc0p9v125c
                                                          4.032000  
U712                      STP_NR3_G_4     um28nchslogl35hsl140f_ssgwc0p9v125c
                                                          2.184000  
U713                      STP_INV_2       um28nchslogl35hsl140f_ssgwc0p9v125c
                                                          0.504000  
U714                      STP_AOI211_G_1  um28nchslogl35hsl140f_ssgwc0p9v125c
                                                          0.840000  
U715                      STP_NR2_G_4     um28nchslogl35hsl140f_ssgwc0p9v125c
                                                          1.512000  
U716                      STP_NR2_G_12    um28nchslogl35hsl140f_ssgwc0p9v125c
                                                          4.200000  
U717                      STP_ND2_S_5     um28nchslogl35hsl140f_ssgwc0p9v125c
                                                          1.512000  
U718                      STP_OR2_7       um28nchslogl35hsl140f_ssgwc0p9v125c
                                                          2.688000  
U719                      STP_OAI22_5     um28nchslogl35hsl140f_ssgwc0p9v125c
                                                          3.528000  
U720                      STP_OAI211_4    um28nchslogl35hsl140f_ssgwc0p9v125c
                                                          2.856000  
U721                      STP_INV_S_5     um28nchslogl35hsl140f_ssgwc0p9v125c
                                                          1.008000  
U722                      STP_ND2_G_2     um28nchslogl35hsl140f_ssgwc0p9v125c
                                                          0.840000  
U723                      STP_ND2_S_2     um28nchslogl35hsl140f_ssgwc0p9v125c
                                                          0.840000  
U724                      STP_ND2_S_2     um28nchslogl35hsl140f_ssgwc0p9v125c
                                                          0.840000  
U725                      STP_ND2_7       um28nchslogl35hsl140f_ssgwc0p9v125c
                                                          2.520000  
U726                      STP_OAI22_5     um28nchslogl35hsl140f_ssgwc0p9v125c
                                                          3.528000  
U727                      STP_NR2_8       um28nchslogl35hsl140f_ssgwc0p9v125c
                                                          2.856000  
U728                      STP_INV_7P5     um28nchslogl35hsl140f_ssgwc0p9v125c
                                                          1.512000  
U729                      STP_EO2_S_0P5   um28nchslogl35hsl140f_ssgwc0p9v125c
                                                          1.512000  
U730                      STP_EO2_S_0P5   um28nchslogl35hsl140f_ssgwc0p9v125c
                                                          1.512000  
U731                      STP_ND2_G_1     um28nchslogl35hsl140f_ssgwc0p9v125c
                                                          0.504000  
U732                      STP_INV_4       um28nchslogl35hsl140f_ssgwc0p9v125c
                                                          0.840000  
U733                      STP_NR2_6       um28nchslogl35hsl140f_ssgwc0p9v125c
                                                          2.184000  
U734                      STP_NR2_G_2     um28nchslogl35hsl140f_ssgwc0p9v125c
                                                          0.840000  
U735                      STP_AN2_2       um28nchslogl35hsl140f_ssgwc0p9v125c
                                                          0.840000  
U736                      STP_NR2_S_3     um28nchslogl35hsl140f_ssgwc0p9v125c
                                                          1.176000  
U737                      STP_NR2_G_4     um28nchslogl35hsl140f_ssgwc0p9v125c
                                                          1.512000  
U738                      STP_OR3_6       um28nchslogl35hsl140f_ssgwc0p9v125c
                                                          2.688000  
U739                      STP_BUF_5       um28nchslogl35hsl140f_ssgwc0p9v125c
                                                          1.512000  
U740                      STP_ND2_6       um28nchslogl35hsl140f_ssgwc0p9v125c
                                                          2.184000  
U741                      STP_INV_6       um28nchslogl35hsl140f_ssgwc0p9v125c
                                                          1.176000  
U742                      STP_NR2_6       um28nchslogl35hsl140f_ssgwc0p9v125c
                                                          2.184000  
U743                      STP_INV_6       um28nchslogl35hsl140f_ssgwc0p9v125c
                                                          1.176000  
U744                      STP_NR3_G_1     um28nchslogl35hsl140f_ssgwc0p9v125c
                                                          0.672000  
U745                      STP_EN3_3       um28nchslogl35hsl140f_ssgwc0p9v125c
                                                          4.032000  
U746                      STP_INV_3P5     um28nchslogl35hsl140f_ssgwc0p9v125c
                                                          0.840000  
U747                      STP_EN3_3       um28nchslogl35hsl140f_ssgwc0p9v125c
                                                          4.032000  
U748                      STP_NR2_S_1P5   um28nchslogl35hsl140f_ssgwc0p9v125c
                                                          0.840000  
U749                      STP_EO2_S_0P5   um28nchslogl35hsl140f_ssgwc0p9v125c
                                                          1.512000  
U750                      STP_EO2_S_0P5   um28nchslogl35hsl140f_ssgwc0p9v125c
                                                          1.512000  
U751                      STP_NR2_S_3     um28nchslogl35hsl140f_ssgwc0p9v125c
                                                          1.176000  
U752                      STP_ND3_5       um28nchslogl35hsl140f_ssgwc0p9v125c
                                                          2.688000  
U753                      STP_BUF_S_8     um28nchslogl35hsl140f_ssgwc0p9v125c
                                                          2.184000  
U754                      STP_EO3_3       um28nchslogl35hsl140f_ssgwc0p9v125c
                                                          4.200000  
U755                      STP_ND2_G_3     um28nchslogl35hsl140f_ssgwc0p9v125c
                                                          1.176000  
U756                      STP_BUF_15      um28nchslogl35hsl140f_ssgwc0p9v125c
                                                          4.032000  
U757                      STP_INV_7P5     um28nchslogl35hsl140f_ssgwc0p9v125c
                                                          1.512000  
U758                      STP_NR2B_8      um28nchslogl35hsl140f_ssgwc0p9v125c
                                                          3.528000  
U759                      STP_EO3_3       um28nchslogl35hsl140f_ssgwc0p9v125c
                                                          4.200000  
U760                      STP_ND2_G_1     um28nchslogl35hsl140f_ssgwc0p9v125c
                                                          0.504000  
U761                      STP_ND2_G_1     um28nchslogl35hsl140f_ssgwc0p9v125c
                                                          0.504000  
U762                      STP_NR2_1       um28nchslogl35hsl140f_ssgwc0p9v125c
                                                          0.504000  
U763                      STP_OAI21_6     um28nchslogl35hsl140f_ssgwc0p9v125c
                                                          3.192000  
U764                      STP_EN3_3       um28nchslogl35hsl140f_ssgwc0p9v125c
                                                          4.032000  
U765                      STP_EN3_3       um28nchslogl35hsl140f_ssgwc0p9v125c
                                                          4.032000  
U766                      STP_OAI21B_4    um28nchslogl35hsl140f_ssgwc0p9v125c
                                                          2.688000  
U767                      STP_EN2_6       um28nchslogl35hsl140f_ssgwc0p9v125c
                                                          4.536000  
U768                      STP_ND2_9       um28nchslogl35hsl140f_ssgwc0p9v125c
                                                          3.192000  
U769                      STP_INV_1P5     um28nchslogl35hsl140f_ssgwc0p9v125c
                                                          0.504000  
U770                      STP_AOI21_6     um28nchslogl35hsl140f_ssgwc0p9v125c
                                                          3.192000  
U771                      STP_EN3_3       um28nchslogl35hsl140f_ssgwc0p9v125c
                                                          4.032000  
U772                      STP_EN3_6       um28nchslogl35hsl140f_ssgwc0p9v125c
                                                          6.888000  
U773                      STP_EO3_3       um28nchslogl35hsl140f_ssgwc0p9v125c
                                                          4.200000  
U774                      STP_EN3_3       um28nchslogl35hsl140f_ssgwc0p9v125c
                                                          4.032000  
U775                      STP_EN2_4       um28nchslogl35hsl140f_ssgwc0p9v125c
                                                          3.024000  
U776                      STP_EO2_2       um28nchslogl35hsl140f_ssgwc0p9v125c
                                                          1.680000  
U777                      STP_EO3_3       um28nchslogl35hsl140f_ssgwc0p9v125c
                                                          4.200000  
U778                      STP_INV_6P5     um28nchslogl35hsl140f_ssgwc0p9v125c
                                                          1.344000  
U779                      STP_OAI21_1     um28nchslogl35hsl140f_ssgwc0p9v125c
                                                          0.672000  
U780                      STP_ND2B_3      um28nchslogl35hsl140f_ssgwc0p9v125c
                                                          1.512000  
U781                      STP_EO3_3       um28nchslogl35hsl140f_ssgwc0p9v125c
                                                          4.200000  
U782                      STP_EO3_3       um28nchslogl35hsl140f_ssgwc0p9v125c
                                                          4.200000  
U783                      STP_EN3_3       um28nchslogl35hsl140f_ssgwc0p9v125c
                                                          4.032000  
U784                      STP_EN3_3       um28nchslogl35hsl140f_ssgwc0p9v125c
                                                          4.032000  
U785                      STP_EO2_S_0P5   um28nchslogl35hsl140f_ssgwc0p9v125c
                                                          1.512000  
U786                      STP_EO3_3       um28nchslogl35hsl140f_ssgwc0p9v125c
                                                          4.200000  
U787                      STP_ND2_G_1     um28nchslogl35hsl140f_ssgwc0p9v125c
                                                          0.504000  
U788                      STP_NR2B_8      um28nchslogl35hsl140f_ssgwc0p9v125c
                                                          3.528000  
U789                      STP_EN3_3       um28nchslogl35hsl140f_ssgwc0p9v125c
                                                          4.032000  
U790                      STP_EN3_3       um28nchslogl35hsl140f_ssgwc0p9v125c
                                                          4.032000  
U791                      STP_EO2_S_0P5   um28nchslogl35hsl140f_ssgwc0p9v125c
                                                          1.512000  
U792                      STP_OR2_4       um28nchslogl35hsl140f_ssgwc0p9v125c
                                                          1.512000  
U793                      STP_EO2_S_0P5   um28nchslogl35hsl140f_ssgwc0p9v125c
                                                          1.512000  
U794                      STP_EO2_S_0P5   um28nchslogl35hsl140f_ssgwc0p9v125c
                                                          1.512000  
U795                      STP_EO2_S_0P5   um28nchslogl35hsl140f_ssgwc0p9v125c
                                                          1.512000  
U796                      STP_EO2_S_0P5   um28nchslogl35hsl140f_ssgwc0p9v125c
                                                          1.512000  
U797                      STP_ND2_G_3     um28nchslogl35hsl140f_ssgwc0p9v125c
                                                          1.176000  
U798                      STP_AN4B_1      um28nchslogl35hsl140f_ssgwc0p9v125c
                                                          1.008000  
U799                      STP_EN2_8       um28nchslogl35hsl140f_ssgwc0p9v125c
                                                          5.880000  
U800                      STP_NR2_G_4     um28nchslogl35hsl140f_ssgwc0p9v125c
                                                          1.512000  
U801                      STP_ND2_G_4     um28nchslogl35hsl140f_ssgwc0p9v125c
                                                          1.512000  
U802                      STP_EO2_3       um28nchslogl35hsl140f_ssgwc0p9v125c
                                                          2.856000  
U803                      STP_NR4_1       um28nchslogl35hsl140f_ssgwc0p9v125c
                                                          0.840000  
U804                      STP_INV_2       um28nchslogl35hsl140f_ssgwc0p9v125c
                                                          0.504000  
U805                      STP_OAI21_4     um28nchslogl35hsl140f_ssgwc0p9v125c
                                                          2.184000  
U806                      STP_EN3_6       um28nchslogl35hsl140f_ssgwc0p9v125c
                                                          6.888000  
U807                      STP_NR2_S_1P5   um28nchslogl35hsl140f_ssgwc0p9v125c
                                                          0.840000  
U808                      STP_EN3_3       um28nchslogl35hsl140f_ssgwc0p9v125c
                                                          4.032000  
U809                      STP_NR2_G_4     um28nchslogl35hsl140f_ssgwc0p9v125c
                                                          1.512000  
U810                      STP_INV_2       um28nchslogl35hsl140f_ssgwc0p9v125c
                                                          0.504000  
U811                      STP_EN3_3       um28nchslogl35hsl140f_ssgwc0p9v125c
                                                          4.032000  
U812                      STP_EN3_3       um28nchslogl35hsl140f_ssgwc0p9v125c
                                                          4.032000  
U813                      STP_NR4_6       um28nchslogl35hsl140f_ssgwc0p9v125c
                                                          3.864000  
U814                      STP_EN3_3       um28nchslogl35hsl140f_ssgwc0p9v125c
                                                          4.032000  
U815                      STP_EN2_8       um28nchslogl35hsl140f_ssgwc0p9v125c
                                                          5.880000  
U816                      STP_BUF_3P5     um28nchslogl35hsl140f_ssgwc0p9v125c
                                                          1.176000  
U817                      STP_EN3_3       um28nchslogl35hsl140f_ssgwc0p9v125c
                                                          4.032000  
U818                      STP_EN3_3       um28nchslogl35hsl140f_ssgwc0p9v125c
                                                          4.032000  
U819                      STP_INV_S_14    um28nchslogl35hsl140f_ssgwc0p9v125c
                                                          2.520000  
U820                      STP_EN3_3       um28nchslogl35hsl140f_ssgwc0p9v125c
                                                          4.032000  
U821                      STP_INV_18      um28nchslogl35hsl140f_ssgwc0p9v125c
                                                          3.192000  
U822                      STP_INV_18      um28nchslogl35hsl140f_ssgwc0p9v125c
                                                          3.192000  
U823                      STP_EN3_3       um28nchslogl35hsl140f_ssgwc0p9v125c
                                                          4.032000  
U824                      STP_EN3_3       um28nchslogl35hsl140f_ssgwc0p9v125c
                                                          4.032000  
U825                      STP_INV_4       um28nchslogl35hsl140f_ssgwc0p9v125c
                                                          0.840000  
U826                      STP_EN3_3       um28nchslogl35hsl140f_ssgwc0p9v125c
                                                          4.032000  
U827                      STP_EN3_6       um28nchslogl35hsl140f_ssgwc0p9v125c
                                                          6.888000  
U828                      STP_INV_18      um28nchslogl35hsl140f_ssgwc0p9v125c
                                                          3.192000  
U829                      STP_EN3_6       um28nchslogl35hsl140f_ssgwc0p9v125c
                                                          6.888000  
U830                      STP_ND2_G_1     um28nchslogl35hsl140f_ssgwc0p9v125c
                                                          0.504000  
U831                      STP_ND2_G_1     um28nchslogl35hsl140f_ssgwc0p9v125c
                                                          0.504000  
U832                      STP_NR2_G_4     um28nchslogl35hsl140f_ssgwc0p9v125c
                                                          1.512000  
U833                      STP_ND2_G_2     um28nchslogl35hsl140f_ssgwc0p9v125c
                                                          0.840000  
U834                      STP_ND2_G_1     um28nchslogl35hsl140f_ssgwc0p9v125c
                                                          0.504000  
U835                      STP_EN2_8       um28nchslogl35hsl140f_ssgwc0p9v125c
                                                          5.880000  
U836                      STP_OR3B_2      um28nchslogl35hsl140f_ssgwc0p9v125c
                                                          1.176000  
U837                      STP_NR3_G_3     um28nchslogl35hsl140f_ssgwc0p9v125c
                                                          1.680000  
U838                      STP_EN2_8       um28nchslogl35hsl140f_ssgwc0p9v125c
                                                          5.880000  
U839                      STP_NR2_G_2     um28nchslogl35hsl140f_ssgwc0p9v125c
                                                          0.840000  
U840                      STP_OAI211_0P5  um28nchslogl35hsl140f_ssgwc0p9v125c
                                                          0.840000  
U841                      STP_INV_S_0P65  um28nchslogl35hsl140f_ssgwc0p9v125c
                                                          0.336000  
U842                      STP_OAI21_1     um28nchslogl35hsl140f_ssgwc0p9v125c
                                                          0.672000  
U843                      STP_ND2_G_1     um28nchslogl35hsl140f_ssgwc0p9v125c
                                                          0.504000  
U844                      STP_AOI22_0P5   um28nchslogl35hsl140f_ssgwc0p9v125c
                                                          0.840000  
U845                      STP_AN3B_2      um28nchslogl35hsl140f_ssgwc0p9v125c
                                                          1.176000  
U846                      STP_NR2_G_2     um28nchslogl35hsl140f_ssgwc0p9v125c
                                                          0.840000  
U847                      STP_EO2_S_2     um28nchslogl35hsl140f_ssgwc0p9v125c
                                                          1.512000  
U848                      STP_ND3_2       um28nchslogl35hsl140f_ssgwc0p9v125c
                                                          1.176000  
U849                      STP_NR2_G_2     um28nchslogl35hsl140f_ssgwc0p9v125c
                                                          0.840000  
U850                      STP_ND3_2       um28nchslogl35hsl140f_ssgwc0p9v125c
                                                          1.176000  
U851                      STP_OAI31_G_0P5 um28nchslogl35hsl140f_ssgwc0p9v125c
                                                          0.840000  
U852                      STP_NR2_1       um28nchslogl35hsl140f_ssgwc0p9v125c
                                                          0.504000  
U853                      STP_ND2B_2      um28nchslogl35hsl140f_ssgwc0p9v125c
                                                          1.008000  
U854                      STP_ND3_0P5     um28nchslogl35hsl140f_ssgwc0p9v125c
                                                          0.672000  
U855                      STP_AOI211_0P5  um28nchslogl35hsl140f_ssgwc0p9v125c
                                                          0.840000  
U856                      STP_ND2_G_1     um28nchslogl35hsl140f_ssgwc0p9v125c
                                                          0.504000  
U857                      STP_NR2_1       um28nchslogl35hsl140f_ssgwc0p9v125c
                                                          0.504000  
U858                      STP_INV_S_1     um28nchslogl35hsl140f_ssgwc0p9v125c
                                                          0.336000  
U859                      STP_EN2_0P5     um28nchslogl35hsl140f_ssgwc0p9v125c
                                                          1.344000  
U860                      STP_NR2_G_0P5   um28nchslogl35hsl140f_ssgwc0p9v125c
                                                          0.504000  
U861                      STP_NR2_G_0P5   um28nchslogl35hsl140f_ssgwc0p9v125c
                                                          0.504000  
U862                      STP_NR2_1       um28nchslogl35hsl140f_ssgwc0p9v125c
                                                          0.504000  
U863                      STP_INV_S_1     um28nchslogl35hsl140f_ssgwc0p9v125c
                                                          0.336000  
U864                      STP_NR2_1       um28nchslogl35hsl140f_ssgwc0p9v125c
                                                          0.504000  
U865                      STP_INV_S_1     um28nchslogl35hsl140f_ssgwc0p9v125c
                                                          0.336000  
U866                      STP_INV_S_1     um28nchslogl35hsl140f_ssgwc0p9v125c
                                                          0.336000  
U867                      STP_INV_S_1     um28nchslogl35hsl140f_ssgwc0p9v125c
                                                          0.336000  
U868                      STP_INV_S_1     um28nchslogl35hsl140f_ssgwc0p9v125c
                                                          0.336000  
U869                      STP_EN2_S_1     um28nchslogl35hsl140f_ssgwc0p9v125c
                                                          1.512000  
U870                      STP_INV_S_1     um28nchslogl35hsl140f_ssgwc0p9v125c
                                                          0.336000  
U871                      STP_INV_S_1     um28nchslogl35hsl140f_ssgwc0p9v125c
                                                          0.336000  
U872                      STP_NR2_1       um28nchslogl35hsl140f_ssgwc0p9v125c
                                                          0.504000  
U873                      STP_NR3_G_1     um28nchslogl35hsl140f_ssgwc0p9v125c
                                                          0.672000  
U874                      STP_NR2_1       um28nchslogl35hsl140f_ssgwc0p9v125c
                                                          0.504000  
U875                      STP_INV_S_1     um28nchslogl35hsl140f_ssgwc0p9v125c
                                                          0.336000  
U876                      STP_ND2_S_0P8   um28nchslogl35hsl140f_ssgwc0p9v125c
                                                          0.504000  
U877                      STP_EN3_3       um28nchslogl35hsl140f_ssgwc0p9v125c
                                                          4.032000  
U878                      STP_EO3_3       um28nchslogl35hsl140f_ssgwc0p9v125c
                                                          4.200000  
U879                      STP_EN3_3       um28nchslogl35hsl140f_ssgwc0p9v125c
                                                          4.032000  
U880                      STP_ND2_S_2     um28nchslogl35hsl140f_ssgwc0p9v125c
                                                          0.840000  
U881                      STP_ND2_S_2     um28nchslogl35hsl140f_ssgwc0p9v125c
                                                          0.840000  
U882                      STP_NR3_G_2     um28nchslogl35hsl140f_ssgwc0p9v125c
                                                          1.176000  
U883                      STP_EO3_3       um28nchslogl35hsl140f_ssgwc0p9v125c
                                                          4.200000  
U884                      STP_EN2_4       um28nchslogl35hsl140f_ssgwc0p9v125c
                                                          3.024000  
U885                      STP_EN3_3       um28nchslogl35hsl140f_ssgwc0p9v125c
                                                          4.032000  
U886                      STP_EN2_4       um28nchslogl35hsl140f_ssgwc0p9v125c
                                                          3.024000  
U887                      STP_OAI21_2     um28nchslogl35hsl140f_ssgwc0p9v125c
                                                          1.176000  
U888                      STP_INV_S_0P65  um28nchslogl35hsl140f_ssgwc0p9v125c
                                                          0.336000  
U889                      STP_ND2_S_5     um28nchslogl35hsl140f_ssgwc0p9v125c
                                                          1.512000  
U890                      STP_AOI21_1     um28nchslogl35hsl140f_ssgwc0p9v125c
                                                          0.672000  
U891                      STP_BUF_S_10    um28nchslogl35hsl140f_ssgwc0p9v125c
                                                          2.688000  
U892                      STP_ND2_G_3     um28nchslogl35hsl140f_ssgwc0p9v125c
                                                          1.176000  
U893                      STP_EO2_S_0P5   um28nchslogl35hsl140f_ssgwc0p9v125c
                                                          1.512000  
U894                      STP_EO2_S_0P5   um28nchslogl35hsl140f_ssgwc0p9v125c
                                                          1.512000  
U895                      STP_EO2_S_0P5   um28nchslogl35hsl140f_ssgwc0p9v125c
                                                          1.512000  
U896                      STP_EO2_S_0P5   um28nchslogl35hsl140f_ssgwc0p9v125c
                                                          1.512000  
U897                      STP_INV_6       um28nchslogl35hsl140f_ssgwc0p9v125c
                                                          1.176000  
U898                      STP_AN2_7       um28nchslogl35hsl140f_ssgwc0p9v125c
                                                          2.688000  
U899                      STP_EN2_8       um28nchslogl35hsl140f_ssgwc0p9v125c
                                                          5.880000  
U900                      STP_EN3_3       um28nchslogl35hsl140f_ssgwc0p9v125c
                                                          4.032000  
U901                      STP_ND2_9       um28nchslogl35hsl140f_ssgwc0p9v125c
                                                          3.192000  
U902                      STP_ND2B_1      um28nchslogl35hsl140f_ssgwc0p9v125c
                                                          0.672000  
U903                      STP_NR2_1P5     um28nchslogl35hsl140f_ssgwc0p9v125c
                                                          0.840000  
U904                      STP_ND2_S_0P8   um28nchslogl35hsl140f_ssgwc0p9v125c
                                                          0.504000  
U905                      STP_INV_3P5     um28nchslogl35hsl140f_ssgwc0p9v125c
                                                          0.840000  
U906                      STP_NR2_1       um28nchslogl35hsl140f_ssgwc0p9v125c
                                                          0.504000  
U907                      STP_ND2_G_3     um28nchslogl35hsl140f_ssgwc0p9v125c
                                                          1.176000  
U908                      STP_AOI21_1     um28nchslogl35hsl140f_ssgwc0p9v125c
                                                          0.672000  
U909                      STP_EO2_S_0P5   um28nchslogl35hsl140f_ssgwc0p9v125c
                                                          1.512000  
U910                      STP_NR3_G_8     um28nchslogl35hsl140f_ssgwc0p9v125c
                                                          4.200000  
U911                      STP_AO2BB2_4    um28nchslogl35hsl140f_ssgwc0p9v125c
                                                          2.856000  
U912                      STP_NR2_G_4     um28nchslogl35hsl140f_ssgwc0p9v125c
                                                          1.512000  
U913                      STP_NR2_G_4     um28nchslogl35hsl140f_ssgwc0p9v125c
                                                          1.512000  
U914                      STP_NR3_G_3     um28nchslogl35hsl140f_ssgwc0p9v125c
                                                          1.680000  
U915                      STP_ND3_5       um28nchslogl35hsl140f_ssgwc0p9v125c
                                                          2.688000  
U916                      STP_EN3_3       um28nchslogl35hsl140f_ssgwc0p9v125c
                                                          4.032000  
U917                      STP_EN2_4       um28nchslogl35hsl140f_ssgwc0p9v125c
                                                          3.024000  
U918                      STP_EO2_S_0P5   um28nchslogl35hsl140f_ssgwc0p9v125c
                                                          1.512000  
U919                      STP_NR2_G_0P8   um28nchslogl35hsl140f_ssgwc0p9v125c
                                                          0.504000  
U920                      STP_NR2_G_0P8   um28nchslogl35hsl140f_ssgwc0p9v125c
                                                          0.504000  
U921                      STP_ND2_S_10    um28nchslogl35hsl140f_ssgwc0p9v125c
                                                          2.856000  
U922                      STP_ND2_G_3     um28nchslogl35hsl140f_ssgwc0p9v125c
                                                          1.176000  
U923                      STP_AN2_MG_6    um28nchslogl35hsl140f_ssgwc0p9v125c
                                                          1.848000  
U924                      STP_NR2_1       um28nchslogl35hsl140f_ssgwc0p9v125c
                                                          0.504000  
U925                      STP_NR2_G_0P8   um28nchslogl35hsl140f_ssgwc0p9v125c
                                                          0.504000  
U926                      STP_AOI21_4     um28nchslogl35hsl140f_ssgwc0p9v125c
                                                          2.184000  
U927                      STP_ND2_G_1     um28nchslogl35hsl140f_ssgwc0p9v125c
                                                          0.504000  
U928                      STP_EN2_4       um28nchslogl35hsl140f_ssgwc0p9v125c
                                                          3.024000  
U929                      STP_EO2_3       um28nchslogl35hsl140f_ssgwc0p9v125c
                                                          2.856000  
U930                      STP_EO3_3       um28nchslogl35hsl140f_ssgwc0p9v125c
                                                          4.200000  
U931                      STP_EO3_3       um28nchslogl35hsl140f_ssgwc0p9v125c
                                                          4.200000  
U932                      STP_EO2_3       um28nchslogl35hsl140f_ssgwc0p9v125c
                                                          2.856000  
U933                      STP_EN3_6       um28nchslogl35hsl140f_ssgwc0p9v125c
                                                          6.888000  
U934                      STP_EO2_3       um28nchslogl35hsl140f_ssgwc0p9v125c
                                                          2.856000  
U935                      STP_AOI21_1     um28nchslogl35hsl140f_ssgwc0p9v125c
                                                          0.672000  
U936                      STP_EN3_3       um28nchslogl35hsl140f_ssgwc0p9v125c
                                                          4.032000  
U937                      STP_EN2_S_2     um28nchslogl35hsl140f_ssgwc0p9v125c
                                                          1.680000  
U938                      STP_EO2_S_0P5   um28nchslogl35hsl140f_ssgwc0p9v125c
                                                          1.512000  
U939                      STP_NR3_G_8     um28nchslogl35hsl140f_ssgwc0p9v125c
                                                          4.200000  
U940                      STP_INV_3P5     um28nchslogl35hsl140f_ssgwc0p9v125c
                                                          0.840000  
U941                      STP_NR2_G_4     um28nchslogl35hsl140f_ssgwc0p9v125c
                                                          1.512000  
U942                      STP_EO2_S_0P5   um28nchslogl35hsl140f_ssgwc0p9v125c
                                                          1.512000  
U943                      STP_EO2_S_0P5   um28nchslogl35hsl140f_ssgwc0p9v125c
                                                          1.512000  
U944                      STP_EO2_S_0P5   um28nchslogl35hsl140f_ssgwc0p9v125c
                                                          1.512000  
U945                      STP_ND3_2       um28nchslogl35hsl140f_ssgwc0p9v125c
                                                          1.176000  
U946                      STP_NR4_8       um28nchslogl35hsl140f_ssgwc0p9v125c
                                                          5.208000  
U947                      STP_ND2_S_10    um28nchslogl35hsl140f_ssgwc0p9v125c
                                                          2.856000  
U948                      STP_EN2_S_2     um28nchslogl35hsl140f_ssgwc0p9v125c
                                                          1.680000  
U949                      STP_EN2_S_2     um28nchslogl35hsl140f_ssgwc0p9v125c
                                                          1.680000  
U950                      STP_NR2_1       um28nchslogl35hsl140f_ssgwc0p9v125c
                                                          0.504000  
U951                      STP_ND2_S_10    um28nchslogl35hsl140f_ssgwc0p9v125c
                                                          2.856000  
U952                      STP_INV_3       um28nchslogl35hsl140f_ssgwc0p9v125c
                                                          0.672000  
U953                      STP_ND2_G_2     um28nchslogl35hsl140f_ssgwc0p9v125c
                                                          0.840000  
U954                      STP_EO2_3       um28nchslogl35hsl140f_ssgwc0p9v125c
                                                          2.856000  
U955                      STP_ND2_S_16    um28nchslogl35hsl140f_ssgwc0p9v125c
                                                          4.200000  
U956                      STP_EN2_S_2     um28nchslogl35hsl140f_ssgwc0p9v125c
                                                          1.680000  
U957                      STP_EN2_S_2     um28nchslogl35hsl140f_ssgwc0p9v125c
                                                          1.680000  
U958                      STP_EN2_S_2     um28nchslogl35hsl140f_ssgwc0p9v125c
                                                          1.680000  
U959                      STP_EN2_S_2     um28nchslogl35hsl140f_ssgwc0p9v125c
                                                          1.680000  
U960                      STP_EO2_S_0P5   um28nchslogl35hsl140f_ssgwc0p9v125c
                                                          1.512000  
U961                      STP_EO3_3       um28nchslogl35hsl140f_ssgwc0p9v125c
                                                          4.200000  
U962                      STP_EO2_3       um28nchslogl35hsl140f_ssgwc0p9v125c
                                                          2.856000  
U963                      STP_EO3_3       um28nchslogl35hsl140f_ssgwc0p9v125c
                                                          4.200000  
U964                      STP_EO3_3       um28nchslogl35hsl140f_ssgwc0p9v125c
                                                          4.200000  
U965                      STP_EO2_3       um28nchslogl35hsl140f_ssgwc0p9v125c
                                                          2.856000  
U966                      STP_NR2_1       um28nchslogl35hsl140f_ssgwc0p9v125c
                                                          0.504000  
U967                      STP_NR2_8       um28nchslogl35hsl140f_ssgwc0p9v125c
                                                          2.856000  
U968                      STP_EO2_S_0P5   um28nchslogl35hsl140f_ssgwc0p9v125c
                                                          1.512000  
U969                      STP_EO2_S_0P5   um28nchslogl35hsl140f_ssgwc0p9v125c
                                                          1.512000  
U970                      STP_EO2_S_0P5   um28nchslogl35hsl140f_ssgwc0p9v125c
                                                          1.512000  
U971                      STP_NR2_S_3     um28nchslogl35hsl140f_ssgwc0p9v125c
                                                          1.176000  
U972                      STP_NR2_S_3     um28nchslogl35hsl140f_ssgwc0p9v125c
                                                          1.176000  
U973                      STP_NR2_S_3     um28nchslogl35hsl140f_ssgwc0p9v125c
                                                          1.176000  
U974                      STP_NR2_S_3     um28nchslogl35hsl140f_ssgwc0p9v125c
                                                          1.176000  
U975                      STP_NR2_S_3     um28nchslogl35hsl140f_ssgwc0p9v125c
                                                          1.176000  
U976                      STP_EO2_3       um28nchslogl35hsl140f_ssgwc0p9v125c
                                                          2.856000  
U977                      STP_EN2_S_2     um28nchslogl35hsl140f_ssgwc0p9v125c
                                                          1.680000  
U978                      STP_INV_3       um28nchslogl35hsl140f_ssgwc0p9v125c
                                                          0.672000  
U979                      STP_ND2_G_1     um28nchslogl35hsl140f_ssgwc0p9v125c
                                                          0.504000  
U980                      STP_EO3_3       um28nchslogl35hsl140f_ssgwc0p9v125c
                                                          4.200000  
U981                      STP_EN3_3       um28nchslogl35hsl140f_ssgwc0p9v125c
                                                          4.032000  
U982                      STP_EO2_S_0P5   um28nchslogl35hsl140f_ssgwc0p9v125c
                                                          1.512000  
U983                      STP_EO2_3       um28nchslogl35hsl140f_ssgwc0p9v125c
                                                          2.856000  
U984                      STP_ND2_G_1     um28nchslogl35hsl140f_ssgwc0p9v125c
                                                          0.504000  
U985                      STP_ND2_G_1     um28nchslogl35hsl140f_ssgwc0p9v125c
                                                          0.504000  
U986                      STP_EO3_3       um28nchslogl35hsl140f_ssgwc0p9v125c
                                                          4.200000  
U987                      STP_EO3_3       um28nchslogl35hsl140f_ssgwc0p9v125c
                                                          4.200000  
U988                      STP_EO3_3       um28nchslogl35hsl140f_ssgwc0p9v125c
                                                          4.200000  
U989                      STP_EN2_S_2     um28nchslogl35hsl140f_ssgwc0p9v125c
                                                          1.680000  
U990                      STP_EO2_3       um28nchslogl35hsl140f_ssgwc0p9v125c
                                                          2.856000  
U991                      STP_EO2_S_0P5   um28nchslogl35hsl140f_ssgwc0p9v125c
                                                          1.512000  
U992                      STP_EO3_3       um28nchslogl35hsl140f_ssgwc0p9v125c
                                                          4.200000  
U993                      STP_ND2_G_1     um28nchslogl35hsl140f_ssgwc0p9v125c
                                                          0.504000  
U994                      STP_EO2_S_2     um28nchslogl35hsl140f_ssgwc0p9v125c
                                                          1.512000  
U995                      STP_EO2_S_2     um28nchslogl35hsl140f_ssgwc0p9v125c
                                                          1.512000  
U996                      STP_EO2_S_2     um28nchslogl35hsl140f_ssgwc0p9v125c
                                                          1.512000  
U997                      STP_EO2_S_2     um28nchslogl35hsl140f_ssgwc0p9v125c
                                                          1.512000  
U998                      STP_EO2_3       um28nchslogl35hsl140f_ssgwc0p9v125c
                                                          2.856000  
U999                      STP_EO3_3       um28nchslogl35hsl140f_ssgwc0p9v125c
                                                          4.200000  
U1000                     STP_EO2_S_2     um28nchslogl35hsl140f_ssgwc0p9v125c
                                                          1.512000  
U1001                     STP_EO2_3       um28nchslogl35hsl140f_ssgwc0p9v125c
                                                          2.856000  
U1002                     STP_EO3_3       um28nchslogl35hsl140f_ssgwc0p9v125c
                                                          4.200000  
U1003                     STP_INV_S_1     um28nchslogl35hsl140f_ssgwc0p9v125c
                                                          0.336000  
U1004                     STP_OAI21_0P5   um28nchslogl35hsl140f_ssgwc0p9v125c
                                                          0.672000  
U1005                     STP_OAI21B_1    um28nchslogl35hsl140f_ssgwc0p9v125c
                                                          0.840000  
U1006                     STP_ND2_S_0P8   um28nchslogl35hsl140f_ssgwc0p9v125c
                                                          0.504000  
U1007                     STP_AOI21_0P75  um28nchslogl35hsl140f_ssgwc0p9v125c
                                                          0.672000  
U1008                     STP_OAI31_G_0P75
                                          um28nchslogl35hsl140f_ssgwc0p9v125c
                                                          0.840000  
U1009                     STP_INV_S_0P65  um28nchslogl35hsl140f_ssgwc0p9v125c
                                                          0.336000  
U1010                     STP_AOI21_0P75  um28nchslogl35hsl140f_ssgwc0p9v125c
                                                          0.672000  
U1011                     STP_INV_S_0P65  um28nchslogl35hsl140f_ssgwc0p9v125c
                                                          0.336000  
U1012                     STP_INV_S_1     um28nchslogl35hsl140f_ssgwc0p9v125c
                                                          0.336000  
U1013                     STP_OAI22_0P5   um28nchslogl35hsl140f_ssgwc0p9v125c
                                                          0.840000  
U1014                     STP_AOI22_1     um28nchslogl35hsl140f_ssgwc0p9v125c
                                                          0.840000  
U1015                     STP_ND2_G_1P5   um28nchslogl35hsl140f_ssgwc0p9v125c
                                                          0.840000  
U1016                     STP_INV_2       um28nchslogl35hsl140f_ssgwc0p9v125c
                                                          0.504000  
U1017                     STP_ND2_S_1     um28nchslogl35hsl140f_ssgwc0p9v125c
                                                          0.504000  
U1018                     STP_INV_S_0P65  um28nchslogl35hsl140f_ssgwc0p9v125c
                                                          0.336000  
U1019                     STP_NR2B_V1DG_1 um28nchslogl35hsl140f_ssgwc0p9v125c
                                                          0.672000  
U1020                     STP_ND4_1P5     um28nchslogl35hsl140f_ssgwc0p9v125c
                                                          1.512000  
U1021                     STP_INV_2       um28nchslogl35hsl140f_ssgwc0p9v125c
                                                          0.504000  
U1022                     STP_ND2_G_3     um28nchslogl35hsl140f_ssgwc0p9v125c
                                                          1.176000  
U1023                     STP_EO2_S_0P5   um28nchslogl35hsl140f_ssgwc0p9v125c
                                                          1.512000  
U1024                     STP_ND2_S_0P8   um28nchslogl35hsl140f_ssgwc0p9v125c
                                                          0.504000  
U1025                     STP_NR2_G_0P8   um28nchslogl35hsl140f_ssgwc0p9v125c
                                                          0.504000  
U1026                     STP_ND2_S_0P8   um28nchslogl35hsl140f_ssgwc0p9v125c
                                                          0.504000  
U1027                     STP_ND2_S_0P8   um28nchslogl35hsl140f_ssgwc0p9v125c
                                                          0.504000  
U1028                     STP_ND2_S_0P8   um28nchslogl35hsl140f_ssgwc0p9v125c
                                                          0.504000  
U1029                     STP_ND2_S_0P8   um28nchslogl35hsl140f_ssgwc0p9v125c
                                                          0.504000  
U1030                     STP_INV_S_1     um28nchslogl35hsl140f_ssgwc0p9v125c
                                                          0.336000  
U1031                     STP_ND2_G_3     um28nchslogl35hsl140f_ssgwc0p9v125c
                                                          1.176000  
U1032                     STP_ND2_S_0P8   um28nchslogl35hsl140f_ssgwc0p9v125c
                                                          0.504000  
U1033                     STP_ND2_S_0P8   um28nchslogl35hsl140f_ssgwc0p9v125c
                                                          0.504000  
U1034                     STP_INV_S_0P65  um28nchslogl35hsl140f_ssgwc0p9v125c
                                                          0.336000  
U1035                     STP_NR4_1       um28nchslogl35hsl140f_ssgwc0p9v125c
                                                          0.840000  
U1036                     STP_NR2_G_0P5   um28nchslogl35hsl140f_ssgwc0p9v125c
                                                          0.504000  
U1037                     STP_AOI211_0P5  um28nchslogl35hsl140f_ssgwc0p9v125c
                                                          0.840000  
U1038                     STP_ND3_0P5     um28nchslogl35hsl140f_ssgwc0p9v125c
                                                          0.672000  
U1039                     STP_NR3_G_0P8   um28nchslogl35hsl140f_ssgwc0p9v125c
                                                          0.672000  
U1040                     STP_INV_S_0P65  um28nchslogl35hsl140f_ssgwc0p9v125c
                                                          0.336000  
U1041                     STP_NR4_1       um28nchslogl35hsl140f_ssgwc0p9v125c
                                                          0.840000  
U1042                     STP_ND2_S_0P8   um28nchslogl35hsl140f_ssgwc0p9v125c
                                                          0.504000  
U1043                     STP_NR2_G_0P8   um28nchslogl35hsl140f_ssgwc0p9v125c
                                                          0.504000  
U1044                     STP_NR2_G_0P8   um28nchslogl35hsl140f_ssgwc0p9v125c
                                                          0.504000  
U1045                     STP_EO2_S_0P5   um28nchslogl35hsl140f_ssgwc0p9v125c
                                                          1.512000  
U1046                     STP_EO2_S_0P5   um28nchslogl35hsl140f_ssgwc0p9v125c
                                                          1.512000  
U1047                     STP_EN2_S_2     um28nchslogl35hsl140f_ssgwc0p9v125c
                                                          1.680000  
U1048                     STP_EO2_S_0P5   um28nchslogl35hsl140f_ssgwc0p9v125c
                                                          1.512000  
U1049                     STP_EN2_S_2     um28nchslogl35hsl140f_ssgwc0p9v125c
                                                          1.680000  
U1050                     STP_NR2_G_0P8   um28nchslogl35hsl140f_ssgwc0p9v125c
                                                          0.504000  
U1051                     STP_NR2_G_0P8   um28nchslogl35hsl140f_ssgwc0p9v125c
                                                          0.504000  
U1052                     STP_NR2_G_0P8   um28nchslogl35hsl140f_ssgwc0p9v125c
                                                          0.504000  
U1053                     STP_EO2_S_0P5   um28nchslogl35hsl140f_ssgwc0p9v125c
                                                          1.512000  
U1054                     STP_NR2_G_0P8   um28nchslogl35hsl140f_ssgwc0p9v125c
                                                          0.504000  
U1055                     STP_NR2_G_0P8   um28nchslogl35hsl140f_ssgwc0p9v125c
                                                          0.504000  
U1056                     STP_EO2_S_0P5   um28nchslogl35hsl140f_ssgwc0p9v125c
                                                          1.512000  
U1057                     STP_NR2_G_0P8   um28nchslogl35hsl140f_ssgwc0p9v125c
                                                          0.504000  
U1058                     STP_EO2_S_0P5   um28nchslogl35hsl140f_ssgwc0p9v125c
                                                          1.512000  
U1059                     STP_NR2_G_0P8   um28nchslogl35hsl140f_ssgwc0p9v125c
                                                          0.504000  
U1060                     STP_EO2_S_0P5   um28nchslogl35hsl140f_ssgwc0p9v125c
                                                          1.512000  
U1061                     STP_NR2_G_0P8   um28nchslogl35hsl140f_ssgwc0p9v125c
                                                          0.504000  
U1062                     STP_EO2_S_0P5   um28nchslogl35hsl140f_ssgwc0p9v125c
                                                          1.512000  
U1063                     STP_EO2_S_0P5   um28nchslogl35hsl140f_ssgwc0p9v125c
                                                          1.512000  
U1064                     STP_NR2_G_0P8   um28nchslogl35hsl140f_ssgwc0p9v125c
                                                          0.504000  
U1065                     STP_EO2_S_0P5   um28nchslogl35hsl140f_ssgwc0p9v125c
                                                          1.512000  
U1066                     STP_EO2_S_0P5   um28nchslogl35hsl140f_ssgwc0p9v125c
                                                          1.512000  
U1067                     STP_INV_S_1     um28nchslogl35hsl140f_ssgwc0p9v125c
                                                          0.336000  
U1068                     STP_EO2_S_0P5   um28nchslogl35hsl140f_ssgwc0p9v125c
                                                          1.512000  
U1069                     STP_EO2_S_0P5   um28nchslogl35hsl140f_ssgwc0p9v125c
                                                          1.512000  
U1070                     STP_EN2_S_2     um28nchslogl35hsl140f_ssgwc0p9v125c
                                                          1.680000  
U1071                     STP_EN2_S_2     um28nchslogl35hsl140f_ssgwc0p9v125c
                                                          1.680000  
U1072                     STP_EN2_S_2     um28nchslogl35hsl140f_ssgwc0p9v125c
                                                          1.680000  
U1073                     STP_ND2_S_1P5   um28nchslogl35hsl140f_ssgwc0p9v125c
                                                          0.840000  
U1074                     STP_EN2_S_2     um28nchslogl35hsl140f_ssgwc0p9v125c
                                                          1.680000  
U1075                     STP_ND2B_2      um28nchslogl35hsl140f_ssgwc0p9v125c
                                                          1.008000  
U1076                     STP_EO2_S_0P5   um28nchslogl35hsl140f_ssgwc0p9v125c
                                                          1.512000  
--------------------------------------------------------------------------------
Total 599 cells                                           1019.591989
1
