 
****************************************
Report : qor
Design : SEC_DAEC_TAEC_encoder
Version: Q-2019.12-SP5-5
Date   : Sun Sep 17 23:43:09 2023
****************************************


  Timing Path Group 'vclk'
  -----------------------------------
  Levels of Logic:               5.00
  Critical Path Length:          0.40
  Critical Path Slack:           0.00
  Critical Path Clk Period:      0.40
  Total Negative Slack:          0.00
  No. of Violating Paths:        0.00
  Worst Hold Violation:          0.00
  Total Hold Violation:          0.00
  No. of Hold Violations:        0.00
  -----------------------------------


  Cell Count
  -----------------------------------
  Hierarchical Cell Count:          0
  Hierarchical Port Count:          0
  Leaf Cell Count:                 77
  Buf/Inv Cell Count:               7
  Buf Cell Count:                   0
  Inv Cell Count:                   7
  CT Buf/Inv Cell Count:            0
  Combinational Cell Count:        77
  Sequential Cell Count:            0
  Macro Count:                      0
  -----------------------------------


  Area
  -----------------------------------
  Combinational Area:      102.647998
  Noncombinational Area:     0.000000
  Buf/Inv Area:              2.352000
  Total Buffer Area:             0.00
  Total Inverter Area:           2.35
  Macro/Black Box Area:      0.000000
  Net Area:                  0.000000
  -----------------------------------
  Cell Area:               102.647998
  Design Area:             102.647998


  Design Rules
  -----------------------------------
  Total Number of Nets:           141
  Nets With Violations:             0
  Max Trans Violations:             0
  Max Cap Violations:               0
  -----------------------------------


  Hostname: SALserver01

  Compile CPU Statistics
  -----------------------------------------
  Resource Sharing:                    0.00
  Logic Optimization:                  0.31
  Mapping Optimization:                2.00
  -----------------------------------------
  Overall Compile Time:               20.25
  Overall Compile Wall Clock Time:    20.68

  --------------------------------------------------------------------

  Design  WNS: 0.00  TNS: 0.00  Number of Violating Paths: 0


  Design (Hold)  WNS: 0.00  TNS: 0.00  Number of Violating Paths: 0

  --------------------------------------------------------------------


1
