Information: Updating design information... (UID-85)
 
****************************************
Report : constraint
        -all_violators
        -verbose
Design : SEC_DAEC_TAEC_encoder
Version: Q-2019.12-SP5-5
Date   : Sun Sep 17 23:43:09 2023
****************************************


    Net: codeword[0]

    Capacitance        0.0000000000
  - min_capacitance    0.0000775500
  ------------------------------
    Slack              -0.0000775500  (VIOLATED)


    Net: codeword[1]

    Capacitance        0.0000000000
  - min_capacitance    0.0000775500
  ------------------------------
    Slack              -0.0000775500  (VIOLATED)


    Net: codeword[2]

    Capacitance        0.0000000000
  - min_capacitance    0.0000775500
  ------------------------------
    Slack              -0.0000775500  (VIOLATED)


    Net: codeword[3]

    Capacitance        0.0000000000
  - min_capacitance    0.0000775500
  ------------------------------
    Slack              -0.0000775500  (VIOLATED)


    Net: codeword[4]

    Capacitance        0.0000000000
  - min_capacitance    0.0000775500
  ------------------------------
    Slack              -0.0000775500  (VIOLATED)


    Net: codeword[5]

    Capacitance        0.0000000000
  - min_capacitance    0.0000775500
  ------------------------------
    Slack              -0.0000775500  (VIOLATED)


    Net: codeword[6]

    Capacitance        0.0000000000
  - min_capacitance    0.0000775500
  ------------------------------
    Slack              -0.0000775500  (VIOLATED)


    Net: codeword[7]

    Capacitance        0.0000000000
  - min_capacitance    0.0000775500
  ------------------------------
    Slack              -0.0000775500  (VIOLATED)


    Design: SEC_DAEC_TAEC_encoder

    max_area           0.0000000000
  - Current Area       102.6479949951
  ------------------------------
    Slack              -102.6479949951  (VIOLATED)


    Design: SEC_DAEC_TAEC_encoder

    max_leakage_power      0.0000000000
  - Current Leakage Power  2762.7873535156
  ----------------------------------
    Slack                  -2762.7873535156  (VIOLATED)


1
