 
****************************************
Report : reference
Design : SEC_DAEC_decoder
Version: Q-2019.12-SP5-5
Date   : Sun Sep 17 23:45:46 2023
****************************************

Attributes:
    b - black box (unknown)
   bo - allows boundary optimization
    d - dont_touch
   mo - map_only
    h - hierarchical
    n - noncombinational
    r - removable
    s - synthetic operator
    u - contains unmapped logic

Reference          Library       Unit Area   Count    Total Area   Attributes
-----------------------------------------------------------------------------
STP_AN2_1          um28nchslogl35hsl140f_ssgwc0p9v125c
                                  0.672000       1      0.672000  
STP_AN2_1P5        um28nchslogl35hsl140f_ssgwc0p9v125c
                                  0.840000       1      0.840000  
STP_AN2_3          um28nchslogl35hsl140f_ssgwc0p9v125c
                                  1.344000       2      2.688000  
STP_AN2_6          um28nchslogl35hsl140f_ssgwc0p9v125c
                                  2.184000       1      2.184000  
STP_AN2_7          um28nchslogl35hsl140f_ssgwc0p9v125c
                                  2.688000       1      2.688000  
STP_AN2_12         um28nchslogl35hsl140f_ssgwc0p9v125c
                                  4.200000       1      4.200000  
STP_AN2_24         um28nchslogl35hsl140f_ssgwc0p9v125c
                                  8.400000       1      8.400000  
STP_AN2_S_4        um28nchslogl35hsl140f_ssgwc0p9v125c
                                  1.512000       2      3.024000  
STP_AN3B_2         um28nchslogl35hsl140f_ssgwc0p9v125c
                                  1.176000       1      1.176000  
STP_AN3B_4         um28nchslogl35hsl140f_ssgwc0p9v125c
                                  2.184000       1      2.184000  
STP_AO2BB2_2       um28nchslogl35hsl140f_ssgwc0p9v125c
                                  1.512000       1      1.512000  
STP_AO21B_2        um28nchslogl35hsl140f_ssgwc0p9v125c
                                  1.176000       1      1.176000  
STP_AO21B_3        um28nchslogl35hsl140f_ssgwc0p9v125c
                                  1.848000       1      1.848000  
STP_AO22_4         um28nchslogl35hsl140f_ssgwc0p9v125c
                                  2.352000       1      2.352000  
STP_AOAI211_1      um28nchslogl35hsl140f_ssgwc0p9v125c
                                  0.840000       3      2.520000  
STP_AOAI211_2      um28nchslogl35hsl140f_ssgwc0p9v125c
                                  1.512000       5      7.560000  
STP_AOAI211_3      um28nchslogl35hsl140f_ssgwc0p9v125c
                                  2.184000       1      2.184000  
STP_AOAI211_4      um28nchslogl35hsl140f_ssgwc0p9v125c
                                  2.856000       1      2.856000  
STP_AOI21B_1       um28nchslogl35hsl140f_ssgwc0p9v125c
                                  0.840000       1      0.840000  
STP_AOI21B_2       um28nchslogl35hsl140f_ssgwc0p9v125c
                                  1.344000       2      2.688000  
STP_AOI21_0P75     um28nchslogl35hsl140f_ssgwc0p9v125c
                                  0.672000       5      3.360000  
STP_AOI21_1        um28nchslogl35hsl140f_ssgwc0p9v125c
                                  0.672000       3      2.016000  
STP_AOI21_1P5      um28nchslogl35hsl140f_ssgwc0p9v125c
                                  1.176000       3      3.528000  
STP_AOI21_2        um28nchslogl35hsl140f_ssgwc0p9v125c
                                  1.176000       3      3.528000  
STP_AOI21_4        um28nchslogl35hsl140f_ssgwc0p9v125c
                                  2.184000       9     19.656000  
STP_AOI21_6        um28nchslogl35hsl140f_ssgwc0p9v125c
                                  3.192000       2      6.384000  
STP_AOI21_8        um28nchslogl35hsl140f_ssgwc0p9v125c
                                  4.032000       1      4.032000  
STP_AOI22_1        um28nchslogl35hsl140f_ssgwc0p9v125c
                                  0.840000       3      2.520000  
STP_AOI22_2        um28nchslogl35hsl140f_ssgwc0p9v125c
                                  1.512000       3      4.536000  
STP_AOI22_3        um28nchslogl35hsl140f_ssgwc0p9v125c
                                  2.184000       4      8.736000  
STP_AOI22_4        um28nchslogl35hsl140f_ssgwc0p9v125c
                                  2.856000       4     11.424000  
STP_AOI22_8        um28nchslogl35hsl140f_ssgwc0p9v125c
                                  5.544000       1      5.544000  
STP_AOI31_1        um28nchslogl35hsl140f_ssgwc0p9v125c
                                  0.840000       1      0.840000  
STP_AOI31_2        um28nchslogl35hsl140f_ssgwc0p9v125c
                                  1.512000       2      3.024000  
STP_AOI31_4        um28nchslogl35hsl140f_ssgwc0p9v125c
                                  2.856000       1      2.856000  
STP_AOI211_0P75    um28nchslogl35hsl140f_ssgwc0p9v125c
                                  0.840000       2      1.680000  
STP_AOI211_1P5     um28nchslogl35hsl140f_ssgwc0p9v125c
                                  1.512000       2      3.024000  
STP_AOI211_3       um28nchslogl35hsl140f_ssgwc0p9v125c
                                  2.184000       3      6.552000  
STP_AOI211_4       um28nchslogl35hsl140f_ssgwc0p9v125c
                                  2.856000       1      2.856000  
STP_AOI211_G_1     um28nchslogl35hsl140f_ssgwc0p9v125c
                                  0.840000       3      2.520000  
STP_AOI211_G_2     um28nchslogl35hsl140f_ssgwc0p9v125c
                                  1.512000       4      6.048000  
STP_AOI211_G_4     um28nchslogl35hsl140f_ssgwc0p9v125c
                                  2.856000       2      5.712000  
STP_BUF_1          um28nchslogl35hsl140f_ssgwc0p9v125c
                                  0.504000       2      1.008000  
STP_BUF_1P5        um28nchslogl35hsl140f_ssgwc0p9v125c
                                  0.672000       1      0.672000  
STP_BUF_2          um28nchslogl35hsl140f_ssgwc0p9v125c
                                  0.672000       3      2.016000  
STP_BUF_5          um28nchslogl35hsl140f_ssgwc0p9v125c
                                  1.512000       1      1.512000  
STP_BUF_15         um28nchslogl35hsl140f_ssgwc0p9v125c
                                  4.032000       1      4.032000  
STP_BUF_D_2        um28nchslogl35hsl140f_ssgwc0p9v125c
                                  0.672000       1      0.672000  
STP_BUF_D_16       um28nchslogl35hsl140f_ssgwc0p9v125c
                                  3.528000       1      3.528000  
STP_BUF_S_2P5      um28nchslogl35hsl140f_ssgwc0p9v125c
                                  0.840000       1      0.840000  
STP_BUF_S_3        um28nchslogl35hsl140f_ssgwc0p9v125c
                                  1.008000       1      1.008000  
STP_BUF_S_4        um28nchslogl35hsl140f_ssgwc0p9v125c
                                  1.176000       4      4.704000  
STP_BUF_S_5        um28nchslogl35hsl140f_ssgwc0p9v125c
                                  1.344000       1      1.344000  
STP_BUF_S_6        um28nchslogl35hsl140f_ssgwc0p9v125c
                                  1.680000       2      3.360000  
STP_BUF_S_8        um28nchslogl35hsl140f_ssgwc0p9v125c
                                  2.184000       1      2.184000  
STP_BUF_S_10       um28nchslogl35hsl140f_ssgwc0p9v125c
                                  2.688000       4     10.752000  
STP_BUF_S_12       um28nchslogl35hsl140f_ssgwc0p9v125c
                                  3.192000       5     15.960000  
STP_BUF_U_1        um28nchslogl35hsl140f_ssgwc0p9v125c
                                  0.504000       3      1.512000  
STP_EN2_0P5        um28nchslogl35hsl140f_ssgwc0p9v125c
                                  1.344000       2      2.688000  
STP_EN2_3          um28nchslogl35hsl140f_ssgwc0p9v125c
                                  3.024000       9     27.215999  
STP_EN2_4          um28nchslogl35hsl140f_ssgwc0p9v125c
                                  3.024000       6     18.144000  
STP_EN2_6          um28nchslogl35hsl140f_ssgwc0p9v125c
                                  4.536000       6     27.215999  
STP_EN2_8          um28nchslogl35hsl140f_ssgwc0p9v125c
                                  5.880000       9     52.920001  
STP_EN2_S_1        um28nchslogl35hsl140f_ssgwc0p9v125c
                                  1.512000       1      1.512000  
STP_EN2_S_2        um28nchslogl35hsl140f_ssgwc0p9v125c
                                  1.680000      34     57.119998  
STP_EN3_3          um28nchslogl35hsl140f_ssgwc0p9v125c
                                  4.032000      28    112.896002  
STP_EN3_6          um28nchslogl35hsl140f_ssgwc0p9v125c
                                  6.888000       6     41.328000  
STP_EO2_1          um28nchslogl35hsl140f_ssgwc0p9v125c
                                  1.512000       1      1.512000  
STP_EO2_2          um28nchslogl35hsl140f_ssgwc0p9v125c
                                  1.680000       1      1.680000  
STP_EO2_3          um28nchslogl35hsl140f_ssgwc0p9v125c
                                  2.856000      18     51.407999  
STP_EO2_4          um28nchslogl35hsl140f_ssgwc0p9v125c
                                  3.024000       1      3.024000  
STP_EO2_S_0P5      um28nchslogl35hsl140f_ssgwc0p9v125c
                                  1.512000      27     40.823999  
STP_EO2_S_2        um28nchslogl35hsl140f_ssgwc0p9v125c
                                  1.512000       2      3.024000  
STP_EO3_0P5        um28nchslogl35hsl140f_ssgwc0p9v125c
                                  1.512000       2      3.024000  
STP_EO3_1          um28nchslogl35hsl140f_ssgwc0p9v125c
                                  2.184000       2      4.368000  
STP_EO3_2          um28nchslogl35hsl140f_ssgwc0p9v125c
                                  2.688000       3      8.064000  
STP_EO3_3          um28nchslogl35hsl140f_ssgwc0p9v125c
                                  4.200000      26    109.199995  
STP_INV_1P5        um28nchslogl35hsl140f_ssgwc0p9v125c
                                  0.504000       8      4.032000  
STP_INV_2          um28nchslogl35hsl140f_ssgwc0p9v125c
                                  0.504000      30     15.120000  
STP_INV_2P5        um28nchslogl35hsl140f_ssgwc0p9v125c
                                  0.672000      10      6.720000  
STP_INV_3          um28nchslogl35hsl140f_ssgwc0p9v125c
                                  0.672000       5      3.360000  
STP_INV_3P5        um28nchslogl35hsl140f_ssgwc0p9v125c
                                  0.840000      14     11.760000  
STP_INV_4          um28nchslogl35hsl140f_ssgwc0p9v125c
                                  0.840000      11      9.240000  
STP_INV_6          um28nchslogl35hsl140f_ssgwc0p9v125c
                                  1.176000      17     19.992000  
STP_INV_6P5        um28nchslogl35hsl140f_ssgwc0p9v125c
                                  1.344000       7      9.408000  
STP_INV_7P5        um28nchslogl35hsl140f_ssgwc0p9v125c
                                  1.512000       5      7.560000  
STP_INV_11         um28nchslogl35hsl140f_ssgwc0p9v125c
                                  2.016000       6     12.096000  
STP_INV_15         um28nchslogl35hsl140f_ssgwc0p9v125c
                                  2.688000       4     10.752000  
STP_INV_18         um28nchslogl35hsl140f_ssgwc0p9v125c
                                  3.192000      10     31.919999  
STP_INV_S_0P65     um28nchslogl35hsl140f_ssgwc0p9v125c
                                  0.336000      12      4.032000  
STP_INV_S_1        um28nchslogl35hsl140f_ssgwc0p9v125c
                                  0.336000      46     15.456000  
STP_INV_S_1P25     um28nchslogl35hsl140f_ssgwc0p9v125c
                                  0.504000       5      2.520000  
STP_INV_S_5        um28nchslogl35hsl140f_ssgwc0p9v125c
                                  1.008000       6      6.048000  
STP_INV_S_9        um28nchslogl35hsl140f_ssgwc0p9v125c
                                  1.680000       3      5.040000  
STP_INV_S_10       um28nchslogl35hsl140f_ssgwc0p9v125c
                                  1.848000       2      3.696000  
STP_INV_S_12       um28nchslogl35hsl140f_ssgwc0p9v125c
                                  2.184000       2      4.368000  
STP_INV_S_14       um28nchslogl35hsl140f_ssgwc0p9v125c
                                  2.520000       6     15.120000  
STP_MUXI2_MG_0P75  um28nchslogl35hsl140f_ssgwc0p9v125c
                                  1.008000       3      3.024000  
STP_MUXI2_MG_1P5   um28nchslogl35hsl140f_ssgwc0p9v125c
                                  1.680000       4      6.720000  
STP_MUXI2_MG_3     um28nchslogl35hsl140f_ssgwc0p9v125c
                                  2.688000       1      2.688000  
STP_ND2B_1         um28nchslogl35hsl140f_ssgwc0p9v125c
                                  0.672000       2      1.344000  
STP_ND2B_2         um28nchslogl35hsl140f_ssgwc0p9v125c
                                  1.008000       2      2.016000  
STP_ND2B_3         um28nchslogl35hsl140f_ssgwc0p9v125c
                                  1.512000       2      3.024000  
STP_ND2B_4         um28nchslogl35hsl140f_ssgwc0p9v125c
                                  1.848000       2      3.696000  
STP_ND2B_8         um28nchslogl35hsl140f_ssgwc0p9v125c
                                  3.528000       1      3.528000  
STP_ND2B_MM_1      um28nchslogl35hsl140f_ssgwc0p9v125c
                                  0.672000       1      0.672000  
STP_ND2B_V1DG_1    um28nchslogl35hsl140f_ssgwc0p9v125c
                                  0.672000       1      0.672000  
STP_ND2_1P5        um28nchslogl35hsl140f_ssgwc0p9v125c
                                  0.840000       2      1.680000  
STP_ND2_5          um28nchslogl35hsl140f_ssgwc0p9v125c
                                  1.848000       6     11.088000  
STP_ND2_6          um28nchslogl35hsl140f_ssgwc0p9v125c
                                  2.184000       2      4.368000  
STP_ND2_7          um28nchslogl35hsl140f_ssgwc0p9v125c
                                  2.520000       6     15.120000  
STP_ND2_8          um28nchslogl35hsl140f_ssgwc0p9v125c
                                  2.856000       2      5.712000  
STP_ND2_9          um28nchslogl35hsl140f_ssgwc0p9v125c
                                  3.192000       3      9.576000  
STP_ND2_12         um28nchslogl35hsl140f_ssgwc0p9v125c
                                  4.200000       2      8.400000  
STP_ND2_16         um28nchslogl35hsl140f_ssgwc0p9v125c
                                  5.544000       2     11.088000  
STP_ND2_G_1        um28nchslogl35hsl140f_ssgwc0p9v125c
                                  0.504000      15      7.560000  
STP_ND2_G_1P5      um28nchslogl35hsl140f_ssgwc0p9v125c
                                  0.840000       2      1.680000  
STP_ND2_G_2        um28nchslogl35hsl140f_ssgwc0p9v125c
                                  0.840000      26     21.839999  
STP_ND2_G_3        um28nchslogl35hsl140f_ssgwc0p9v125c
                                  1.176000      12     14.112000  
STP_ND2_G_4        um28nchslogl35hsl140f_ssgwc0p9v125c
                                  1.512000       6      9.072000  
STP_ND2_S_0P8      um28nchslogl35hsl140f_ssgwc0p9v125c
                                  0.504000      12      6.048000  
STP_ND2_S_1        um28nchslogl35hsl140f_ssgwc0p9v125c
                                  0.504000       3      1.512000  
STP_ND2_S_1P5      um28nchslogl35hsl140f_ssgwc0p9v125c
                                  0.840000       1      0.840000  
STP_ND2_S_2        um28nchslogl35hsl140f_ssgwc0p9v125c
                                  0.840000      11      9.240000  
STP_ND2_S_3        um28nchslogl35hsl140f_ssgwc0p9v125c
                                  1.176000       9     10.584000  
STP_ND2_S_5        um28nchslogl35hsl140f_ssgwc0p9v125c
                                  1.512000      12     18.144000  
STP_ND2_S_6        um28nchslogl35hsl140f_ssgwc0p9v125c
                                  1.848000       1      1.848000  
STP_ND2_S_7        um28nchslogl35hsl140f_ssgwc0p9v125c
                                  2.184000       5     10.920000  
STP_ND2_S_10       um28nchslogl35hsl140f_ssgwc0p9v125c
                                  2.856000      12     34.271999  
STP_ND2_S_16       um28nchslogl35hsl140f_ssgwc0p9v125c
                                  4.200000       3     12.599999  
STP_ND2_S_24       um28nchslogl35hsl140f_ssgwc0p9v125c
                                  6.048000       1      6.048000  
STP_ND3B_V1DG_8    um28nchslogl35hsl140f_ssgwc0p9v125c
                                  4.536000       1      4.536000  
STP_ND3_0P5        um28nchslogl35hsl140f_ssgwc0p9v125c
                                  0.672000       1      0.672000  
STP_ND3_1          um28nchslogl35hsl140f_ssgwc0p9v125c
                                  0.672000       3      2.016000  
STP_ND3_2          um28nchslogl35hsl140f_ssgwc0p9v125c
                                  1.176000       4      4.704000  
STP_ND3_5          um28nchslogl35hsl140f_ssgwc0p9v125c
                                  2.688000       2      5.376000  
STP_ND3_16         um28nchslogl35hsl140f_ssgwc0p9v125c
                                  7.728000       1      7.728000  
STP_ND4_2          um28nchslogl35hsl140f_ssgwc0p9v125c
                                  1.512000       3      4.536000  
STP_ND4_4          um28nchslogl35hsl140f_ssgwc0p9v125c
                                  2.856000       1      2.856000  
STP_ND4_8          um28nchslogl35hsl140f_ssgwc0p9v125c
                                  5.208000       1      5.208000  
STP_ND4_MM_4       um28nchslogl35hsl140f_ssgwc0p9v125c
                                  2.520000       3      7.560000  
STP_ND4_MM_8       um28nchslogl35hsl140f_ssgwc0p9v125c
                                  4.536000       3     13.607999  
STP_NR2B_1         um28nchslogl35hsl140f_ssgwc0p9v125c
                                  0.672000       1      0.672000  
STP_NR2B_1P5       um28nchslogl35hsl140f_ssgwc0p9v125c
                                  1.008000       1      1.008000  
STP_NR2B_2         um28nchslogl35hsl140f_ssgwc0p9v125c
                                  1.008000       2      2.016000  
STP_NR2B_3         um28nchslogl35hsl140f_ssgwc0p9v125c
                                  1.512000       2      3.024000  
STP_NR2B_4         um28nchslogl35hsl140f_ssgwc0p9v125c
                                  1.848000       1      1.848000  
STP_NR2B_8         um28nchslogl35hsl140f_ssgwc0p9v125c
                                  3.528000       1      3.528000  
STP_NR2B_V1DG_1    um28nchslogl35hsl140f_ssgwc0p9v125c
                                  0.672000       1      0.672000  
STP_NR2_1          um28nchslogl35hsl140f_ssgwc0p9v125c
                                  0.504000      21     10.584000  
STP_NR2_1P5        um28nchslogl35hsl140f_ssgwc0p9v125c
                                  0.840000       9      7.560000  
STP_NR2_3          um28nchslogl35hsl140f_ssgwc0p9v125c
                                  1.176000      13     15.288000  
STP_NR2_6          um28nchslogl35hsl140f_ssgwc0p9v125c
                                  2.184000      12     26.208000  
STP_NR2_8          um28nchslogl35hsl140f_ssgwc0p9v125c
                                  2.856000      10     28.559999  
STP_NR2_G_0P5      um28nchslogl35hsl140f_ssgwc0p9v125c
                                  0.504000       3      1.512000  
STP_NR2_G_0P8      um28nchslogl35hsl140f_ssgwc0p9v125c
                                  0.504000       8      4.032000  
STP_NR2_G_2        um28nchslogl35hsl140f_ssgwc0p9v125c
                                  0.840000      57     47.879999  
STP_NR2_G_2P5      um28nchslogl35hsl140f_ssgwc0p9v125c
                                  1.176000       6      7.056000  
STP_NR2_G_3P5      um28nchslogl35hsl140f_ssgwc0p9v125c
                                  1.512000       6      9.072000  
STP_NR2_G_4        um28nchslogl35hsl140f_ssgwc0p9v125c
                                  1.512000      11     16.632000  
STP_NR2_G_5        um28nchslogl35hsl140f_ssgwc0p9v125c
                                  1.848000       7     12.936000  
STP_NR2_G_6        um28nchslogl35hsl140f_ssgwc0p9v125c
                                  2.184000       4      8.736000  
STP_NR2_G_12       um28nchslogl35hsl140f_ssgwc0p9v125c
                                  4.200000      15     62.999997  
STP_NR2_G_16       um28nchslogl35hsl140f_ssgwc0p9v125c
                                  5.544000       2     11.088000  
STP_NR2_S_1P5      um28nchslogl35hsl140f_ssgwc0p9v125c
                                  0.840000       4      3.360000  
STP_NR2_S_3        um28nchslogl35hsl140f_ssgwc0p9v125c
                                  1.176000       6      7.056000  
STP_NR2_S_20       um28nchslogl35hsl140f_ssgwc0p9v125c
                                  5.544000       4     22.176001  
STP_NR3B_MG_2      um28nchslogl35hsl140f_ssgwc0p9v125c
                                  1.344000       1      1.344000  
STP_NR3_G_0P8      um28nchslogl35hsl140f_ssgwc0p9v125c
                                  0.672000       2      1.344000  
STP_NR3_G_0P65     um28nchslogl35hsl140f_ssgwc0p9v125c
                                  0.672000       1      0.672000  
STP_NR3_G_1        um28nchslogl35hsl140f_ssgwc0p9v125c
                                  0.672000       9      6.048000  
STP_NR3_G_2        um28nchslogl35hsl140f_ssgwc0p9v125c
                                  1.176000      18     21.168000  
STP_NR3_G_3        um28nchslogl35hsl140f_ssgwc0p9v125c
                                  1.680000       2      3.360000  
STP_NR3_G_4        um28nchslogl35hsl140f_ssgwc0p9v125c
                                  2.184000      17     37.128000  
STP_NR3_G_8        um28nchslogl35hsl140f_ssgwc0p9v125c
                                  4.200000       1      4.200000  
STP_NR3_G_12       um28nchslogl35hsl140f_ssgwc0p9v125c
                                  6.216000       1      6.216000  
STP_NR3_G_16       um28nchslogl35hsl140f_ssgwc0p9v125c
                                  8.232000       1      8.232000  
STP_NR4_2          um28nchslogl35hsl140f_ssgwc0p9v125c
                                  1.512000       3      4.536000  
STP_NR4_6          um28nchslogl35hsl140f_ssgwc0p9v125c
                                  3.864000       2      7.728000  
STP_OA21B_1        um28nchslogl35hsl140f_ssgwc0p9v125c
                                  0.840000       1      0.840000  
STP_OA21B_2        um28nchslogl35hsl140f_ssgwc0p9v125c
                                  1.176000       2      2.352000  
STP_OA21B_4        um28nchslogl35hsl140f_ssgwc0p9v125c
                                  2.184000       1      2.184000  
STP_OAI21B_8       um28nchslogl35hsl140f_ssgwc0p9v125c
                                  5.040000       1      5.040000  
STP_OAI21_0P75     um28nchslogl35hsl140f_ssgwc0p9v125c
                                  0.672000       2      1.344000  
STP_OAI21_1        um28nchslogl35hsl140f_ssgwc0p9v125c
                                  0.672000       1      0.672000  
STP_OAI21_1P5      um28nchslogl35hsl140f_ssgwc0p9v125c
                                  1.176000       2      2.352000  
STP_OAI21_2        um28nchslogl35hsl140f_ssgwc0p9v125c
                                  1.176000       2      2.352000  
STP_OAI21_3        um28nchslogl35hsl140f_ssgwc0p9v125c
                                  1.680000       3      5.040000  
STP_OAI21_4        um28nchslogl35hsl140f_ssgwc0p9v125c
                                  2.184000       5     10.920000  
STP_OAI22_0P5      um28nchslogl35hsl140f_ssgwc0p9v125c
                                  0.840000       1      0.840000  
STP_OAI22_0P75     um28nchslogl35hsl140f_ssgwc0p9v125c
                                  0.840000       2      1.680000  
STP_OAI22_2        um28nchslogl35hsl140f_ssgwc0p9v125c
                                  1.512000       1      1.512000  
STP_OAI22_3        um28nchslogl35hsl140f_ssgwc0p9v125c
                                  2.184000       5     10.920000  
STP_OAI22_5        um28nchslogl35hsl140f_ssgwc0p9v125c
                                  3.528000       2      7.056000  
STP_OAI22_V3S_1    um28nchslogl35hsl140f_ssgwc0p9v125c
                                  0.840000       2      1.680000  
STP_OAI31_G_1      um28nchslogl35hsl140f_ssgwc0p9v125c
                                  0.840000       2      1.680000  
STP_OAI31_G_2      um28nchslogl35hsl140f_ssgwc0p9v125c
                                  1.512000       3      4.536000  
STP_OAI211_2       um28nchslogl35hsl140f_ssgwc0p9v125c
                                  1.512000       3      4.536000  
STP_OAI211_4       um28nchslogl35hsl140f_ssgwc0p9v125c
                                  2.856000       1      2.856000  
STP_OAOI211_1      um28nchslogl35hsl140f_ssgwc0p9v125c
                                  0.840000       1      0.840000  
STP_OAOI211_4      um28nchslogl35hsl140f_ssgwc0p9v125c
                                  2.856000       1      2.856000  
STP_OAOI211_6      um28nchslogl35hsl140f_ssgwc0p9v125c
                                  4.200000       1      4.200000  
STP_OR2_1          um28nchslogl35hsl140f_ssgwc0p9v125c
                                  0.672000       3      2.016000  
STP_OR2_2          um28nchslogl35hsl140f_ssgwc0p9v125c
                                  0.840000       3      2.520000  
STP_OR2_2P5        um28nchslogl35hsl140f_ssgwc0p9v125c
                                  1.344000       1      1.344000  
STP_OR2_3          um28nchslogl35hsl140f_ssgwc0p9v125c
                                  1.344000       3      4.032000  
STP_OR2_4          um28nchslogl35hsl140f_ssgwc0p9v125c
                                  1.512000       3      4.536000  
STP_OR2_7          um28nchslogl35hsl140f_ssgwc0p9v125c
                                  2.688000       2      5.376000  
STP_OR2_12         um28nchslogl35hsl140f_ssgwc0p9v125c
                                  4.200000       1      4.200000  
STP_OR3B_1         um28nchslogl35hsl140f_ssgwc0p9v125c
                                  0.840000       1      0.840000  
STP_OR3B_2         um28nchslogl35hsl140f_ssgwc0p9v125c
                                  1.176000       1      1.176000  
STP_OR3B_4         um28nchslogl35hsl140f_ssgwc0p9v125c
                                  2.184000       2      4.368000  
STP_OR4_8          um28nchslogl35hsl140f_ssgwc0p9v125c
                                  5.544000       2     11.088000  
-----------------------------------------------------------------------------
Total 213 references                                 1841.279979
1
