Information: Propagating switching activity (high effort zero delay simulation). (PWR-6)
Warning: Design has unannotated primary inputs. (PWR-414)
 
****************************************
Report : power
        -analysis_effort high
Design : AMDCHIPKILL_ENCODER
Version: Q-2019.12-SP5-5
Date   : Mon Sep 11 13:26:56 2023
****************************************


Library(s) Used:

    um28nchllogl35hsl140f_ssgwc0p9v125c (File: /media/0/LogicLibraries/UMC/28nm/35hs/hsl/lvt/latest/liberty/logic_synth/um28nchllogl35hsl140f_ssgwc0p9v125c.db)


Operating Conditions: SSGWC0P9V125C   Library: um28nchllogl35hsl140f_ssgwc0p9v125c
Wire Load Model Mode: enclosed

Design        Wire Load Model            Library
------------------------------------------------
AMDCHIPKILL_ENCODER    ZeroWLM           um28nchllogl35hsl140f_ssgwc0p9v125c


Global Operating Voltage = 0.9  
Power-specific unit information :
    Voltage Units = 1V
    Capacitance Units = 1.000000pf
    Time Units = 1ns
    Dynamic Power Units = 1mW    (derived from V,C,T units)
    Leakage Power Units = 1nW


  Cell Internal Power  =   1.3725 mW   (87%)
  Net Switching Power  = 211.0998 uW   (13%)
                         ---------
Total Dynamic Power    =   1.5836 mW  (100%)

Cell Leakage Power     =  38.5836 uW

Information: report_power power group summary does not include estimated clock tree power. (PWR-789)

                 Internal         Switching           Leakage            Total
Power Group      Power            Power               Power              Power   (   %    )  Attrs
--------------------------------------------------------------------------------------------------
io_pad             0.0000            0.0000            0.0000            0.0000  (   0.00%)
memory             0.0000            0.0000            0.0000            0.0000  (   0.00%)
black_box          0.0000            0.0000            0.0000            0.0000  (   0.00%)
clock_network      0.0000            0.0000            0.0000            0.0000  (   0.00%)
register           0.0000            0.0000            0.0000            0.0000  (   0.00%)
sequential         0.0000            0.0000            0.0000            0.0000  (   0.00%)
combinational      1.3725            0.2111        3.8584e+04            1.6222  ( 100.00%)
--------------------------------------------------------------------------------------------------
Total              1.3725 mW         0.2111 mW     3.8584e+04 nW         1.6222 mW
1
