 
****************************************
Report : area
Design : AMDCHIPKILL_ENCODER
Version: Q-2019.12-SP5-5
Date   : Mon Sep 11 13:26:56 2023
****************************************

Library(s) Used:

    um28nchllogl35hsl140f_ssgwc0p9v125c (File: /media/0/LogicLibraries/UMC/28nm/35hs/hsl/lvt/latest/liberty/logic_synth/um28nchllogl35hsl140f_ssgwc0p9v125c.db)

Number of ports:                          144
Number of nets:                           160
Number of cells:                           96
Number of combinational cells:             96
Number of sequential cells:                 0
Number of macros/black boxes:               0
Number of buf/inv:                          8
Number of references:                      21

Combinational area:                256.871999
Buf/Inv area:                        8.064000
Noncombinational area:               0.000000
Macro/Black Box area:                0.000000
Net Interconnect area:      undefined  (Wire load has zero net area)

Total cell area:                   256.871999
Total area:                 undefined

The above information was reported from the logical library. The following are from the physical library:

Hierarchical area distribution
------------------------------

                                  Global cell area          Local cell area
                                  ------------------  --------------------------- 
Hierarchical cell                 Absolute   Percent  Combi-    Noncombi-  Black-
                                  Total      Total    national  national   boxes   Design
--------------------------------  ---------  -------  --------  ---------  ------  ---------
AMDCHIPKILL_ENCODER                256.8720    100.0  256.8720     0.0000  0.0000  AMDCHIPKILL_ENCODER
--------------------------------  ---------  -------  --------  ---------  ------  ---------
Total                                                 256.8720     0.0000  0.0000

1
