 
****************************************
Report : timing
        -path full
        -delay max
        -nworst 10
        -max_paths 10
Design : SCC_8LC_encoder
Version: Q-2019.12-SP5-5
Date   : Sun Sep 17 23:42:27 2023
****************************************

Operating Conditions: SSGWC0P9V125C   Library: um28nchslogl35hsl140f_ssgwc0p9v125c
Wire Load Model Mode: enclosed

  Startpoint: message[44]
              (input port clocked by vclk)
  Endpoint: codeword[3]
            (output port clocked by vclk)
  Path Group: vclk
  Path Type: max

  Des/Clust/Port     Wire Load Model       Library
  ------------------------------------------------
  SCC_8LC_encoder    ZeroWLM               um28nchslogl35hsl140f_ssgwc0p9v125c

  Point                                    Incr       Path
  -----------------------------------------------------------
  clock vclk (rise edge)                   0.00       0.00
  clock network delay (ideal)              0.00       0.00
  input external delay                     0.00       0.00 f
  message[44] (in)                         0.00       0.00 f
  U166/X (STP_AO2BB2_V3_1)                 0.05       0.05 f
  U167/X (STP_EO3_0P5)                     0.11       0.15 f
  U168/X (STP_EO3_2)                       0.08       0.23 f
  U172/X (STP_EO3_0P5)                     0.08       0.31 f
  U162/X (STP_EO3_0P5)                     0.08       0.40 f
  codeword[3] (out)                        0.00       0.40 f
  data arrival time                                   0.40

  clock vclk (rise edge)                   0.40       0.40
  clock network delay (ideal)              0.00       0.40
  output external delay                    0.00       0.40
  data required time                                  0.40
  -----------------------------------------------------------
  data required time                                  0.40
  data arrival time                                  -0.40
  -----------------------------------------------------------
  slack (MET)                                         0.00


  Startpoint: message[44]
              (input port clocked by vclk)
  Endpoint: codeword[3]
            (output port clocked by vclk)
  Path Group: vclk
  Path Type: max

  Des/Clust/Port     Wire Load Model       Library
  ------------------------------------------------
  SCC_8LC_encoder    ZeroWLM               um28nchslogl35hsl140f_ssgwc0p9v125c

  Point                                    Incr       Path
  -----------------------------------------------------------
  clock vclk (rise edge)                   0.00       0.00
  clock network delay (ideal)              0.00       0.00
  input external delay                     0.00       0.00 f
  message[44] (in)                         0.00       0.00 f
  U166/X (STP_AO2BB2_V3_1)                 0.05       0.05 f
  U167/X (STP_EO3_0P5)                     0.11       0.15 f
  U168/X (STP_EO3_2)                       0.08       0.23 f
  U172/X (STP_EO3_0P5)                     0.08       0.31 f
  U162/X (STP_EO3_0P5)                     0.08       0.40 f
  codeword[3] (out)                        0.00       0.40 f
  data arrival time                                   0.40

  clock vclk (rise edge)                   0.40       0.40
  clock network delay (ideal)              0.00       0.40
  output external delay                    0.00       0.40
  data required time                                  0.40
  -----------------------------------------------------------
  data required time                                  0.40
  data arrival time                                  -0.40
  -----------------------------------------------------------
  slack (MET)                                         0.00


  Startpoint: message[40]
              (input port clocked by vclk)
  Endpoint: codeword[3]
            (output port clocked by vclk)
  Path Group: vclk
  Path Type: max

  Des/Clust/Port     Wire Load Model       Library
  ------------------------------------------------
  SCC_8LC_encoder    ZeroWLM               um28nchslogl35hsl140f_ssgwc0p9v125c

  Point                                    Incr       Path
  -----------------------------------------------------------
  clock vclk (rise edge)                   0.00       0.00
  clock network delay (ideal)              0.00       0.00
  input external delay                     0.00       0.00 f
  message[40] (in)                         0.00       0.00 f
  U166/X (STP_AO2BB2_V3_1)                 0.05       0.05 f
  U167/X (STP_EO3_0P5)                     0.11       0.15 f
  U168/X (STP_EO3_2)                       0.08       0.23 f
  U172/X (STP_EO3_0P5)                     0.08       0.31 f
  U162/X (STP_EO3_0P5)                     0.08       0.40 f
  codeword[3] (out)                        0.00       0.40 f
  data arrival time                                   0.40

  clock vclk (rise edge)                   0.40       0.40
  clock network delay (ideal)              0.00       0.40
  output external delay                    0.00       0.40
  data required time                                  0.40
  -----------------------------------------------------------
  data required time                                  0.40
  data arrival time                                  -0.40
  -----------------------------------------------------------
  slack (MET)                                         0.00


  Startpoint: message[40]
              (input port clocked by vclk)
  Endpoint: codeword[3]
            (output port clocked by vclk)
  Path Group: vclk
  Path Type: max

  Des/Clust/Port     Wire Load Model       Library
  ------------------------------------------------
  SCC_8LC_encoder    ZeroWLM               um28nchslogl35hsl140f_ssgwc0p9v125c

  Point                                    Incr       Path
  -----------------------------------------------------------
  clock vclk (rise edge)                   0.00       0.00
  clock network delay (ideal)              0.00       0.00
  input external delay                     0.00       0.00 f
  message[40] (in)                         0.00       0.00 f
  U166/X (STP_AO2BB2_V3_1)                 0.05       0.05 f
  U167/X (STP_EO3_0P5)                     0.11       0.15 f
  U168/X (STP_EO3_2)                       0.08       0.23 f
  U172/X (STP_EO3_0P5)                     0.08       0.31 f
  U162/X (STP_EO3_0P5)                     0.08       0.40 f
  codeword[3] (out)                        0.00       0.40 f
  data arrival time                                   0.40

  clock vclk (rise edge)                   0.40       0.40
  clock network delay (ideal)              0.00       0.40
  output external delay                    0.00       0.40
  data required time                                  0.40
  -----------------------------------------------------------
  data required time                                  0.40
  data arrival time                                  -0.40
  -----------------------------------------------------------
  slack (MET)                                         0.00


  Startpoint: message[44]
              (input port clocked by vclk)
  Endpoint: codeword[3]
            (output port clocked by vclk)
  Path Group: vclk
  Path Type: max

  Des/Clust/Port     Wire Load Model       Library
  ------------------------------------------------
  SCC_8LC_encoder    ZeroWLM               um28nchslogl35hsl140f_ssgwc0p9v125c

  Point                                    Incr       Path
  -----------------------------------------------------------
  clock vclk (rise edge)                   0.00       0.00
  clock network delay (ideal)              0.00       0.00
  input external delay                     0.00       0.00 f
  message[44] (in)                         0.00       0.00 f
  U166/X (STP_AO2BB2_V3_1)                 0.05       0.05 f
  U167/X (STP_EO3_0P5)                     0.11       0.15 f
  U168/X (STP_EO3_2)                       0.08       0.23 f
  U172/X (STP_EO3_0P5)                     0.08       0.31 f
  U162/X (STP_EO3_0P5)                     0.08       0.40 f
  codeword[3] (out)                        0.00       0.40 f
  data arrival time                                   0.40

  clock vclk (rise edge)                   0.40       0.40
  clock network delay (ideal)              0.00       0.40
  output external delay                    0.00       0.40
  data required time                                  0.40
  -----------------------------------------------------------
  data required time                                  0.40
  data arrival time                                  -0.40
  -----------------------------------------------------------
  slack (MET)                                         0.00


  Startpoint: message[44]
              (input port clocked by vclk)
  Endpoint: codeword[3]
            (output port clocked by vclk)
  Path Group: vclk
  Path Type: max

  Des/Clust/Port     Wire Load Model       Library
  ------------------------------------------------
  SCC_8LC_encoder    ZeroWLM               um28nchslogl35hsl140f_ssgwc0p9v125c

  Point                                    Incr       Path
  -----------------------------------------------------------
  clock vclk (rise edge)                   0.00       0.00
  clock network delay (ideal)              0.00       0.00
  input external delay                     0.00       0.00 f
  message[44] (in)                         0.00       0.00 f
  U166/X (STP_AO2BB2_V3_1)                 0.05       0.05 f
  U167/X (STP_EO3_0P5)                     0.11       0.15 f
  U168/X (STP_EO3_2)                       0.08       0.23 f
  U172/X (STP_EO3_0P5)                     0.08       0.31 f
  U162/X (STP_EO3_0P5)                     0.08       0.40 f
  codeword[3] (out)                        0.00       0.40 f
  data arrival time                                   0.40

  clock vclk (rise edge)                   0.40       0.40
  clock network delay (ideal)              0.00       0.40
  output external delay                    0.00       0.40
  data required time                                  0.40
  -----------------------------------------------------------
  data required time                                  0.40
  data arrival time                                  -0.40
  -----------------------------------------------------------
  slack (MET)                                         0.00


  Startpoint: message[40]
              (input port clocked by vclk)
  Endpoint: codeword[3]
            (output port clocked by vclk)
  Path Group: vclk
  Path Type: max

  Des/Clust/Port     Wire Load Model       Library
  ------------------------------------------------
  SCC_8LC_encoder    ZeroWLM               um28nchslogl35hsl140f_ssgwc0p9v125c

  Point                                    Incr       Path
  -----------------------------------------------------------
  clock vclk (rise edge)                   0.00       0.00
  clock network delay (ideal)              0.00       0.00
  input external delay                     0.00       0.00 f
  message[40] (in)                         0.00       0.00 f
  U166/X (STP_AO2BB2_V3_1)                 0.05       0.05 f
  U167/X (STP_EO3_0P5)                     0.11       0.15 f
  U168/X (STP_EO3_2)                       0.08       0.23 f
  U172/X (STP_EO3_0P5)                     0.08       0.31 f
  U162/X (STP_EO3_0P5)                     0.08       0.40 f
  codeword[3] (out)                        0.00       0.40 f
  data arrival time                                   0.40

  clock vclk (rise edge)                   0.40       0.40
  clock network delay (ideal)              0.00       0.40
  output external delay                    0.00       0.40
  data required time                                  0.40
  -----------------------------------------------------------
  data required time                                  0.40
  data arrival time                                  -0.40
  -----------------------------------------------------------
  slack (MET)                                         0.00


  Startpoint: message[40]
              (input port clocked by vclk)
  Endpoint: codeword[3]
            (output port clocked by vclk)
  Path Group: vclk
  Path Type: max

  Des/Clust/Port     Wire Load Model       Library
  ------------------------------------------------
  SCC_8LC_encoder    ZeroWLM               um28nchslogl35hsl140f_ssgwc0p9v125c

  Point                                    Incr       Path
  -----------------------------------------------------------
  clock vclk (rise edge)                   0.00       0.00
  clock network delay (ideal)              0.00       0.00
  input external delay                     0.00       0.00 f
  message[40] (in)                         0.00       0.00 f
  U166/X (STP_AO2BB2_V3_1)                 0.05       0.05 f
  U167/X (STP_EO3_0P5)                     0.11       0.15 f
  U168/X (STP_EO3_2)                       0.08       0.23 f
  U172/X (STP_EO3_0P5)                     0.08       0.31 f
  U162/X (STP_EO3_0P5)                     0.08       0.40 f
  codeword[3] (out)                        0.00       0.40 f
  data arrival time                                   0.40

  clock vclk (rise edge)                   0.40       0.40
  clock network delay (ideal)              0.00       0.40
  output external delay                    0.00       0.40
  data required time                                  0.40
  -----------------------------------------------------------
  data required time                                  0.40
  data arrival time                                  -0.40
  -----------------------------------------------------------
  slack (MET)                                         0.00


  Startpoint: message[23]
              (input port clocked by vclk)
  Endpoint: codeword[6]
            (output port clocked by vclk)
  Path Group: vclk
  Path Type: max

  Des/Clust/Port     Wire Load Model       Library
  ------------------------------------------------
  SCC_8LC_encoder    ZeroWLM               um28nchslogl35hsl140f_ssgwc0p9v125c

  Point                                    Incr       Path
  -----------------------------------------------------------
  clock vclk (rise edge)                   0.00       0.00
  clock network delay (ideal)              0.00       0.00
  input external delay                     0.00       0.00 r
  message[23] (in)                         0.00       0.00 r
  U120/X (STP_EO3_2)                       0.09       0.09 f
  U124/X (STP_AO2BB2_V3_1)                 0.04       0.13 f
  U159/X (STP_EO3_1)                       0.09       0.21 f
  U130/X (STP_EO2_1)                       0.05       0.26 r
  U209/X (STP_EN2_0P5)                     0.05       0.32 f
  U226/X (STP_EO3_0P5)                     0.08       0.39 f
  codeword[6] (out)                        0.00       0.39 f
  data arrival time                                   0.39

  clock vclk (rise edge)                   0.40       0.40
  clock network delay (ideal)              0.00       0.40
  output external delay                    0.00       0.40
  data required time                                  0.40
  -----------------------------------------------------------
  data required time                                  0.40
  data arrival time                                  -0.39
  -----------------------------------------------------------
  slack (MET)                                         0.01


  Startpoint: message[23]
              (input port clocked by vclk)
  Endpoint: codeword[4]
            (output port clocked by vclk)
  Path Group: vclk
  Path Type: max

  Des/Clust/Port     Wire Load Model       Library
  ------------------------------------------------
  SCC_8LC_encoder    ZeroWLM               um28nchslogl35hsl140f_ssgwc0p9v125c

  Point                                    Incr       Path
  -----------------------------------------------------------
  clock vclk (rise edge)                   0.00       0.00
  clock network delay (ideal)              0.00       0.00
  input external delay                     0.00       0.00 r
  message[23] (in)                         0.00       0.00 r
  U120/X (STP_EO3_2)                       0.09       0.09 f
  U124/X (STP_AO2BB2_V3_1)                 0.04       0.13 f
  U159/X (STP_EO3_1)                       0.09       0.21 f
  U130/X (STP_EO2_1)                       0.05       0.26 r
  U209/X (STP_EN2_0P5)                     0.05       0.32 f
  U213/X (STP_EO3_0P5)                     0.08       0.39 f
  codeword[4] (out)                        0.00       0.39 f
  data arrival time                                   0.39

  clock vclk (rise edge)                   0.40       0.40
  clock network delay (ideal)              0.00       0.40
  output external delay                    0.00       0.40
  data required time                                  0.40
  -----------------------------------------------------------
  data required time                                  0.40
  data arrival time                                  -0.39
  -----------------------------------------------------------
  slack (MET)                                         0.01


1
