Information: Propagating switching activity (high effort zero delay simulation). (PWR-6)
Warning: Design has unannotated primary inputs. (PWR-414)
 
****************************************
Report : power
        -analysis_effort high
Design : SCC_8LC_encoder
Version: Q-2019.12-SP5-5
Date   : Mon Sep 11 18:04:06 2023
****************************************


Library(s) Used:

    um28nchslogl35hsl140f_ssgwc0p9v125c (File: /media/0/LogicLibraries/UMC/28nm/35hs/hsl/svt/latest/liberty/logic_synth/um28nchslogl35hsl140f_ssgwc0p9v125c.db)


Operating Conditions: SSGWC0P9V125C   Library: um28nchslogl35hsl140f_ssgwc0p9v125c
Wire Load Model Mode: enclosed

Design        Wire Load Model            Library
------------------------------------------------
SCC_8LC_encoder        ZeroWLM           um28nchslogl35hsl140f_ssgwc0p9v125c


Global Operating Voltage = 0.9  
Power-specific unit information :
    Voltage Units = 1V
    Capacitance Units = 1.000000pf
    Time Units = 1ns
    Dynamic Power Units = 1mW    (derived from V,C,T units)
    Leakage Power Units = 1nW


  Cell Internal Power  = 144.8619 uW   (82%)
  Net Switching Power  =  31.0280 uW   (18%)
                         ---------
Total Dynamic Power    = 175.8899 uW  (100%)

Cell Leakage Power     =   2.6713 uW

Information: report_power power group summary does not include estimated clock tree power. (PWR-789)

                 Internal         Switching           Leakage            Total
Power Group      Power            Power               Power              Power   (   %    )  Attrs
--------------------------------------------------------------------------------------------------
io_pad             0.0000            0.0000            0.0000            0.0000  (   0.00%)
memory             0.0000            0.0000            0.0000            0.0000  (   0.00%)
black_box          0.0000            0.0000            0.0000            0.0000  (   0.00%)
clock_network      0.0000            0.0000            0.0000            0.0000  (   0.00%)
register           0.0000            0.0000            0.0000            0.0000  (   0.00%)
sequential         0.0000            0.0000            0.0000            0.0000  (   0.00%)
combinational      0.1449        3.1028e-02        2.6713e+03            0.1786  ( 100.00%)
--------------------------------------------------------------------------------------------------
Total              0.1449 mW     3.1028e-02 mW     2.6713e+03 nW         0.1786 mW
1
