
                           Design Compiler Graphical 
                                 DC Ultra (TM)
                                  DFTMAX (TM)
                              Power Compiler (TM)
                                 DesignWare (R)
                                 DC Expert (TM)
                               Design Vision (TM)
                               HDL Compiler (TM)
                               VHDL Compiler (TM)
                                  DFT Compiler
                               Design Compiler(R)

              Version Q-2019.12-SP5-5 for linux64 - Mar 21, 2021 

                    Copyright (c) 1988 - 2021 Synopsys, Inc.
   This software and the associated documentation are proprietary to Synopsys,
 Inc. This software may only be used in accordance with the terms and conditions
 of a written license agreement with Synopsys, Inc. All other use, reproduction,
            or distribution of this software is strictly prohibited.
Initializing...
# ---------------------------------------
# DESIGN PROFILE
# ---------------------------------------
set topmodule_name      IP_DAEC_8LC_encoder
IP_DAEC_8LC_encoder
set clk_port_name       clk
clk
set clk_freq            1000
1000
# ---------------------------------------
# Read Libraries
# ---------------------------------------
#set LIBLIST_PATH        $env(LIBLIST_PATH)
#source $LIBLIST_PATH
set link_library [list   /media/0/LogicLibraries/UMC/28nm/35hs/hsl/svt/latest/liberty/logic_synth/um28nchslogl35hsl140f_ssgwc0p9v125c.db ]
/media/0/LogicLibraries/UMC/28nm/35hs/hsl/svt/latest/liberty/logic_synth/um28nchslogl35hsl140f_ssgwc0p9v125c.db
set target_library [list /media/0/LogicLibraries/UMC/28nm/35hs/hsl/svt/latest/liberty/logic_synth/um28nchslogl35hsl140f_ssgwc0p9v125c.db ]
/media/0/LogicLibraries/UMC/28nm/35hs/hsl/svt/latest/liberty/logic_synth/um28nchslogl35hsl140f_ssgwc0p9v125c.db
# ---------------------------------------
# Read Source Codes
# ---------------------------------------
set RTL_PATH            $env(RTL_PATH)
/home/xyz123479/verilog/DATE24_SC_ECC/2_Hardware_overheads/IP-DAEC/Encoder/syn/..//rtl/
read_file $RTL_PATH -autoread -recursive -format sverilog -top $topmodule_name
== READ_FILE autoread for top design 'IP_DAEC_8LC_encoder' ==

Starting READ_FILE autoread mode...
Information: Adding '/home/xyz123479/verilog/DATE24_SC_ECC/2_Hardware_overheads/IP-DAEC/Encoder/rtl/'.  (AUTOREAD-100)
Warning: Adding missing directory to search_path - '/home/xyz123479/verilog/DATE24_SC_ECC/2_Hardware_overheads/IP-DAEC/Encoder/rtl/'. (AUTOREAD-105)
Information: Adding '/home/xyz123479/verilog/DATE24_SC_ECC/2_Hardware_overheads/IP-DAEC/Encoder/rtl/IP_DAEC_8LC_encoder.sv'.  (AUTOREAD-100)
Information: Source filelist.f ignored by autoread due to filtering.  (AUTOREAD-102)
Information: Scanning file { IP_DAEC_8LC_encoder.sv }. (AUTOREAD-303)
Compiling source file /home/xyz123479/verilog/DATE24_SC_ECC/2_Hardware_overheads/IP-DAEC/Encoder/rtl/IP_DAEC_8LC_encoder.sv
Presto compilation completed successfully.
Elaborating top design IP_DAEC_8LC_encoder
Loading db file '/media/0/LogicLibraries/UMC/28nm/35hs/hsl/svt/latest/liberty/logic_synth/um28nchslogl35hsl140f_ssgwc0p9v125c.db'
Loading db file '/usr/synopsys/syn/Q-2019.12-SP5-5/libraries/syn/gtech.db'
Loading db file '/usr/synopsys/syn/Q-2019.12-SP5-5/libraries/syn/standard.sldb'
  Loading link library 'um28nchslogl35hsl140f_ssgwc0p9v125c'
  Loading link library 'gtech'
Running PRESTO HDLC
Presto compilation completed successfully. (IP_DAEC_8LC_encoder)
Elaborated 1 design.
Current design is now 'IP_DAEC_8LC_encoder'.
Autoread command completed successfully.
# ---------------------------------------
# 1. Environments Setting
# ---------------------------------------
link

  Linking design 'IP_DAEC_8LC_encoder'
  Using the following designs and libraries:
  --------------------------------------------------------------------------
  um28nchslogl35hsl140f_ssgwc0p9v125c (library) /media/0/LogicLibraries/UMC/28nm/35hs/hsl/svt/latest/liberty/logic_synth/um28nchslogl35hsl140f_ssgwc0p9v125c.db

1
uniquify
1
# ---------------------------------------
# 2. Constraints Setting
# ---------------------------------------
# Clock
# Reduce clock period to model wire delay (60% of original period)
set delay_percentage 0.6
0.6
set clk_period [expr 1000 / double($clk_freq)]
1.0
set clk_period [expr $clk_period * $delay_percentage]
0.6
if {[sizeof_collection [get_ports $clk_port_name]] > 0} {
  # Create real clock if clock port is found
  set clk_name $clk_port_name
  create_clock -period $clk_period -name $clk_name [get_port {clk}]
  # If real clock, set infinite drive strength
  set_drive 0 $clk_name
} elseif {[sizeof_collection [get_ports $clk_port_name]] == 0} {
  # Create virtual clock if clock port is not found
  set clk_name vclk
  create_clock -period $clk_period -name $clk_name
}
Warning: Can't find port 'clk' in design 'IP_DAEC_8LC_encoder'. (UID-95)
Warning: Can't find port 'clk' in design 'IP_DAEC_8LC_encoder'. (UID-95)
Warning: Creating virtual clock named 'vclk' with no sources. (UID-348)
1
# Apply default timing constraints for modules
set_input_delay  [expr 2/3 * $clk_period] [all_inputs] -clock $clk_name
1
set_output_delay [expr 2/3 * $clk_period] [all_outputs] -clock $clk_name
1
# Transition time of a slope that drives the port,
# such that a higher transition value means longer delays
# This prevents the hold time violations that we don't have to care about
set_input_transition 0.1 [all_inputs]
1
# Area
# If max_area is set 0, DesignCompiler will minimize the design as small as possible
set_max_area 0 
1
# ---------------------------------------
# 3. Compilation
# ---------------------------------------
compile_ultra
Loading db file '/usr/synopsys/syn/Q-2019.12-SP5-5/libraries/syn/dw_foundation.sldb'
Warning: DesignWare synthetic library dw_foundation.sldb is added to the synthetic_library in the current command. (UISN-40)
Information: Performing power optimization. (PWR-850)
Analyzing: "/media/0/LogicLibraries/UMC/28nm/35hs/hsl/svt/latest/liberty/logic_synth/um28nchslogl35hsl140f_ssgwc0p9v125c.db"
Library analysis succeeded.
Information: Evaluating DesignWare library utilization. (UISN-27)

============================================================================
| DesignWare Building Block Library  |         Version         | Available |
============================================================================
| Basic DW Building Blocks           | Q-2019.12-DWBB_201912.5 |     *     |
| Licensed DW Building Blocks        | Q-2019.12-DWBB_201912.5 |     *     |
============================================================================

Information: Sequential output inversion is enabled.  SVF file must be used for formal verification. (OPT-1208)

Information: There are 64 potential problems in your design. Please run 'check_design' for more information. (LINT-99)

  Simplifying Design 'IP_DAEC_8LC_encoder'

Loaded alib file './alib-52/um28nchslogl35hsl140f_ssgwc0p9v125c.db.alib'
  Building model 'DW01_NAND2'
Information: Ungrouping 0 of 1 hierarchies before Pass 1 (OPT-775)
Information: State dependent leakage is now switched from on to off.

  Beginning Pass 1 Mapping
  ------------------------
  Processing 'IP_DAEC_8LC_encoder'

  Updating timing information
Information: Updating design information... (UID-85)
Information: The library cell 'STP_TIE1_1' in the library 'um28nchslogl35hsl140f_ssgwc0p9v125c' is not characterized for internal power. (PWR-536)
Information: The library cell 'STP_TIE0_1' in the library 'um28nchslogl35hsl140f_ssgwc0p9v125c' is not characterized for internal power. (PWR-536)
Information: The target library(s) contains cell(s), other than black boxes, that are not characterized for internal power. (PWR-24)

Threshold voltage group cell usage:
>> SVT35 100.00%

  Beginning Mapping Optimizations  (Ultra High effort)
  -------------------------------
Information: There is no timing violation in design IP_DAEC_8LC_encoder. Delay-based auto_ungroup will not be performed. (OPT-780)

                                  TOTAL                                                
   ELAPSED            WORST NEG   SETUP    DESIGN                              LEAKAGE 
    TIME      AREA      SLACK     COST    RULE COST         ENDPOINT            POWER  
  --------- --------- --------- --------- --------- ------------------------- ---------
    0:00:09      86.7      0.00       0.0       0.0                           1854.3911
    0:00:09      86.7      0.00       0.0       0.0                           1854.3911

Threshold voltage group cell usage:
>> SVT35 100.00%

  Beginning Constant Register Removal
  -----------------------------------
    0:00:09      86.7      0.00       0.0       0.0                           1854.3911
    0:00:09      86.7      0.00       0.0       0.0                           1854.3911

Threshold voltage group cell usage:
>> SVT35 100.00%

  Beginning Global Optimizations
  ------------------------------
  Numerical Synthesis (Phase 1)
  Numerical Synthesis (Phase 2)
  Global Optimization (Phase 1)
  Global Optimization (Phase 2)
  Global Optimization (Phase 3)
  Global Optimization (Phase 4)
  Global Optimization (Phase 5)
  Global Optimization (Phase 6)
  Global Optimization (Phase 7)
  Global Optimization (Phase 8)
  Global Optimization (Phase 9)
  Global Optimization (Phase 10)
  Global Optimization (Phase 11)
  Global Optimization (Phase 12)
  Global Optimization (Phase 13)
  Global Optimization (Phase 14)
  Global Optimization (Phase 15)
  Global Optimization (Phase 16)
  Global Optimization (Phase 17)
  Global Optimization (Phase 18)
  Global Optimization (Phase 19)
  Global Optimization (Phase 20)
  Global Optimization (Phase 21)
  Global Optimization (Phase 22)
  Global Optimization (Phase 23)
  Global Optimization (Phase 24)
  Global Optimization (Phase 25)
  Global Optimization (Phase 26)
  Global Optimization (Phase 27)
  Global Optimization (Phase 28)

Threshold voltage group cell usage:
>> SVT35 100.00%

  Beginning Isolate Ports
  -----------------------

Threshold voltage group cell usage:
>> SVT35 100.00%

  Beginning Delay Optimization
  ----------------------------
    0:00:10      86.7      0.00       0.0       0.0                           1856.2977
    0:00:10      86.7      0.00       0.0       0.0                           1856.2977
    0:00:10      86.7      0.00       0.0       0.0                           1856.2977
    0:00:11      86.7      0.00       0.0       0.0                           1856.2977

Threshold voltage group cell usage:
>> SVT35 100.00%
    0:00:11      86.7      0.00       0.0       0.0                           1856.2977
    0:00:11      86.7      0.00       0.0       0.0                           1856.2977

  Beginning WLM Backend Optimization
  --------------------------------------
    0:00:11      86.7      0.00       0.0       0.0                           1856.2977
    0:00:11      86.7      0.00       0.0       0.0                           1856.2977
    0:00:11      86.7      0.00       0.0       0.0                           1856.2977
    0:00:11      86.7      0.00       0.0       0.0                           1856.2977
    0:00:11      86.7      0.00       0.0       0.0                           1856.2977
    0:00:11      86.7      0.00       0.0       0.0                           1856.2977
    0:00:11      86.7      0.00       0.0       0.0                           1856.2977
    0:00:11      86.7      0.00       0.0       0.0                           1856.2977
    0:00:11      86.7      0.00       0.0       0.0                           1856.2977
    0:00:11      86.7      0.00       0.0       0.0                           1856.2977
    0:00:11      86.7      0.00       0.0       0.0                           1856.2977
    0:00:11      86.7      0.00       0.0       0.0                           1856.2977
    0:00:11      86.7      0.00       0.0       0.0                           1856.2977
    0:00:11      86.7      0.00       0.0       0.0                           1856.2977
    0:00:11      86.7      0.00       0.0       0.0                           1856.2977
    0:00:11      86.7      0.00       0.0       0.0                           1856.2977
    0:00:11      86.7      0.00       0.0       0.0                           1856.2977
    0:00:11      86.7      0.00       0.0       0.0                           1856.2977
    0:00:11      86.7      0.00       0.0       0.0                           1856.2977
    0:00:11      86.7      0.00       0.0       0.0                           1856.2977
    0:00:11      86.7      0.00       0.0       0.0                           1856.2977
    0:00:11      86.7      0.00       0.0       0.0                           1856.2977


  Beginning Design Rule Fixing  (min_capacitance)
  ----------------------------

                                  TOTAL                                                
   ELAPSED            WORST NEG   SETUP    DESIGN                              LEAKAGE 
    TIME      AREA      SLACK     COST    RULE COST         ENDPOINT            POWER  
  --------- --------- --------- --------- --------- ------------------------- ---------
    0:00:11      86.7      0.00       0.0       0.0                           1856.2977
  Global Optimization (Phase 29)
  Global Optimization (Phase 30)
  Global Optimization (Phase 31)
    0:00:11      86.7      0.00       0.0       0.0                           1856.2977
    0:00:11      86.7      0.00       0.0       0.0                           1856.2977

Threshold voltage group cell usage:
>> SVT35 100.00%


  Beginning Leakage Power Optimization  (max_leakage_power 0)
  ------------------------------------

                                  TOTAL                                                
   ELAPSED            WORST NEG   SETUP    DESIGN                              LEAKAGE 
    TIME      AREA      SLACK     COST    RULE COST         ENDPOINT            POWER  
  --------- --------- --------- --------- --------- ------------------------- ---------
    0:00:11      86.7      0.00       0.0       0.0                           1856.2977
  Global Optimization (Phase 32)
  Global Optimization (Phase 33)
  Global Optimization (Phase 34)
  Global Optimization (Phase 35)
  Global Optimization (Phase 36)
  Global Optimization (Phase 37)
  Global Optimization (Phase 38)
  Global Optimization (Phase 39)
  Global Optimization (Phase 40)
  Global Optimization (Phase 41)
  Global Optimization (Phase 42)
    0:00:11      86.7      0.00       0.0       0.0                           1854.3911
    0:00:11      86.7      0.00       0.0       0.0                           1854.3911
    0:00:11      86.7      0.00       0.0       0.0                           1854.3911
    0:00:12      86.7      0.00       0.0       0.0                           1854.3911
    0:00:12      86.7      0.00       0.0       0.0                           1854.3911
    0:00:12      86.7      0.00       0.0       0.0                           1854.3911
    0:00:12      86.7      0.00       0.0       0.0                           1854.3911
    0:00:12      86.7      0.00       0.0       0.0                           1854.3911
    0:00:12      86.7      0.00       0.0       0.0                           1854.3911
    0:00:12      86.7      0.00       0.0       0.0                           1854.3911
    0:00:12      86.7      0.00       0.0       0.0                           1854.3911
    0:00:12      86.7      0.00       0.0       0.0                           1854.3911
    0:00:12      86.7      0.00       0.0       0.0                           1854.3911
    0:00:12      86.7      0.00       0.0       0.0                           1854.3911
    0:00:12      86.7      0.00       0.0       0.0                           1854.3911
    0:00:12      86.7      0.00       0.0       0.0                           1854.3911
    0:00:12      86.7      0.00       0.0       0.0                           1854.3911
    0:00:12      86.7      0.00       0.0       0.0                           1854.3911
    0:00:12      86.7      0.00       0.0       0.0                           1854.3911
    0:00:12      86.7      0.00       0.0       0.0                           1854.3911
    0:00:12      86.7      0.00       0.0       0.0                           1854.3911
    0:00:12      86.7      0.00       0.0       0.0                           1854.3911

                                  TOTAL                                                
   ELAPSED            WORST NEG   SETUP    DESIGN                              LEAKAGE 
    TIME      AREA      SLACK     COST    RULE COST         ENDPOINT            POWER  
  --------- --------- --------- --------- --------- ------------------------- ---------
    0:00:12      86.7      0.00       0.0       0.0                           1854.3911
    0:00:12      86.7      0.00       0.0       0.0                           1854.3911
    0:00:12      86.7      0.00       0.0       0.0                           1854.3911
    0:00:12      86.7      0.00       0.0       0.0                           1854.3911
    0:00:12      86.7      0.00       0.0       0.0                           1854.3911
    0:00:12      86.7      0.00       0.0       0.0                           1854.3911
    0:00:12      86.7      0.00       0.0       0.0                           1854.3911
    0:00:12      86.7      0.00       0.0       0.0                           1854.3911
    0:00:12      86.7      0.00       0.0       0.0                           1854.3911
    0:00:12      86.7      0.00       0.0       0.0                           1854.3911
    0:00:12      86.7      0.00       0.0       0.0                           1854.3911
Loading db file '/media/0/LogicLibraries/UMC/28nm/35hs/hsl/svt/latest/liberty/logic_synth/um28nchslogl35hsl140f_ssgwc0p9v125c.db'


Note: Symbol # after min delay cost means estimated hold TNS across all active scenarios 


  Optimization Complete
  ---------------------
Information: State dependent leakage is now switched from off to on.
Information: Propagating switching activity (low effort zero delay simulation). (PWR-6)
1
# ---------------------------------------
# 4. Design Reports
# ---------------------------------------
check_design  > $topmodule_name.check_design.rpt
report_constraint -all_violators -verbose -sig 10 > $topmodule_name.all_viol.rpt
report_design > $topmodule_name.design.rpt
report_area -physical -hierarchy > $topmodule_name.area.rpt
report_cell > $topmodule_name.cell.rpt
report_qor > $topmodule_name.qor.rpt
report_reference > $topmodule_name.reference.rpt
report_resources > $topmodule_name.resources.rpt
report_hierarchy -full > $topmodule_name.hierarchy.rpt
report_timing -nworst 10 -max_paths 10 > $topmodule_name.timing.rpt
report_power -analysis_effort high > $topmodule_name.power.rpt
report_threshold_voltage_group > $topmodule_name.vth.rpt
# Dump out the constraints in an SDC file
write_sdc $topmodule_name.constraints.sdc
1
# Dump out the synthesized database and gate-level-netlist
write -hierarchy -format ddc -output      $topmodule_name.ddc
Writing ddc file 'IP_DAEC_8LC_encoder.ddc'.
1
write -hierarchy -format verilog -output  $topmodule_name.netlist.v
Writing verilog file '/home/xyz123479/verilog/DATE24_SC_ECC/2_Hardware_overheads/IP-DAEC/Encoder/syn/output/IP_DAEC_8LC_encoder.netlist.v'.
Warning: Verilog 'assign' or 'tran' statements are written out. (VO-4)
1
exit

Memory usage for this session 645 Mbytes.
Memory usage for this session including child processes 645 Mbytes.
CPU usage for this session 115 seconds ( 0.03 hours ).
Elapsed time for this session 117 seconds ( 0.03 hours ).

Thank you...
