Information: Updating design information... (UID-85)
 
****************************************
Report : constraint
        -all_violators
        -verbose
Design : IP_DAEC_8LC_encoder
Version: Q-2019.12-SP5-5
Date   : Mon Sep 11 18:01:55 2023
****************************************


    Net: IP

    Capacitance        0.0000000000
  - min_capacitance    0.0000775500
  ------------------------------
    Slack              -0.0000775500  (VIOLATED)


    Net: codeword[0]

    Capacitance        0.0000000000
  - min_capacitance    0.0000775500
  ------------------------------
    Slack              -0.0000775500  (VIOLATED)


    Net: codeword[1]

    Capacitance        0.0000000000
  - min_capacitance    0.0000775500
  ------------------------------
    Slack              -0.0000775500  (VIOLATED)


    Net: codeword[2]

    Capacitance        0.0000000000
  - min_capacitance    0.0000775500
  ------------------------------
    Slack              -0.0000775500  (VIOLATED)


    Net: codeword[3]

    Capacitance        0.0000000000
  - min_capacitance    0.0000775500
  ------------------------------
    Slack              -0.0000775500  (VIOLATED)


    Net: codeword[4]

    Capacitance        0.0000000000
  - min_capacitance    0.0000775500
  ------------------------------
    Slack              -0.0000775500  (VIOLATED)


    Net: codeword[5]

    Capacitance        0.0000000000
  - min_capacitance    0.0000775500
  ------------------------------
    Slack              -0.0000775500  (VIOLATED)


    Net: codeword[6]

    Capacitance        0.0000000000
  - min_capacitance    0.0000775500
  ------------------------------
    Slack              -0.0000775500  (VIOLATED)


    Design: IP_DAEC_8LC_encoder

    max_area           0.0000000000
  - Current Area       77.4479980469
  ------------------------------
    Slack              -77.4479980469  (VIOLATED)


    Design: IP_DAEC_8LC_encoder

    max_leakage_power      0.0000000000
  - Current Leakage Power  1932.3321533203
  ----------------------------------
    Slack                  -1932.3321533203  (VIOLATED)


1
