 
****************************************
Report : reference
Design : IP_DAEC_8LC_encoder
Version: Q-2019.12-SP5-5
Date   : Wed Sep 13 22:51:54 2023
****************************************

Attributes:
    b - black box (unknown)
   bo - allows boundary optimization
    d - dont_touch
   mo - map_only
    h - hierarchical
    n - noncombinational
    r - removable
    s - synthetic operator
    u - contains unmapped logic

Reference          Library       Unit Area   Count    Total Area   Attributes
-----------------------------------------------------------------------------
STP_ADDH_0P5       um28nchslogl35hsl140f_ssgwc0p9v125c
                                  1.176000       1      1.176000  r
STP_AO2BB2_0P5     um28nchslogl35hsl140f_ssgwc0p9v125c
                                  1.008000      17     17.136000  
STP_AOI22_0P5      um28nchslogl35hsl140f_ssgwc0p9v125c
                                  0.840000       1      0.840000  
STP_EO3_0P5        um28nchslogl35hsl140f_ssgwc0p9v125c
                                  1.512000      44     66.527998  
STP_INV_S_0P65     um28nchslogl35hsl140f_ssgwc0p9v125c
                                  0.336000       3      1.008000  
-----------------------------------------------------------------------------
Total 5 references                                     86.687999
1
