 
****************************************
Report : qor
Design : IP_DAEC_8LC_encoder
Version: Q-2019.12-SP5-5
Date   : Mon Sep 11 18:01:55 2023
****************************************


  Timing Path Group 'vclk'
  -----------------------------------
  Levels of Logic:               6.00
  Critical Path Length:          0.49
  Critical Path Slack:           0.11
  Critical Path Clk Period:      0.60
  Total Negative Slack:          0.00
  No. of Violating Paths:        0.00
  Worst Hold Violation:          0.00
  Total Hold Violation:          0.00
  No. of Hold Violations:        0.00
  -----------------------------------


  Cell Count
  -----------------------------------
  Hierarchical Cell Count:          0
  Hierarchical Port Count:          0
  Leaf Cell Count:                 61
  Buf/Inv Cell Count:               1
  Buf Cell Count:                   0
  Inv Cell Count:                   1
  CT Buf/Inv Cell Count:            0
  Combinational Cell Count:        61
  Sequential Cell Count:            0
  Macro Count:                      0
  -----------------------------------


  Area
  -----------------------------------
  Combinational Area:       77.447999
  Noncombinational Area:     0.000000
  Buf/Inv Area:              0.336000
  Total Buffer Area:             0.00
  Total Inverter Area:           0.34
  Macro/Black Box Area:      0.000000
  Net Area:                  0.000000
  -----------------------------------
  Cell Area:                77.447999
  Design Area:              77.447999


  Design Rules
  -----------------------------------
  Total Number of Nets:           125
  Nets With Violations:             0
  Max Trans Violations:             0
  Max Cap Violations:               0
  -----------------------------------


  Hostname: SALserver01

  Compile CPU Statistics
  -----------------------------------------
  Resource Sharing:                    0.00
  Logic Optimization:                  0.24
  Mapping Optimization:                1.91
  -----------------------------------------
  Overall Compile Time:               19.69
  Overall Compile Wall Clock Time:    20.43

  --------------------------------------------------------------------

  Design  WNS: 0.00  TNS: 0.00  Number of Violating Paths: 0


  Design (Hold)  WNS: 0.00  TNS: 0.00  Number of Violating Paths: 0

  --------------------------------------------------------------------


1
