 
****************************************
Report : qor
Design : AMDCHIPKILL_ENCODER
Version: Q-2019.12-SP5-5
Date   : Mon Sep 11 13:26:56 2023
****************************************


  Timing Path Group 'vclk'
  -----------------------------------
  Levels of Logic:               4.00
  Critical Path Length:          0.16
  Critical Path Slack:          -0.04
  Critical Path Clk Period:      0.12
  Total Negative Slack:         -0.30
  No. of Violating Paths:        8.00
  Worst Hold Violation:          0.00
  Total Hold Violation:          0.00
  No. of Hold Violations:        0.00
  -----------------------------------


  Cell Count
  -----------------------------------
  Hierarchical Cell Count:          0
  Hierarchical Port Count:          0
  Leaf Cell Count:                 96
  Buf/Inv Cell Count:               8
  Buf Cell Count:                   0
  Inv Cell Count:                   8
  CT Buf/Inv Cell Count:            0
  Combinational Cell Count:        96
  Sequential Cell Count:            0
  Macro Count:                      0
  -----------------------------------


  Area
  -----------------------------------
  Combinational Area:      256.871999
  Noncombinational Area:     0.000000
  Buf/Inv Area:              8.064000
  Total Buffer Area:             0.00
  Total Inverter Area:           8.06
  Macro/Black Box Area:      0.000000
  Net Area:                  0.000000
  -----------------------------------
  Cell Area:               256.871999
  Design Area:             256.871999


  Design Rules
  -----------------------------------
  Total Number of Nets:           160
  Nets With Violations:             0
  Max Trans Violations:             0
  Max Cap Violations:               0
  -----------------------------------


  Hostname: SALserver01

  Compile CPU Statistics
  -----------------------------------------
  Resource Sharing:                    0.01
  Logic Optimization:                  0.58
  Mapping Optimization:                4.16
  -----------------------------------------
  Overall Compile Time:               22.39
  Overall Compile Wall Clock Time:    22.77

  --------------------------------------------------------------------

  Design  WNS: 0.04  TNS: 0.30  Number of Violating Paths: 8


  Design (Hold)  WNS: 0.00  TNS: 0.00  Number of Violating Paths: 0

  --------------------------------------------------------------------


1
